=~=~=~=~=~=~=~=~=~=~=~= PuTTY log 2025.05.22 12:41:16 =~=~=~=~=~=~=~=~=~=~=~=
(55.48) RX0 1B00007B [8] 7B 40 01 00 00 00 00 00
(55.49) RX0 12DD550B [8] C3 01 00 00 00 00 00 C0
(55.49) RX0 191 [8] 55 E1 FF FE EF 7F FF 03
(55.49) RX0 1A1 [8] 00 E0 7F FF FB FF FF FF
(55.49) RX0 2AF [8] 00 00 00 00 00 00 00 00
(55.50) RX0 39D [8] FF E3 BF FF FD FF FF FF
(55.50) RX0 457 [8] 48 01 00 D8 FF FD DF FF
(55.50) RX0 12DD5556 [8] 00 00 00 00 00 00 FC FF
(55.51) RX0 509 [8] FE 7F FF BF BF FF FB FD
(55.51) RX0 59E [8] 33 F0 FE FE 00 3E FE FE
(55.51) RX0 5A2 [8] 15 01 FE FF 03 00 C0 FF
(55.53) RX0 16A954A6 [8] 00 00 00 FE FE FE EF FF
(55.53) RX0 16A955EB [8] 00 00 00 FF FF F7 FF FF
(55.53) RX0 17F0007B [8] 20 7B 00 00 00 00 00 00
(55.54) RX0 1A555535 [8] FF FF FF FF FF FF FF FF
(55.54) RX0 191 [8] 13 F3 7F FF FF 7F FF 03
(55.54) RX0 5A2 [8] 95 02 EA FF 03 00 C0 FF
(55.55) RX0 191 [8] E9 F4 7F FF FF 7F FF 03
(55.55) RX0 191 [8] 5D F5 7F FF FF 7F FF 03
(55.55) RX0 191 [8] 5A F6 7F FF FF 7F FF 03
(55.56) RX0 2AF [8] 00 00 00 00 00 00 00 00
(55.56) RX0 5CA [8] 6B E1 7F 87 FE 87 FF 03
(55.56) RX0 191 [8] 72 F7 7F FF FF 7F FF 03
(55.57) RX0 191 [8] 53 F8 7F FF FF 7F FF 03
(55.57) RX0 578 [8] 7B 81 FF FE 01 00 00 00
(55.57) RX0 191 [8] 78 F9 7F FF FF 7F FF 03
(55.58) RX0 191 [8] CC FA 7F FF FF 7F FF 03
(55.58) RX0 12DD550B [8] 20 02 00 00 00 00 00 C0
(55.59) RX0 191 [8] DE FB 7F FF FF 7F FF 03
(55.60) RX0 1A1 [8] 00 E0 7F 00 F8 FF FF FF
(55.60) RX0 2AF [8] 00 00 00 00 00 00 00 00
(55.60) RX0 39D [8] 00 E0 BF FF FD FF FF FF
(55.61) RX0 12DD5556 [8] 00 00 00 00 00 00 FC FF
(55.61) RX0 509 [8] FE 7F FF BF BF FF 03 00
(55.61) RX0 1A555637 [8] 00 E0 BF FF 00 00 F8 FF
(55.62) RX0 457 [8] 8B 02 00 D8 FF FD FF FF
(55.62) RX0 191 [8] 24 FC 7F FF FF 7F FF 03
(55.63) RX0 1A555552 [8] 00 00 00 00 00 00 00 00
(55.63) RX0 191 [8] 96 FD 7F FF FF 7F 41 00
(55.63) RX0 191 [8] 81 FE 7F FF FF 7F 41 00
(55.64) RX0 191 [8] 0B FF 7F 5B FB 7F 41 00
(55.64) RX0 191 [8] D5 F0 7F 5B 0B 00 41 00
(55.64) RX0 2AF [8] 00 00 00 00 00 00 00 00
(55.65) RX0 191 [8] FB F1 7F 5B 0B 00 41 00
(55.65) RX0 191 [8] E8 F2 7F 5B 0B 00 41 00
(55.66) RX0 191 [8] A0 F3 7F 5B 0B 00 41 00
(55.67) RX0 191 [8] 5A F4 7F 5B 0B 00 41 00
(55.68) RX0 1B00007B [8] 7B 40 01 04 00 00 00 00
(55.68) RX0 191 [8] EE F5 7F 5B 0B 00 41 00
(55.69) RX0 1A1 [8] 00 00 00 00 AC B8 A2 98
(55.69) RX0 2AF [8] 00 00 00 00 00 00 00 00
(55.69) RX0 39D [8] 87 22 34 00 00 20 A6 98
(55.70) RX0 12DD5556 [8] 00 00 00 00 00 00 FC FF
(55.70) RX0 509 [8] FE 7F FF 7F 80 FF 03 00
(55.70) RX0 1A555637 [8] 00 E0 BF FF 00 00 F8 FF
(55.71) RX0 12DD550B [8] 5E 03 00 00 00 00 00 C0
(55.71) RX0 457 [8] 01 03 00 D8 FF FD 1F 00
(55.71) RX0 191 [8] E9 F6 7F 5B 0B 00 41 00
(55.72) RX0 191 [8] C1 F7 7F 5B 0B 00 41 00
(55.72) RX0 191 [8] E0 F8 7F 5B 0B 00 41 00
(55.72) RX0 191 [8] CB F9 7F 5B 0B 00 41 00
(55.73) RX0 191 [8] 7F FA 7F 5B 0B 00 41 00
(55.74) RX0 2AF [8] 00 00 00 00 00 00 00 00
(55.74) RX0 191 [8] 6D FB 7F 5B 0B 00 41 00
(55.75) RX0 191 [8] 97 FC 7F 5B 0B 00 41 00
(55.76) RX0 191 [8] A7 FD 7F 5B 0B 00 41 00
(55.77) RX0 191 [8] B0 FE 7F 5B 0B 00 41 00
(55.78) RX0 191 [8] 5C FF 7F 5B 0B 00 41 00
(55.78) RX0 1A1 [8] 00 00 00 00 AC 98 A8 B5
(55.79) RX0 2AF [8] 00 00 00 00 00 00 00 00
(55.79) RX0 39D [8] 87 22 34 00 00 90 68 A2
(55.80) RX0 12DD5556 [8] 00 00 00 00 00 00 FC FF
(55.80) RX0 509 [8] FE 7F FF 7F 80 FF 03 00
(55.80) RX0 1A555637 [8] 00 E0 BF FF 00 00 F8 FF
(55.81) RX0 12DD550B [8] F8 04 00 00 00 00 00 C0
(55.81) RX0 457 [8] F4 04 00 D8 FF FD 1F 00
(55.81) RX0 191 [8] D5 F0 7F 5B 0B 00 41 00
(55.82) RX0 191 [8] FB F1 7F 5B 0B 00 41 00
(55.82) RX0 191 [8] E8 F2 7F 5B 0B 00 41 00
(55.82) RX0 191 [8] A0 F3 7F 5B 0B 00 41 00
(55.83) RX0 191 [8] 5A F4 7F 5B 0B 00 41 00
(55.84) RX0 2AF [8] 00 00 00 00 00 00 00 00
(55.84) RX0 191 [8] EE F5 7F 5B 0B 00 41 00
(55.85) RX0 191 [8] E9 F6 7F 5B 0B 00 41 00
(55.86) RX0 191 [8] C1 F7 7F 5B 0B 00 41 00
(55.87) RX0 191 [8] E0 F8 7F 5B 0B 00 41 00
(55.88) RX0 1B00007B [8] 7B 40 01 04 00 00 00 00
(55.88) RX0 191 [8] CB F9 7F 5B 0B 00 41 00
(55.89) RX0 1A1 [8] 00 00 00 00 AC 98 A8 B5
(55.89) RX0 2AF [8] 00 00 00 00 00 00 00 00
(55.89) RX0 39D [8] 87 22 34 00 00 90 68 A2
(55.90) RX0 12DD5556 [8] 00 00 00 00 00 00 FC FF
(55.90) RX0 509 [8] FE 7F FF 7F 80 FF 03 00
(55.90) RX0 1A555637 [8] 00 E0 BF FF 00 00 F8 FF
(55.91) RX0 12DD550B [8] 65 05 00 00 00 00 00 C0
(55.91) RX0 457 [8] 68 05 00 D8 FF FD 1F 00
(55.91) RX0 191 [8] 7F FA 7F 5B 0B 00 41 00
(55.92) RX0 191 [8] 6D FB 7F 5B 0B 00 41 00
(55.92) RX0 191 [8] 97 FC 7F 5B 0B 00 41 00
(55.92) RX0 191 [8] A7 FD 7F 5B 0B 00 41 00
(55.93) RX0 191 [8] B0 FE 7F 5B 0B 00 41 00
(55.94) RX0 2AF [8] 00 00 00 00 00 00 00 00
(55.94) RX0 191 [8] 5C FF 7F 5B 0B 00 41 00
(55.95) RX0 191 [8] D5 F0 7F 5B 0B 00 41 00
(55.96) RX0 191 [8] FB F1 7F 5B 0B 00 41 00
(55.97) RX0 191 [8] E8 F2 7F 5B 0B 00 41 00
(55.98) RX0 191 [8] A0 F3 7F 5B 0B 00 41 00
(55.99) RX0 1A1 [8] 00 00 00 00 AC 98 A8 B5
(55.99) RX0 2AF [8] 00 00 00 00 00 00 00 00
(55.99) RX0 39D [8] 87 22 34 00 00 90 68 A2
(56.00) RX0 12DD5556 [8] 00 00 00 00 00 00 FC FF
(56.00) RX0 509 [8] FE 7F FF 7F 80 FF 03 00
(56.00) RX0 59E [8] 2B F0 FE FF 20 3E FE FF
(56.01) RX0 17F0007B [8] 20 7B 00 00 0F 0E 01 00
(56.01) RX0 1A555544 [8] 00 00 00 00 FE FF FE FF
(56.01) RX0 1A555637 [8] 00 E0 BF FF 00 00 F8 FF
(56.02) RX0 12DD550B [8] ED 06 00 00 00 00 00 00
(56.02) RX0 457 [8] 1C 06 00 D8 FF FD 1F 00
(56.02) RX0 191 [8] 5A F4 7F 5B 0B 00 41 00
(56.03) RX0 191 [8] 47 F5 7F 5B 0B 00 EA 01
(56.03) RX0 5A2 [8] 5E 43 6A 31 01 00 C0 FF
(56.03) RX0 191 [8] 40 F6 7F 5B 0B 00 EA 01
(56.05) RX0 191 [8] 68 F7 7F 5B 0B 00 EA 01
(56.05) RX0 191 [8] 49 F8 7F 5B 0B 00 EA 01
(56.05) RX0 2AF [8] 00 00 00 00 00 00 00 00
(56.06) RX0 5CA [8] 14 E2 7F 97 FE 87 FF 03
(56.06) RX0 191 [8] 62 F9 7F 5B 0B 00 EA 01
(56.06) RX0 191 [8] D6 FA 7F 5B 0B 00 EA 01
(56.07) RX0 191 [8] C4 FB 7F 5B 0B 00 EA 01
(56.07) RX0 191 [8] 3E FC 7F 5B 0B 00 EA 01
(56.08) RX0 1B00007B [8] 7B 40 01 04 00 00 00 00
(56.08) RX0 191 [8] 0E FD 7F 5B 0B 00 EA 01
(56.09) RX0 1A1 [8] 00 00 00 00 AC 98 A8 B5
(56.09) RX0 2AF [8] 00 00 00 00 00 00 00 00
(56.09) RX0 39D [8] D6 22 34 00 00 90 68 A2
(56.10) RX0 12DD5556 [8] 00 00 00 00 00 00 FC FF
(56.10) RX0 509 [8] FE 7F FF BF 97 FF 03 00
(56.10) RX0 1A555637 [8] 00 E0 BF FF 00 00 F8 FF
(56.11) RX0 12DD550B [8] 67 07 00 00 00 00 00 00
(56.11) RX0 457 [8] AC 07 00 D8 FF FD 1F 00
(56.11) RX0 191 [8] 19 FE 7F 5B 0B 00 EA 01
(56.12) RX0 191 [8] F5 FF 7F 5B 0B 00 EA 01
(56.12) RX0 191 [8] 7C F0 7F 5B 0B 00 EA 01
(56.12) RX0 191 [8] 52 F1 7F 5B 0B 00 EA 01
(56.13) RX0 191 [8] 41 F2 7F 5B 0B 00 EA 01
(56.14) RX0 2AF [8] 00 00 00 00 00 00 00 00
(56.14) RX0 191 [8] 09 F3 7F 5B 0B 00 EA 01
(56.15) RX0 191 [8] F3 F4 7F 5B 0B 00 EA 01
(56.16) RX0 191 [8] 47 F5 7F 5B 0B 00 EA 01
(56.17) RX0 191 [8] 40 F6 7F 5B 0B 00 EA 01
(56.18) RX0 191 [8] 68 F7 7F 5B 0B 00 EA 01
(56.19) RX0 1A1 [8] 00 00 00 00 AC 68 AD B5
(56.19) RX0 2AF [8] 00 00 00 00 00 00 00 00
(56.19) RX0 39D [8] D6 22 34 00 00 60 AD B5
(56.20) RX0 12DD5556 [8] 00 00 00 00 00 00 FC FF
(56.20) RX0 509 [8] FE 7F FF BF 97 FF 03 00
(56.20) RX0 1A555637 [8] 00 E0 BF FF 00 00 F8 FF
(56.21) RX0 12DD550B [8] 39 08 00 00 00 00 00 00
(56.21) RX0 457 [8] AB 08 00 D8 FF FD 1F 00
(56.21) RX0 191 [8] 49 F8 7F 5B 0B 00 EA 01
(56.22) RX0 191 [8] 62 F9 7F 5B 0B 00 EA 01
(56.22) RX0 191 [8] D6 FA 7F 5B 0B 00 EA 01
(56.22) RX0 191 [8] C4 FB 7F 5B 0B 00 EA 01
(56.23) RX0 191 [8] 3E FC 7F 5B 0B 00 EA 01
(56.24) RX0 2AF [8] 00 00 00 00 00 00 00 00
(56.24) RX0 191 [8] 0E FD 7F 5B 0B 00 EA 01
(56.25) RX0 191 [8] 19 FE 7F 5B 0B 00 EA 01
(56.26) RX0 191 [8] F5 FF 7F 5B 0B 00 EA 01
(56.27) RX0 191 [8] 7C F0 7F 5B 0B 00 EA 01
(56.28) RX0 1B00007B [8] 7B 40 01 04 00 00 00 00
(56.28) RX0 191 [8] 52 F1 7F 5B 0B 00 EA 01
(56.28) RX0 1A1 [8] 00 00 00 00 AC 68 AD B5
(56.29) RX0 2AF [8] 00 00 00 00 00 00 00 00
(56.29) RX0 39D [8] D6 22 34 00 00 60 AD B5
(56.30) RX0 12DD5556 [8] 00 00 00 00 00 00 FC FF
(56.30) RX0 509 [8] FE 7F FF BF 97 FF 03 00
(56.30) RX0 1A555637 [8] 00 E0 BF FF 00 00 F8 FF
(56.31) RX0 12DD550B [8] B7 09 00 00 00 00 00 00
(56.31) RX0 457 [8] E6 09 00 D8 FF FD 1F 00
(56.31) RX0 191 [8] 41 F2 7F 5B 0B 00 EA 01
(56.32) RX0 191 [8] 09 F3 7F 5B 0B 00 EA 01
(56.32) RX0 191 [8] F3 F4 7F 5B 0B 00 EA 01
(56.32) RX0 191 [8] 47 F5 7F 5B 0B 00 EA 01
(56.33) RX0 191 [8] 40 F6 7F 5B 0B 00 EA 01
(56.34) RX0 2AF [8] 00 00 00 00 00 00 00 00
(56.34) RX0 191 [8] 68 F7 7F 5B 0B 00 EA 01
(56.35) RX0 191 [8] 49 F8 7F 5B 0B 00 EA 01
(56.36) RX0 191 [8] 62 F9 7F 5B 0B 00 EA 01
(56.37) RX0 191 [8] D6 FA 7F 5B 0B 00 EA 01
(56.38) RX0 191 [8] C4 FB 7F 5B 0B 00 EA 01
(56.39) RX0 1A1 [8] 00 00 00 00 AC 68 AD B5
(56.39) RX0 2AF [8] 00 00 00 00 00 00 00 00
(56.39) RX0 39D [8] D6 22 34 00 00 60 AD B5
(56.40) RX0 12DD5556 [8] 00 00 00 00 00 00 FC FF
(56.40) RX0 509 [8] FE 7F FF BF 97 FF 7B C9
(56.40) RX0 1A555637 [8] 00 E0 BF FF 00 00 F8 FF
(56.41) RX0 12DD550B [8] 5F 0A 00 00 00 00 00 00
(56.41) RX0 457 [8] 51 0A 00 D8 FF FD 1F 00
(56.41) RX0 191 [8] 3E FC 7F 5B 0B 00 EA 01
(56.42) RX0 191 [8] 0E FD 7F 5B 0B 00 EA 01
(56.42) RX0 191 [8] 19 FE 7F 5B 0B 00 EA 01
(56.42) RX0 191 [8] F5 FF 7F 5B 0B 00 EA 01
(56.43) RX0 191 [8] 7C F0 7F 5B 0B 00 EA 01
(56.44) RX0 2AF [8] 00 00 00 00 00 00 00 00
(56.44) RX0 191 [8] 52 F1 7F 5B 0B 00 EA 01
(56.45) RX0 191 [8] 41 F2 7F 5B 0B 00 EA 01
(56.46) RX0 191 [8] 09 F3 7F 5B 0B 00 EA 01
(56.47) RX0 191 [8] F3 F4 7F 5B 0B 00 EA 01
(56.48) RX0 1B00007B [8] 7B 40 01 04 00 00 00 00
(56.48) RX0 191 [8] 47 F5 7F 5B 0B 00 EA 01
(56.49) RX0 1A1 [8] 00 00 00 00 AC 68 ED B5
(56.49) RX0 2AF [8] 00 00 00 00 00 00 00 00
(56.49) RX0 39D [8] D6 22 34 00 00 70 ED B5
(56.50) RX0 12DD5556 [8] 00 00 00 00 00 00 FC FF
(56.50) RX0 509 [8] FE 7F FF BF 97 FF 7B C9
(56.50) RX0 59E [8] 2B F0 FE FF 20 3E FE FF
(56.51) RX0 16A955EB [8] 00 00 00 FF FF F7 FF FF
(56.51) RX0 17F0007B [8] 20 7B 00 00 0F 0E 01 00
(56.51) RX0 1A555539 [8] C0 FF FF FF FF FF FF FF
(56.52) RX0 1A555543 [8] 00 00 00 00 00 00 00 00
(56.52) RX0 1A555544 [8] 00 00 00 00 96 00 0D 00
(56.53) RX0 1A555552 [8] 00 00 00 00 00 00 00 00
(56.53) RX0 1A555637 [8] 00 E0 BF FF 00 00 F8 FF
(56.53) RX0 191 [8] 68 F7 7F 5B 0B 00 EA 01
(56.54) RX0 5A2 [8] 1B 44 6A 31 01 00 C0 FF
(56.54) RX0 191 [8] 49 F8 7F 5B 0B 00 EA 01
(56.55) RX0 191 [8] 62 F9 7F 5B 0B 00 EA 01
(56.56) RX0 191 [8] D6 FA 7F 5B 0B 00 EA 01
(56.56) RX0 2AF [8] 00 00 00 00 00 00 00 00
(56.56) RX0 5CA [8] 70 E3 7F 97 FE 87 FF 03
(56.57) RX0 191 [8] C4 FB 7F 5B 0B 00 EA 01
(56.57) RX0 191 [8] 3E FC 7F 5B 0B 00 EA 01
(56.57) RX0 578 [8] D7 82 FF FE 01 00 00 00
(56.58) RX0 191 [8] 0E FD 7F 5B 0B 00 EA 01
(56.58) RX0 191 [8] 19 FE 7F 5B 0B 00 EA 01
(56.58) RX0 191 [8] F5 FF 7F 5B 0B 00 EA 01
(56.59) RX0 1A1 [8] 00 00 00 00 AC 68 ED B5
(56.60) RX0 2AF [8] 00 00 00 00 00 00 00 00
(56.60) RX0 39D [8] D6 22 34 00 00 70 ED B5
(56.60) RX0 12DD5556 [8] 00 00 00 00 00 00 FC FF
(56.61) RX0 509 [8] FE 7F FF BF 97 FF 7B C9
(56.61) RX0 1A555637 [8] 00 E0 BF FF 00 00 F8 FF
(56.61) RX0 457 [8] D9 0C 00 D8 FF FD 1F 00
(56.62) RX0 12DD550B [8] 44 0C 00 00 00 00 00 00
(56.62) RX0 191 [8] 7C F0 7F 5B 0B 00 EA 01
(56.62) RX0 191 [8] 52 F1 7F 5B 0B 00 EA 01
(56.63) RX0 191 [8] 41 F2 7F 5B 0B 00 EA 01
(56.63) RX0 191 [8] 09 F3 7F 5B 0B 00 EA 01
(56.63) RX0 191 [8] F3 F4 7F 5B 0B 00 EA 01
(56.64) RX0 2AF [8] 00 00 00 00 00 00 00 00
(56.65) RX0 191 [8] 47 F5 7F 5B 0B 00 EA 01
(56.65) RX0 191 [8] 40 F6 7F 5B 0B 00 EA 01
(56.66) RX0 191 [8] 68 F7 7F 5B 0B 00 EA 01
(56.67) RX0 191 [8] 49 F8 7F 5B 0B 00 EA 01
(56.68) RX0 1B00007B [8] 7B 40 01 04 00 00 00 00
(56.68) RX0 191 [8] 62 F9 7F 5B 0B 00 EA 01
(56.69) RX0 1A1 [8] 00 00 00 00 AC 68 ED B5
(56.69) RX0 2AF [8] 00 00 00 00 00 00 00 00
(56.69) RX0 39D [8] D6 22 34 00 00 70 ED B5
(56.70) RX0 12DD5556 [8] 00 00 00 00 00 00 FC FF
(56.70) RX0 509 [8] FE 7F FF BF 97 FF 7B C9
(56.70) RX0 1A555637 [8] 00 E0 BF FF 00 00 F8 FF
(56.71) RX0 457 [8] 5A 0D 00 D8 FF FD 1F 00
(56.71) RX0 12DD550B [8] 6F 0D 00 00 00 00 00 00
(56.71) RX0 191 [8] D6 FA 7F 5B 0B 00 EA 01
(56.72) RX0 191 [8] C4 FB 7F 5B 0B 00 EA 01
(56.72) RX0 191 [8] 3E FC 7F 5B 0B 00 EA 01
(56.72) RX0 191 [8] 0E FD 7F 5B 0B 00 EA 01
(56.73) RX0 191 [8] 19 FE 7F 5B 0B 00 EA 01
(56.74) RX0 2AF [8] 00 00 00 00 00 00 00 00
(56.74) RX0 191 [8] F5 FF 7F 5B 0B 00 EA 01
(56.75) RX0 191 [8] 7C F0 7F 5B 0B 00 EA 01
(56.76) RX0 191 [8] 52 F1 7F 5B 0B 00 EA 01
(56.77) RX0 191 [8] 41 F2 7F 5B 0B 00 EA 01
(56.78) RX0 191 [8] 09 F3 7F 5B 0B 00 EA 01
(56.78) RX0 1A1 [8] 00 00 00 00 AC 68 ED B5
(56.79) RX0 2AF [8] 00 00 00 00 00 00 00 00
(56.79) RX0 39D [8] D6 22 34 00 00 70 ED B5
(56.80) RX0 12DD5556 [8] 00 00 00 00 00 00 FC FF
(56.80) RX0 509 [8] FE 7F FF BF 97 FF 7B C9
(56.80) RX0 1A555637 [8] 00 E0 BF FF 00 00 F8 FF
(56.81) RX0 457 [8] 12 0E 00 D8 FF FD 1F 00
(56.81) RX0 12DD550B [8] 4B 0E 00 00 00 00 00 00
(56.81) RX0 191 [8] F3 F4 7F 5B 0B 00 EA 01
(56.82) RX0 191 [8] 47 F5 7F 5B 0B 00 EA 01
(56.82) RX0 191 [8] 40 F6 7F 5B 0B 00 EA 01
(56.82) RX0 191 [8] 68 F7 7F 5B 0B 00 EA 01
(56.83) RX0 191 [8] 49 F8 7F 5B 0B 00 EA 01
(56.84) RX0 2AF [8] 00 00 00 00 00 00 00 00
(56.84) RX0 191 [8] 62 F9 7F 5B 0B 00 EA 01
(56.85) RX0 191 [8] D6 FA 7F 5B 0B 00 EA 01
(56.86) RX0 191 [8] C4 FB 7F 5B 0B 00 EA 01
(56.87) RX0 191 [8] 3E FC 7F 5B 0B 00 EA 01
(56.88) RX0 1B00007B [8] 7B 40 01 04 00 00 00 00
(56.88) RX0 191 [8] 0E FD 7F 5B 0B 00 EA 01
(56.89) RX0 1A1 [8] 00 00 00 00 AC 68 ED B5
(56.89) RX0 2AF [8] 00 00 00 00 00 00 00 00
(56.89) RX0 39D [8] D6 22 34 00 00 70 ED B5
(56.90) RX0 12DD5556 [8] 00 00 00 00 00 00 FC FF
(56.90) RX0 509 [8] FE 7F FF BF 97 FF 7B C9
(56.90) RX0 1A555637 [8] 00 E0 BF FF 00 00 F8 FF
(56.91) RX0 457 [8] 30 0F 00 D8 FF FD 1F 00
(56.91) RX0 12DD550B [8] 7C 0F 00 00 00 00 00 00
(56.91) RX0 191 [8] 19 FE 7F 5B 0B 00 EA 01
(56.92) RX0 191 [8] F5 FF 7F 5B 0B 00 EA 01
(56.92) RX0 191 [8] 7C F0 7F 5B 0B 00 EA 01
(56.92) RX0 191 [8] 52 F1 7F 5B 0B 00 EA 01
(56.93) RX0 191 [8] 41 F2 7F 5B 0B 00 EA 01
(56.94) RX0 2AF [8] 00 00 00 00 00 00 00 00
(56.94) RX0 191 [8] 09 F3 7F 5B 0B 00 EA 01
(56.95) RX0 191 [8] F3 F4 7F 5B 0B 00 EA 01
(56.96) RX0 191 [8] 47 F5 7F 5B 0B 00 EA 01
(56.97) RX0 191 [8] 40 F6 7F 5B 0B 00 EA 01
(56.98) RX0 191 [8] 68 F7 7F 5B 0B 00 EA 01
(56.99) RX0 1A1 [8] 00 00 00 00 AC 68 ED B5
(56.99) RX0 2AF [8] 00 00 00 00 00 00 00 00
(56.99) RX0 39D [8] D6 22 34 00 00 70 ED B5
(57.00) RX0 12DD5556 [8] 00 00 00 00 00 00 FC FF
(57.00) RX0 509 [8] FE 7F FF BF 97 FF 7B C9
(57.00) RX0 59E [8] 2B FF 73 FF 20 00 82 FF
(57.01) RX0 17F0007B [8] 20 7B 00 00 0F 0E 01 00
(57.01) RX0 1A555544 [8] 00 00 00 00 96 00 0D 00
(57.01) RX0 1A555637 [8] 00 E0 BF FF 00 00 F8 FF
(57.02) RX0 457 [8] 56 00 00 D8 FF FD 1F 00
(57.02) RX0 12DD550B [8] 79 00 00 00 00 00 00 00
(57.02) RX0 191 [8] 49 F8 7F 5B 0B 00 EA 01
(57.03) RX0 191 [8] 62 F9 7F 5B 0B 00 EA 01
(57.03) RX0 5A2 [8] 04 45 6A 31 01 00 C0 FF
(57.03) RX0 191 [8] D6 FA 7F 5B 0B 00 EA 01
(57.05) RX0 191 [8] C4 FB 7F 5B 0B 00 EA 01
(57.05) RX0 191 [8] 3E FC 7F 5B 0B 00 EA 01
(57.05) RX0 2AF [8] 00 00 00 00 00 00 00 00
(57.06) RX0 5CA [8] 63 E4 7F 97 FE 87 FF 03
(57.06) RX0 191 [8] 0E FD 7F 5B 0B 00 EA 01
(57.06) RX0 191 [8] 19 FE 7F 5B 0B 00 EA 01
(57.07) RX0 191 [8] F5 FF 7F 5B 0B 00 EA 01
(57.07) RX0 191 [8] 7C F0 7F 5B 0B 00 EA 01
(57.08) RX0 1B00007B [8] 7B 40 01 04 00 00 00 00
(57.08) RX0 191 [8] 52 F1 7F 5B 0B 00 EA 01
(57.09) RX0 1A1 [8] 00 00 00 00 AC 68 ED B5
(57.09) RX0 2AF [8] 00 00 00 00 00 00 00 00
(57.09) RX0 39D [8] D6 22 34 00 00 70 ED B5
(57.10) RX0 12DD5556 [8] 00 00 00 00 00 00 FC FF
(57.10) RX0 509 [8] FE 7F FF BF 97 FF 7B C9
(57.10) RX0 1A555637 [8] 00 E0 BF FF 00 00 F8 FF
(57.11) RX0 457 [8] CC 01 00 D8 FF FD 1F 00
(57.11) RX0 191 [8] 41 F2 7F 5B 0B 00 EA 01
(57.11) RX0 12DD550B [8] 50 01 00 00 00 00 00 00
(57.12) RX0 191 [8] 09 F3 7F 5B 0B 00 EA 01
(57.12) RX0 191 [8] F3 F4 7F 5B 0B 00 EA 01
(57.12) RX0 191 [8] 47 F5 7F 5B 0B 00 EA 01
(57.13) RX0 191 [8] 40 F6 7F 5B 0B 00 EA 01
(57.14) RX0 2AF [8] 00 00 00 00 00 00 00 00
(57.14) RX0 191 [8] 68 F7 7F 5B 0B 00 EA 01
(57.15) RX0 191 [8] 49 F8 7F 5B 0B 00 EA 01
(57.16) RX0 191 [8] 62 F9 7F 5B 0B 00 EA 01
(57.17) RX0 191 [8] D6 FA 7F 5B 0B 00 EA 01
(57.18) RX0 191 [8] C4 FB 7F 5B 0B 00 EA 01
(57.19) RX0 1A1 [8] 00 00 00 00 AC 68 ED B5
(57.19) RX0 2AF [8] 00 00 00 00 00 00 00 00
(57.19) RX0 39D [8] D6 22 34 00 00 70 ED B5
(57.20) RX0 12DD5556 [8] 00 00 00 00 00 00 FC FF
(57.20) RX0 509 [8] FE 7F FF BF 97 FF 7B C9
(57.20) RX0 1A555637 [8] 00 E0 BF FF 00 00 F8 FF
(57.21) RX0 457 [8] E0 02 00 D8 FF FD 1F 00
(57.21) RX0 191 [8] 3E FC 7F 5B 0B 00 EA 01
(57.21) RX0 12DD550B [8] B3 02 00 00 00 00 00 00
(57.22) RX0 191 [8] 0E FD 7F 5B 0B 00 EA 01
(57.22) RX0 191 [8] 19 FE 7F 5B 0B 00 EA 01
(57.22) RX0 191 [8] F5 FF 7F 5B 0B 00 EA 01
(57.23) RX0 191 [8] 7C F0 7F 5B 0B 00 EA 01
(57.24) RX0 2AF [8] 00 00 00 00 00 00 00 00
(57.24) RX0 191 [8] 52 F1 7F 5B 0B 00 EA 01
(57.25) RX0 191 [8] 41 F2 7F 5B 0B 00 EA 01
(57.26) RX0 191 [8] 09 F3 7F 5B 0B 00 EA 01
(57.27) RX0 191 [8] F3 F4 7F 5B 0B 00 EA 01
(57.28) RX0 1B00007B [8] 7B 40 01 04 00 00 00 00
(57.28) RX0 191 [8] 47 F5 7F 5B 0B 00 EA 01
(57.28) RX0 1A1 [8] 00 00 00 00 AC 68 ED B5
(57.29) RX0 2AF [8] 00 00 00 00 00 00 00 00
(57.29) RX0 39D [8] D6 22 34 00 00 70 ED B5
(57.30) RX0 12DD5556 [8] 00 00 00 00 00 00 FC FF
(57.30) RX0 509 [8] FE 7F FF BF 97 FF 7B C9
(57.30) RX0 1A555637 [8] 00 E0 BF FF 00 00 F8 FF
(57.31) RX0 457 [8] 01 03 00 D8 FF FD 1F 00
(57.31) RX0 191 [8] 40 F6 7F 5B 0B 00 EA 01
(57.31) RX0 12DD550B [8] CD 03 00 00 00 00 00 00
(57.32) RX0 191 [8] 68 F7 7F 5B 0B 00 EA 01
(57.32) RX0 191 [8] 49 F8 7F 5B 0B 00 EA 01
(57.32) RX0 191 [8] 62 F9 7F 5B 0B 00 EA 01
(57.33) RX0 191 [8] D6 FA 7F 5B 0B 00 EA 01
(57.34) RX0 2AF [8] 00 00 00 00 00 00 00 00
(57.34) RX0 191 [8] C4 FB 7F 5B 0B 00 EA 01
(57.35) RX0 191 [8] 3E FC 7F 5B 0B 00 EA 01
(57.36) RX0 191 [8] 0E FD 7F 5B 0B 00 EA 01
(57.37) RX0 191 [8] 19 FE 7F 5B 0B 00 EA 01
(57.38) RX0 191 [8] F5 FF 7F 5B 0B 00 EA 01
(57.39) RX0 1A1 [8] 00 00 00 00 AC 68 ED B5
(57.39) RX0 2AF [8] 00 00 00 00 00 00 00 00
(57.39) RX0 39D [8] D6 22 34 00 00 70 ED B5
(57.40) RX0 12DD5556 [8] 00 00 00 00 00 00 FC FF
(57.40) RX0 509 [8] FE 7F FF BF 97 FF 7B C9
(57.40) RX0 1A555637 [8] 00 E0 BF FF 00 00 F8 FF
(57.41) RX0 457 [8] F4 04 00 D8 FF FD 1F 00
(57.41) RX0 191 [8] 7C F0 7F 5B 0B 00 EA 01
(57.41) RX0 12DD550B [8] 6B 04 00 00 00 00 00 00
(57.42) RX0 191 [8] 52 F1 7F 5B 0B 00 EA 01
(57.42) RX0 191 [8] 41 F2 7F 5B 0B 00 EA 01
(57.42) RX0 191 [8] 09 F3 7F 5B 0B 00 EA 01
(57.43) RX0 191 [8] F3 F4 7F 5B 0B 00 EA 01
(57.44) RX0 2AF [8] 00 00 00 00 00 00 00 00
(57.44) RX0 191 [8] 47 F5 7F 5B 0B 00 EA 01
(57.45) RX0 191 [8] 40 F6 7F 5B 0B 00 EA 01
(57.46) RX0 191 [8] 68 F7 7F 5B 0B 00 EA 01
(57.47) RX0 191 [8] 49 F8 7F 5B 0B 00 EA 01
(57.48) RX0 1B00007B [8] 7B 40 01 04 00 00 00 00
(57.48) RX0 191 [8] 62 F9 7F 5B 0B 00 EA 01
(57.49) RX0 1A1 [8] 00 00 00 00 AC 68 ED B5
(57.49) RX0 2AF [8] 00 00 00 00 00 00 00 00
(57.49) RX0 39D [8] D6 22 34 00 00 70 ED B5
(57.50) RX0 12DD5556 [8] 00 00 00 00 00 00 FC FF
(57.50) RX0 509 [8] FE 7F FF BF 97 FF 7B C9
(57.50) RX0 59E [8] 2B FF 73 FF 20 00 82 FF
(57.51) RX0 16A954A6 [8] 00 00 00 FE FE FE EF FF
(57.51) RX0 16A955EB [8] 00 00 20 00 C5 C4 03 37
(57.51) RX0 17F0007B [8] 21 7B 00 00 0F 0E 01 00
(57.52) RX0 1A555535 [8] FF FF FF FF FF FF FF FF
(57.52) RX0 1A555536 [8] FF FF FF FF FF FF FF FF
(57.53) RX0 1A555539 [8] 40 08 0E 09 0A 21 03 02
(57.53) RX0 1A555552 [8] 00 00 00 00 00 00 00 00
(57.53) RX0 191 [8] C4 FB 7F 5B 0B 00 EA 01
(57.54) RX0 5A2 [8] A0 46 6A 31 01 00 C0 FF
(57.54) RX0 191 [8] 3E FC 7F 5B 0B 00 EA 01
(57.55) RX0 191 [8] 0E FD 7F 5B 0B 00 EA 01
(57.56) RX0 191 [8] 19 FE 7F 5B 0B 00 EA 01
(57.56) RX0 2AF [8] 00 00 00 00 00 00 00 00
(57.56) RX0 5CA [8] 07 E5 7F 97 FE 87 FF 03
(57.57) RX0 191 [8] F5 FF 7F 5B 0B 00 EA 01
(57.57) RX0 191 [8] 7C F0 7F 5B 0B 00 EA 01
(57.57) RX0 578 [8] B3 83 FF FE 01 00 00 00
(57.58) RX0 191 [8] 52 F1 7F 5B 0B 00 EA 01
(57.58) RX0 191 [8] 41 F2 7F 5B 0B 00 EA 01
(57.58) RX0 191 [8] 09 F3 7F 5B 0B 00 EA 01
(57.59) RX0 1A1 [8] 00 00 00 00 AC 68 ED B5
(57.60) RX0 2AF [8] 00 00 00 00 00 00 00 00
(57.60) RX0 39D [8] D6 22 34 00 00 70 ED B5
(57.60) RX0 12DD5556 [8] 00 00 00 00 00 00 FC FF
(57.61) RX0 509 [8] FE 7F FF BF 97 FF 7B C9
(57.61) RX0 1A555637 [8] 00 E0 BF FF 00 00 F8 FF
(57.61) RX0 457 [8] 1C 06 00 D8 FF FD 1F 00
(57.62) RX0 191 [8] F3 F4 7F 5B 0B 00 EA 01
(57.62) RX0 12DD550B [8] ED 06 00 00 00 00 00 00
(57.62) RX0 191 [8] 47 F5 7F 5B 0B 00 EA 01
(57.63) RX0 191 [8] 40 F6 7F 5B 0B 00 EA 01
(57.63) RX0 191 [8] 68 F7 7F 5B 0B 00 EA 01
(57.63) RX0 191 [8] 49 F8 7F 5B 0B 00 EA 01
(57.64) RX0 2AF [8] 00 00 00 00 00 00 00 00
(57.65) RX0 191 [8] 62 F9 7F 5B 0B 00 EA 01
(57.65) RX0 191 [8] D6 FA 7F 5B 0B 00 EA 01
(57.66) RX0 191 [8] C4 FB 7F 5B 0B 00 EA 01
(57.67) RX0 191 [8] 3E FC 7F 5B 0B 00 EA 01
(57.68) RX0 1B00007B [8] 7B 40 01 04 00 00 00 00
(57.68) RX0 191 [8] 0E FD 7F 5B 0B 00 EA 01
(57.69) RX0 1A1 [8] 00 00 00 00 AC 68 ED B5
(57.69) RX0 2AF [8] 00 00 00 00 00 00 00 00
(57.69) RX0 39D [8] D6 22 34 00 00 70 ED B5
(57.70) RX0 12DD5556 [8] 00 00 00 00 00 00 FC FF
(57.70) RX0 509 [8] FE 7F FF BF 97 FF 7B C9
(57.70) RX0 1A555637 [8] 00 E0 BF FF 00 00 F8 FF
(57.71) RX0 457 [8] AC 07 00 D8 FF FD 1F 00
(57.71) RX0 191 [8] 19 FE 7F 5B 0B 00 EA 01
(57.71) RX0 12DD550B [8] 67 07 00 00 00 00 00 00
(57.72) RX0 191 [8] F5 FF 7F 5B 0B 00 EA 01
(57.72) RX0 191 [8] 7C F0 7F 5B 0B 00 EA 01
(57.72) RX0 191 [8] 52 F1 7F 5B 0B 00 EA 01
(57.73) RX0 191 [8] 41 F2 7F 5B 0B 00 EA 01
(57.74) RX0 2AF [8] 00 00 00 00 00 00 00 00
(57.74) RX0 191 [8] 09 F3 7F 5B 0B 00 EA 01
(57.75) RX0 191 [8] F3 F4 7F 5B 0B 00 EA 01
(57.76) RX0 191 [8] 47 F5 7F 5B 0B 00 EA 01
(57.77) RX0 191 [8] 40 F6 7F 5B 0B 00 EA 01
(57.78) RX0 191 [8] 68 F7 7F 5B 0B 00 EA 01
(57.78) RX0 1A1 [8] 00 00 00 00 AC 68 AD B5
(57.79) RX0 2AF [8] 00 00 00 00 00 00 00 00
(57.79) RX0 39D [8] D6 22 34 00 00 60 AD B5
(57.80) RX0 12DD5556 [8] 00 00 00 00 00 00 FC FF
(57.80) RX0 509 [8] FE 7F FF BF 97 FF 7B C9
(57.80) RX0 1A555637 [8] 00 E0 BF FF 00 00 F8 FF
(57.81) RX0 457 [8] AB 08 00 D8 FF FD 1F 00
(57.81) RX0 191 [8] 49 F8 7F 5B 0B 00 EA 01
(57.81) RX0 12DD550B [8] 39 08 00 00 00 00 00 00
(57.82) RX0 191 [8] 62 F9 7F 5B 0B 00 EA 01
(57.82) RX0 191 [8] D6 FA 7F 5B 0B 00 EA 01
(57.82) RX0 191 [8] C4 FB 7F 5B 0B 00 EA 01
(57.83) RX0 191 [8] 3E FC 7F 5B 0B 00 EA 01
(57.84) RX0 2AF [8] 00 00 00 00 00 00 00 00
(57.84) RX0 191 [8] 0E FD 7F 5B 0B 00 EA 01
(57.85) RX0 191 [8] 19 FE 7F 5B 0B 00 EA 01
(57.86) RX0 191 [8] F5 FF 7F 5B 0B 00 EA 01
(57.87) RX0 191 [8] 7C F0 7F 5B 0B 00 EA 01
(57.88) RX0 1B00007B [8] 7B 40 01 04 00 00 00 00
(57.88) RX0 191 [8] 52 F1 7F 5B 0B 00 EA 01
(57.89) RX0 1A1 [8] 00 00 00 00 AC 68 AD B5
(57.89) RX0 2AF [8] 00 00 00 00 00 00 00 00
(57.89) RX0 39D [8] D6 22 34 00 00 60 AD B5
(57.90) RX0 12DD5556 [8] 00 00 00 00 00 00 FC FF
(57.90) RX0 509 [8] FE 7F FF BF 97 FF 7B C9
(57.90) RX0 1A555637 [8] 00 E0 BF FF 00 00 F8 FF
(57.91) RX0 457 [8] E6 09 00 D8 FF FD 1F 00
(57.91) RX0 191 [8] 41 F2 7F 5B 0B 00 EA 01
(57.91) RX0 12DD550B [8] B7 09 00 00 00 00 00 00
(57.92) RX0 191 [8] 09 F3 7F 5B 0B 00 EA 01
(57.92) RX0 191 [8] F3 F4 7F 5B 0B 00 EA 01
(57.92) RX0 191 [8] 47 F5 7F 5B 0B 00 EA 01
(57.93) RX0 191 [8] 40 F6 7F 5B 0B 00 EA 01
(57.94) RX0 2AF [8] 00 00 00 00 00 00 00 00
(57.94) RX0 191 [8] 68 F7 7F 5B 0B 00 EA 01
(57.95) RX0 191 [8] 49 F8 7F 5B 0B 00 EA 01
(57.96) RX0 191 [8] 62 F9 7F 5B 0B 00 EA 01
(57.97) RX0 191 [8] D6 FA 7F 5B 0B 00 EA 01
(57.98) RX0 191 [8] C4 FB 7F 5B 0B 00 EA 01
(57.99) RX0 1A1 [8] 00 00 00 00 AC 68 AD B5
(57.99) RX0 2AF [8] 00 00 00 00 00 00 00 00
(57.99) RX0 39D [8] D6 22 34 00 00 60 AD B5
(58.00) RX0 12DD5556 [8] 00 00 00 00 00 00 FC FF
(58.00) RX0 509 [8] FE 7F FF BF 97 FF 7B C9
(58.00) RX0 59E [8] 2B FF 73 FF 20 00 82 FF
(58.01) RX0 17F0007B [8] 21 7B 00 00 0F 0E 01 00
(58.01) RX0 1A555544 [8] 00 00 00 00 96 00 0D 00
(58.01) RX0 1A555637 [8] 00 E0 BF FF 00 00 F8 FF
(58.02) RX0 457 [8] 51 0A 00 D8 FF FD 1F 00
(58.02) RX0 191 [8] 3E FC 7F 5B 0B 00 EA 01
(58.02) RX0 12DD550B [8] 5F 0A 00 00 00 00 00 00
(58.03) RX0 191 [8] 0E FD 7F 5B 0B 00 EA 01
(58.03) RX0 5A2 [8] F4 47 6A 31 01 00 C0 FF
(58.03) RX0 191 [8] 19 FE 7F 5B 0B 00 EA 01
(58.05) RX0 191 [8] F5 FF 7F 5B 0B 00 EA 01
(58.05) RX0 191 [8] 7C F0 7F 5B 0B 00 EA 01
(58.05) RX0 2AF [8] 00 00 00 00 00 00 00 00
(58.06) RX0 5CA [8] AB E6 7F 97 FE 87 FF 03
(58.06) RX0 191 [8] 52 F1 7F 5B 0B 00 EA 01
(58.06) RX0 191 [8] 41 F2 7F 5B 0B 00 EA 01
(58.07) RX0 191 [8] 09 F3 7F 5B 0B 00 EA 01
(58.07) RX0 191 [8] F3 F4 7F 5B 0B 00 EA 01
(58.08) RX0 1B00007B [8] 7B 40 01 04 00 00 00 00
(58.08) RX0 191 [8] 47 F5 7F 5B 0B 00 EA 01
(58.09) RX0 1A1 [8] 00 00 00 00 AC 68 AD B5
(58.09) RX0 2AF [8] 00 00 00 00 00 00 00 00
(58.09) RX0 39D [8] D6 22 34 00 00 60 AD B5
(58.10) RX0 12DD5556 [8] 00 00 00 00 00 00 FC FF
(58.10) RX0 509 [8] FE 7F FF BF 97 FF 7B C9
(58.10) RX0 1A555637 [8] 00 E0 BF FF 00 00 F8 FF
(58.11) RX0 457 [8] 03 0B 00 D8 FF FD 1F 00
(58.11) RX0 191 [8] 40 F6 7F 5B 0B 00 EA 01
(58.11) RX0 12DD550B [8] 3D 0B 00 00 00 00 00 00
(58.12) RX0 191 [8] 68 F7 7F 5B 0B 00 EA 01
(58.12) RX0 191 [8] 49 F8 7F 5B 0B 00 EA 01
(58.12) RX0 191 [8] 62 F9 7F 5B 0B 00 EA 01
(58.13) RX0 191 [8] D6 FA 7F 5B 0B 00 EA 01
(58.14) RX0 2AF [8] 00 00 00 00 00 00 00 00
(58.14) RX0 191 [8] C4 FB 7F 5B 0B 00 EA 01
(58.15) RX0 191 [8] 3E FC 7F 5B 0B 00 EA 01
(58.16) RX0 191 [8] 0E FD 7F 5B 0B 00 EA 01
(58.17) RX0 191 [8] 19 FE 7F 5B 0B 00 EA 01
(58.18) RX0 191 [8] F5 FF 7F 5B 0B 00 EA 01
(58.19) RX0 1A1 [8] 00 00 00 00 AC 68 ED B5
(58.19) RX0 2AF [8] 00 00 00 00 00 00 00 00
(58.19) RX0 39D [8] D6 22 34 00 00 70 ED B5
(58.20) RX0 12DD5556 [8] 00 00 00 00 00 00 FC FF
(58.20) RX0 509 [8] FE 7F FF BF 97 FF 7B C9
(58.20) RX0 1A555637 [8] 00 E0 BF FF 00 00 F8 FF
(58.21) RX0 457 [8] D9 0C 00 D8 FF FD 1F 00
(58.21) RX0 191 [8] 7C F0 7F 5B 0B 00 EA 01
(58.21) RX0 12DD550B [8] 44 0C 00 00 00 00 00 00
(58.22) RX0 191 [8] 52 F1 7F 5B 0B 00 EA 01
(58.22) RX0 191 [8] 41 F2 7F 5B 0B 00 EA 01
(58.22) RX0 191 [8] 09 F3 7F 5B 0B 00 EA 01
(58.23) RX0 191 [8] F3 F4 7F 5B 0B 00 EA 01
(58.24) RX0 2AF [8] 00 00 00 00 00 00 00 00
(58.24) RX0 191 [8] 47 F5 7F 5B 0B 00 EA 01
(58.25) RX0 191 [8] 40 F6 7F 5B 0B 00 EA 01
(58.26) RX0 191 [8] 68 F7 7F 5B 0B 00 EA 01
(58.27) RX0 191 [8] 49 F8 7F 5B 0B 00 EA 01
(58.28) RX0 1B00007B [8] 7B 40 01 04 00 00 00 00
(58.28) RX0 191 [8] 62 F9 7F 5B 0B 00 EA 01
(58.28) RX0 1A1 [8] 00 00 00 00 AC 68 AD B5
(58.29) RX0 2AF [8] 00 00 00 00 00 00 00 00
(58.29) RX0 39D [8] D6 22 34 00 00 60 AD B5
(58.30) RX0 12DD5556 [8] 00 00 00 00 00 00 FC FF
(58.30) RX0 509 [8] FE 7F FF BF 97 FF 7B C9
(58.30) RX0 1A555637 [8] 00 E0 BF FF 00 00 F8 FF
(58.31) RX0 457 [8] 5A 0D 00 D8 FF FD 1F 00
(58.31) RX0 191 [8] D6 FA 7F 5B 0B 00 EA 01
(58.31) RX0 12DD550B [8] 6F 0D 00 00 00 00 00 00
(58.32) RX0 191 [8] C4 FB 7F 5B 0B 00 EA 01
(58.32) RX0 191 [8] 3E FC 7F 5B 0B 00 EA 01
(58.32) RX0 191 [8] 0E FD 7F 5B 0B 00 EA 01
(58.33) RX0 191 [8] 19 FE 7F 5B 0B 00 EA 01
(58.34) RX0 2AF [8] 00 00 00 00 00 00 00 00
(58.34) RX0 191 [8] F5 FF 7F 5B 0B 00 EA 01
(58.35) RX0 191 [8] 7C F0 7F 5B 0B 00 EA 01
(58.36) RX0 191 [8] 52 F1 7F 5B 0B 00 EA 01
(58.37) RX0 191 [8] 41 F2 7F 5B 0B 00 EA 01
(58.38) RX0 191 [8] 09 F3 7F 5B 0B 00 EA 01
(58.39) RX0 1A1 [8] 00 00 00 00 AC 68 AD B5
(58.39) RX0 2AF [8] 00 00 00 00 00 00 00 00
(58.39) RX0 39D [8] D6 22 34 00 00 60 AD B5
(58.40) RX0 12DD5556 [8] 00 00 00 00 00 00 FC FF
(58.40) RX0 509 [8] FE 7F FF BF 97 FF 7B C9
(58.40) RX0 1A555637 [8] 00 E0 BF FF 00 00 F8 FF
(58.41) RX0 457 [8] 12 0E 00 D8 FF FD 1F 00
(58.41) RX0 191 [8] F3 F4 7F 5B 0B 00 EA 01
(58.41) RX0 12DD550B [8] 4B 0E 00 00 00 00 00 00
(58.42) RX0 191 [8] 47 F5 7F 5B 0B 00 EA 01
(58.42) RX0 191 [8] 40 F6 7F 5B 0B 00 EA 01
(58.42) RX0 191 [8] 68 F7 7F 5B 0B 00 EA 01
(58.43) RX0 191 [8] 49 F8 7F 5B 0B 00 EA 01
(58.44) RX0 2AF [8] 00 00 00 00 00 00 00 00
(58.44) RX0 191 [8] 62 F9 7F 5B 0B 00 EA 01
(58.45) RX0 191 [8] D6 FA 7F 5B 0B 00 EA 01
(58.46) RX0 191 [8] C4 FB 7F 5B 0B 00 EA 01
(58.47) RX0 191 [8] 3E FC 7F 5B 0B 00 EA 01
(58.48) RX0 1B00007B [8] 7B 40 01 04 00 00 00 00
(58.48) RX0 191 [8] 0E FD 7F 5B 0B 00 EA 01
(58.49) RX0 1A1 [8] 00 00 00 00 AC 68 ED B5
(58.49) RX0 2AF [8] 00 00 00 00 00 00 00 00
(58.49) RX0 39D [8] D6 22 34 00 00 70 ED B5
(58.50) RX0 12DD5556 [8] 00 00 00 00 00 00 FC FF
(58.50) RX0 509 [8] FE 7F FF BF 97 FF 7B C9
(58.50) RX0 59E [8] 2B FF 73 FF 20 00 82 FF
(58.51) RX0 16A955EB [8] 00 00 20 00 C5 C4 03 37
(58.51) RX0 17F0007B [8] 21 7B 00 00 0F 0E 01 80
(58.51) RX0 1A555539 [8] 40 08 0E 09 0A 17 03 03
(58.52) RX0 1A555543 [8] 00 00 00 00 00 00 00 00
(58.52) RX0 1A555544 [8] 00 00 00 00 96 00 0D 00
(58.53) RX0 1A555552 [8] 00 00 00 00 00 00 00 00
(58.53) RX0 1A555637 [8] 00 E0 BF FF 00 00 F8 FF
(58.53) RX0 191 [8] F5 FF 7F 5B 0B 00 EA 01
(58.54) RX0 5A2 [8] 78 48 6A 31 01 00 C0 FF
(58.55) RX0 12DD550B [8] 7C 0F 00 00 00 00 00 00
(58.55) RX0 191 [8] 7C F0 7F 5B 0B 00 EA 01
(58.56) RX0 191 [8] 52 F1 7F 5B 0B 00 EA 01
(58.56) RX0 191 [8] 41 F2 7F 5B 0B 00 EA 01
(58.56) RX0 2AF [8] 00 00 00 00 00 00 00 00
(58.57) RX0 5CA [8] CF E7 7F 97 FE 87 FF 03
(58.57) RX0 191 [8] 09 F3 7F 5B 0B 00 EA 01
(58.57) RX0 191 [8] F3 F4 7F 5B 0B 00 EA 01
(58.58) RX0 578 [8] A0 84 FF FE 01 00 00 00
(58.58) RX0 191 [8] 47 F5 7F 5B 0B 00 EA 01
(58.58) RX0 191 [8] 40 F6 7F 5B 0B 00 EA 01
(58.59) RX0 191 [8] 68 F7 7F 5B 0B 00 EA 01
(58.59) RX0 1A1 [8] 00 00 00 00 AC 68 AD B5
(58.59) RX0 2AF [8] 00 00 00 00 00 00 00 00
(58.60) RX0 39D [8] D6 22 34 00 00 60 AD B5
(58.60) RX0 12DD5556 [8] 00 00 00 00 00 00 FC FF
(58.60) RX0 509 [8] FE 7F FF BF 97 FF 7B C9
(58.62) RX0 1A555637 [8] 00 E0 BF FF 00 00 F8 FF
(58.62) RX0 457 [8] 56 00 00 D8 FF FD 1F 00
(58.62) RX0 191 [8] 49 F8 7F 5B 0B 00 EA 01
(58.63) RX0 191 [8] 62 F9 7F 5B 0B 00 EA 01
(58.63) RX0 12DD550B [8] 79 00 00 00 00 00 00 00
(58.63) RX0 191 [8] D6 FA 7F 5B 0B 00 EA 01
(58.64) RX0 191 [8] C4 FB 7F 5B 0B 00 EA 01
(58.64) RX0 191 [8] 3E FC 7F 5B 0B 00 EA 01
(58.64) RX0 2AF [8] 00 00 00 00 00 00 00 00
(58.65) RX0 191 [8] 0E FD 7F 5B 0B 00 EA 01
(58.65) RX0 191 [8] 19 FE 7F 5B 0B 00 EA 01
(58.66) RX0 191 [8] F5 FF 7F 5B 0B 00 EA 01
(58.67) RX0 191 [8] 7C F0 7F 5B 0B 00 EA 01
(58.68) RX0 1B00007B [8] 7B 40 01 04 00 00 00 00
(58.68) RX0 191 [8] 52 F1 7F 5B 0B 00 EA 01
(58.69) RX0 1A1 [8] 00 00 00 00 AC 68 AD B5
(58.69) RX0 2AF [8] 00 00 00 00 00 00 00 00
(58.69) RX0 39D [8] D6 22 34 00 00 60 AD B5
(58.70) RX0 12DD5556 [8] 00 00 00 00 00 00 FC FF
(58.70) RX0 509 [8] FE 7F FF BF 97 FF 7B C9
(58.70) RX0 1A555637 [8] 00 E0 BF FF 00 00 F8 FF
(58.71) RX0 457 [8] CC 01 00 D8 FF FD 1F 00
(58.71) RX0 191 [8] 41 F2 7F 5B 0B 00 EA 01
(58.71) RX0 191 [8] 09 F3 7F 5B 0B 00 EA 01
(58.72) RX0 12DD550B [8] 50 01 00 00 00 00 00 00
(58.72) RX0 191 [8] F3 F4 7F 5B 0B 00 EA 01
(58.72) RX0 191 [8] 47 F5 7F 5B 0B 00 EA 01
(58.73) RX0 191 [8] 40 F6 7F 5B 0B 00 EA 01
(58.74) RX0 2AF [8] 00 00 00 00 00 00 00 00
(58.74) RX0 191 [8] 68 F7 7F 5B 0B 00 EA 01
(58.75) RX0 191 [8] 49 F8 7F 5B 0B 00 EA 01
(58.76) RX0 191 [8] 62 F9 7F 5B 0B 00 EA 01
(58.77) RX0 191 [8] D6 FA 7F 5B 0B 00 EA 01
(58.78) RX0 191 [8] C4 FB 7F 5B 0B 00 EA 01
(58.78) RX0 1A1 [8] 00 00 00 00 AC 68 AD B5
(58.79) RX0 2AF [8] 00 00 00 00 00 00 00 00
(58.79) RX0 39D [8] D6 22 34 00 00 60 AD B5
(58.80) RX0 12DD5556 [8] 00 00 00 00 00 00 FC FF
(58.80) RX0 509 [8] FE 7F FF BF 97 FF 7B C9
(58.80) RX0 1A555637 [8] 00 E0 BF FF 00 00 F8 FF
(58.81) RX0 457 [8] E0 02 00 D8 FF FD 1F 00
(58.81) RX0 191 [8] 3E FC 7F 5B 0B 00 EA 01
(58.81) RX0 191 [8] 0E FD 7F 5B 0B 00 EA 01
(58.82) RX0 12DD550B [8] B3 02 00 00 00 00 00 00
(58.82) RX0 191 [8] 19 FE 7F 5B 0B 00 EA 01
(58.82) RX0 191 [8] F5 FF 7F 5B 0B 00 EA 01
(58.83) RX0 191 [8] 7C F0 7F 5B 0B 00 EA 01
(58.84) RX0 2AF [8] 00 00 00 00 00 00 00 00
(58.84) RX0 191 [8] 52 F1 7F 5B 0B 00 EA 01
(58.85) RX0 191 [8] 41 F2 7F 5B 0B 00 EA 01
(58.86) RX0 191 [8] 09 F3 7F 5B 0B 00 EA 01
(58.87) RX0 191 [8] F3 F4 7F 5B 0B 00 EA 01
(58.88) RX0 1B00007B [8] 7B 40 01 04 00 00 00 00
(58.88) RX0 191 [8] 47 F5 7F 5B 0B 00 EA 01
(58.89) RX0 1A1 [8] 00 00 00 00 AC 68 ED B5
(58.89) RX0 2AF [8] 00 00 00 00 00 00 00 00
(58.89) RX0 39D [8] D6 22 34 00 00 70 ED B5
(58.90) RX0 12DD5556 [8] 00 00 00 00 00 00 FC FF
(58.90) RX0 509 [8] FE 7F FF BF 97 FF 7B C9
(58.90) RX0 1A555637 [8] 00 E0 BF FF 00 00 F8 FF
(58.91) RX0 457 [8] 01 03 00 D8 FF FD 1F 00
(58.91) RX0 191 [8] 40 F6 7F 5B 0B 00 EA 01
(58.91) RX0 191 [8] 68 F7 7F 5B 0B 00 EA 01
(58.92) RX0 12DD550B [8] CD 03 00 00 00 00 00 00
(58.92) RX0 191 [8] 49 F8 7F 5B 0B 00 EA 01
(58.92) RX0 191 [8] 62 F9 7F 5B 0B 00 EA 01
(58.93) RX0 191 [8] D6 FA 7F 5B 0B 00 EA 01
(58.94) RX0 2AF [8] 00 00 00 00 00 00 00 00
(58.94) RX0 191 [8] C4 FB 7F 5B 0B 00 EA 01
(58.95) RX0 191 [8] 3E FC 7F 5B 0B 00 EA 01
(58.96) RX0 191 [8] 0E FD 7F 5B 0B 00 EA 01
(58.97) RX0 191 [8] 19 FE 7F 5B 0B 00 EA 01
(58.98) RX0 191 [8] F5 FF 7F 5B 0B 00 EA 01
(58.99) RX0 1A1 [8] 00 00 00 00 AC 68 AD B5
(58.99) RX0 2AF [8] 00 00 00 00 00 00 00 00
(58.99) RX0 39D [8] D6 22 34 00 00 60 AD B5
(59.00) RX0 12DD5556 [8] 00 00 00 00 00 00 FC FF
(59.00) RX0 509 [8] FE 7F FF BF 97 FF 7B C9
(59.00) RX0 59E [8] 2B FF 73 FF 20 00 82 FF
(59.01) RX0 17F0007B [8] 21 7B 00 00 0F 0E 01 80
(59.01) RX0 1A555544 [8] 00 00 00 00 96 00 0D 00
(59.01) RX0 1A555637 [8] 00 E0 BF FF 00 00 F8 FF
(59.02) RX0 457 [8] F4 04 00 D8 FF FD 1F 00
(59.02) RX0 191 [8] 7C F0 7F 5B 0B 00 EA 01
(59.02) RX0 191 [8] 52 F1 7F 5B 0B 00 EA 01
(59.03) RX0 5A2 [8] F1 49 6A 31 01 00 C0 FF
(59.03) RX0 12DD550B [8] 6B 04 00 00 00 00 00 00
(59.03) RX0 191 [8] 41 F2 7F 5B 0B 00 EA 01
(59.05) RX0 191 [8] 09 F3 7F 5B 0B 00 EA 01
(59.05) RX0 191 [8] F3 F4 7F 5B 0B 00 EA 01
(59.05) RX0 2AF [8] 00 00 00 00 00 00 00 00
(59.06) RX0 5CA [8] 8D E8 7F 97 FE 87 FF 03
(59.06) RX0 191 [8] 47 F5 7F 5B 0B 00 EA 01
(59.06) RX0 191 [8] 40 F6 7F 5B 0B 00 EA 01
(59.07) RX0 191 [8] 68 F7 7F 5B 0B 00 EA 01
(59.07) RX0 191 [8] 49 F8 7F 5B 0B 00 EA 01
(59.08) RX0 1B00007B [8] 7B 40 01 04 00 00 00 00
(59.08) RX0 191 [8] 62 F9 7F 5B 0B 00 EA 01
(59.09) RX0 1A1 [8] 00 00 00 00 AC 68 AD B5
(59.09) RX0 2AF [8] 00 00 00 00 00 00 00 00
(59.09) RX0 39D [8] D6 22 34 00 00 60 AD B5
(59.10) RX0 12DD5556 [8] 00 00 00 00 00 00 FC FF
(59.10) RX0 509 [8] FE 7F FF BF 97 FF 7B C9
(59.10) RX0 1A555637 [8] 00 E0 BF FF 00 00 F8 FF
(59.11) RX0 457 [8] 68 05 00 D8 FF FD 1F 00
(59.11) RX0 191 [8] D6 FA 7F 5B 0B 00 EA 01
(59.11) RX0 191 [8] C4 FB 7F 5B 0B 00 EA 01
(59.12) RX0 12DD550B [8] F6 05 00 00 00 00 00 00
(59.12) RX0 191 [8] 3E FC 7F 5B 0B 00 EA 01
(59.12) RX0 191 [8] 0E FD 7F 5B 0B 00 EA 01
(59.13) RX0 191 [8] 19 FE 7F 5B 0B 00 EA 01
(59.14) RX0 2AF [8] 00 00 00 00 00 00 00 00
(59.14) RX0 191 [8] F5 FF 7F 5B 0B 00 EA 01
(59.15) RX0 191 [8] 7C F0 7F 5B 0B 00 EA 01
(59.16) RX0 191 [8] 52 F1 7F 5B 0B 00 EA 01
(59.17) RX0 191 [8] 41 F2 7F 5B 0B 00 EA 01
(59.18) RX0 191 [8] 09 F3 7F 5B 0B 00 EA 01
(59.19) RX0 1A1 [8] 00 00 00 00 AC 68 AD B5
(59.19) RX0 2AF [8] 00 00 00 00 00 00 00 00
(59.19) RX0 39D [8] D6 22 34 00 00 60 AD B5
(59.20) RX0 12DD5556 [8] 00 00 00 00 00 00 FC FF
(59.20) RX0 509 [8] FE 7F FF BF 97 FF 7B C9
(59.20) RX0 1A555637 [8] 00 E0 BF FF 00 00 F8 FF
(59.21) RX0 457 [8] 1C 06 00 D8 FF FD 1F 00
(59.21) RX0 191 [8] F3 F4 7F 5B 0B 00 EA 01
(59.21) RX0 191 [8] 47 F5 7F 5B 0B 00 EA 01
(59.22) RX0 12DD550B [8] ED 06 00 00 00 00 00 00
(59.22) RX0 191 [8] 40 F6 7F 5B 0B 00 EA 01
(59.22) RX0 191 [8] 68 F7 7F 5B 0B 00 EA 01
(59.23) RX0 191 [8] 49 F8 7F 5B 0B 00 EA 01
(59.24) RX0 2AF [8] 00 00 00 00 00 00 00 00
(59.24) RX0 17FE017B [8] 03 40 01 03 AA AA AA AA
(59.24) RX0 191 [8] 62 F9 7F 5B 0B 00 EA 01
(59.25) RX0 191 [8] D6 FA 7F 5B 0B 00 EA 01
(59.26) RX0 191 [8] C4 FB 7F 5B 0B 00 EA 01
(59.27) RX0 191 [8] 3E FC 7F 5B 0B 00 EA 01
(59.28) RX0 1B00007B [8] 7B 40 01 04 00 00 00 00
(59.28) RX0 191 [8] 0E FD 7F 5B 0B 00 EA 01
(59.28) RX0 1A1 [8] 00 00 00 00 AC 68 AD B5
(59.29) RX0 2AF [8] 00 00 00 00 00 00 00 00
(59.29) RX0 39D [8] D6 22 34 00 00 60 AD B5
(59.30) RX0 12DD5556 [8] 00 00 00 00 00 00 FC FF
(59.30) RX0 509 [8] FE 7F FF BF 97 FF 7B C9
(59.30) RX0 1A555637 [8] 00 E0 BF FF 00 00 F8 FF
(59.31) RX0 457 [8] AC 07 00 D8 FF FD 1F 00
(59.31) RX0 191 [8] 19 FE 7F 5B 0B 00 EA 01
(59.31) RX0 191 [8] F5 FF 7F 5B 0B 00 EA 01
(59.32) RX0 12DD550B [8] 67 07 00 00 00 00 00 00
(59.32) RX0 191 [8] 7C F0 7F 5B 0B 00 EA 01
(59.32) RX0 191 [8] 52 F1 7F 5B 0B 00 EA 01
(59.33) RX0 191 [8] 41 F2 7F 5B 0B 00 EA 01
(59.34) RX0 2AF [8] 00 00 00 00 00 00 00 00
(59.34) RX0 191 [8] 09 F3 7F 5B 0B 00 EA 01
(59.35) RX0 191 [8] F3 F4 7F 5B 0B 00 EA 01
(59.36) RX0 191 [8] 47 F5 7F 5B 0B 00 EA 01
(59.37) RX0 191 [8] 40 F6 7F 5B 0B 00 EA 01
(59.38) RX0 191 [8] 68 F7 7F 5B 0B 00 EA 01
(59.39) RX0 1A1 [8] 00 00 00 00 AC 68 AD B5
(59.39) RX0 2AF [8] 00 00 00 00 00 00 00 00
(59.39) RX0 39D [8] D6 22 34 00 00 60 AD B5
(59.40) RX0 12DD5556 [8] 00 00 00 00 00 00 FC FF
(59.40) RX0 509 [8] FE 7F FF BF 97 FF 7B C9
(59.40) RX0 1A555637 [8] 00 E0 BF FF 00 00 F8 FF
(59.41) RX0 457 [8] AB 08 00 D8 FF FD 1F 00
(59.41) RX0 191 [8] 49 F8 7F 5B 0B 00 EA 01
(59.41) RX0 191 [8] 62 F9 7F 5B 0B 00 EA 01
(59.42) RX0 12DD550B [8] 39 08 00 00 00 00 00 00
(59.42) RX0 191 [8] D6 FA 7F 5B 0B 00 EA 01
(59.42) RX0 191 [8] C4 FB 7F 5B 0B 00 EA 01
(59.43) RX0 191 [8] 3E FC 7F 5B 0B 00 EA 01
(59.44) RX0 2AF [8] 00 00 00 00 00 00 00 00
(59.44) RX0 191 [8] 0E FD 7F 5B 0B 00 EA 01
(59.45) RX0 191 [8] 19 FE 7F 5B 0B 00 EA 01
(59.46) RX0 191 [8] F5 FF 7F 5B 0B 00 EA 01
(59.47) RX0 191 [8] 7C F0 7F 5B 0B 00 EA 01
(59.48) RX0 191 [8] 52 F1 7F 5B 0B 00 EA 01
(59.49) RX0 1A1 [8] 00 00 00 00 AC 68 AD B5
(59.49) RX0 2AF [8] 00 00 00 00 00 00 00 00
(59.49) RX0 39D [8] D6 22 34 00 00 60 AD B5
(59.50) RX0 12DD5556 [8] 00 00 00 00 00 00 FC FF
(59.50) RX0 509 [8] FE 7F FF BF 97 FF 7B C9
(59.50) RX0 59E [8] 2B FF 73 FF 20 00 82 FF
(59.51) RX0 16A954A6 [8] 00 00 2C 74 72 73 9A A6
(59.51) RX0 16A955EB [8] 00 00 20 00 C5 C4 03 37
(59.51) RX0 17F0007B [8] 21 7B 00 00 0F 0E 01 80
(59.52) RX0 1A555535 [8] 30 43 33 50 45 54 46 54
(59.52) RX0 1A555536 [8] 39 4A 31 31 30 30 44 34
(59.52) RX0 1A555539 [8] 40 08 0E 09 0A 08 03 02
(59.53) RX0 1A555544 [8] 00 00 00 00 96 00 0D 00
(59.53) RX0 191 [8] 09 F3 7F 5B 0B 00 EA 01
(59.54) RX0 5A2 [8] EC 4A 6A 31 01 00 C0 FF
(59.54) RX0 12DD550B [8] B7 09 00 00 00 00 00 00
(59.55) RX0 191 [8] F3 F4 7F 5B 0B 00 EA 01
(59.56) RX0 191 [8] 47 F5 7F 5B 0B 00 EA 01
(59.56) RX0 191 [8] 40 F6 7F 5B 0B 00 EA 01
(59.56) RX0 2AF [8] 00 00 00 00 00 00 00 00
(59.57) RX0 5CA [8] E9 E9 7F 97 FE 87 FF 03
(59.57) RX0 191 [8] 68 F7 7F 5B 0B 00 EA 01
(59.57) RX0 191 [8] 49 F8 7F 5B 0B 00 EA 01
(59.58) RX0 578 [8] C4 85 FF FE 01 00 00 00
(59.58) RX0 191 [8] 62 F9 7F 5B 0B 00 EA 01
(59.58) RX0 191 [8] D6 FA 7F 5B 0B 00 EA 01
(59.59) RX0 191 [8] C4 FB 7F 5B 0B 00 EA 01
(59.59) RX0 1A1 [8] 00 00 00 00 AC 68 ED B5
(59.59) RX0 2AF [8] 00 00 00 00 00 00 00 00
(59.60) RX0 39D [8] D6 22 34 00 00 70 ED B5
(59.60) RX0 12DD5556 [8] 00 00 00 00 00 00 FC FF
(59.60) RX0 509 [8] FE 7F FF BF 97 FF 7B C9
(59.62) RX0 1A555637 [8] 00 E0 BF FF 00 00 F8 FF
(59.62) RX0 457 [8] 51 0A 00 D8 FF FD 1F 00
(59.62) RX0 191 [8] 3E FC 7F 5B 0B 00 EA 01
(59.63) RX0 191 [8] 0E FD 7F 5B 0B 00 EA 01
(59.63) RX0 12DD550B [8] 5F 0A 00 00 00 00 00 00
(59.63) RX0 191 [8] 19 FE 7F 5B 0B 00 EA 01
(59.64) RX0 191 [8] F5 FF 7F 5B 0B 00 EA 01
(59.64) RX0 191 [8] 7C F0 7F 5B 0B 00 EA 01
(59.64) RX0 2AF [8] 00 00 00 00 00 00 00 00
(59.65) RX0 191 [8] 52 F1 7F 5B 0B 00 EA 01
(59.65) RX0 191 [8] 41 F2 7F 5B 0B 00 EA 01
(59.66) RX0 191 [8] 09 F3 7F 5B 0B 00 EA 01
(59.67) RX0 191 [8] F3 F4 7F 5B 0B 00 EA 01
(59.68) RX0 191 [8] 47 F5 7F 5B 0B 00 EA 01
(59.69) RX0 1A1 [8] 00 00 00 00 AC 68 AD B5
(59.69) RX0 2AF [8] 00 00 00 00 00 00 00 00
(59.69) RX0 39D [8] D6 22 34 00 00 60 AD B5
(59.70) RX0 12DD5556 [8] 00 00 00 00 00 00 FC FF
(59.70) RX0 509 [8] FE 7F FF BF 97 FF 7B C9
(59.70) RX0 1A555637 [8] 00 E0 BF FF 00 00 F8 FF
(59.71) RX0 457 [8] 03 0B 00 D8 FF FD 1F 00
(59.71) RX0 191 [8] 40 F6 7F 5B 0B 00 EA 01
(59.71) RX0 191 [8] 68 F7 7F 5B 0B 00 EA 01
(59.72) RX0 12DD550B [8] 3D 0B 00 00 00 00 00 00
(59.72) RX0 191 [8] 49 F8 7F 5B 0B 00 EA 01
(59.72) RX0 191 [8] 62 F9 7F 5B 0B 00 EA 01
(59.73) RX0 191 [8] D6 FA 7F 5B 0B 00 EA 01
(59.74) RX0 2AF [8] 00 00 00 00 00 00 00 00
(59.74) RX0 191 [8] C4 FB 7F 5B 0B 00 EA 01
(59.75) RX0 191 [8] 3E FC 7F 5B 0B 00 EA 01
(59.76) RX0 191 [8] 0E FD 7F 5B 0B 00 EA 01
(59.77) RX0 191 [8] 19 FE 7F 5B 0B 00 EA 01
(59.78) RX0 191 [8] F5 FF 7F 5B 0B 00 EA 01
(59.78) RX0 1A1 [8] 00 00 00 00 AC 68 AD B5
(59.79) RX0 2AF [8] 00 00 00 00 00 00 00 00
(59.79) RX0 39D [8] D6 22 34 00 00 60 AD B5
(59.80) RX0 12DD5556 [8] 00 00 00 00 00 00 FC FF
(59.80) RX0 509 [8] FE 7F FF BF 97 FF 7B C9
(59.80) RX0 1A555637 [8] 00 E0 BF FF 00 00 F8 FF
(59.81) RX0 457 [8] D9 0C 00 D8 FF FD 1F 00
(59.81) RX0 191 [8] 7C F0 7F 5B 0B 00 EA 01
(59.81) RX0 191 [8] 52 F1 7F 5B 0B 00 EA 01
(59.82) RX0 191 [8] 41 F2 7F 5B 0B 00 EA 01
(59.82) RX0 12DD550B [8] 44 0C 00 00 00 00 00 00
(59.82) RX0 191 [8] 09 F3 7F 5B 0B 00 EA 01
(59.83) RX0 191 [8] F3 F4 7F 5B 0B 00 EA 01
(59.84) RX0 2AF [8] 00 00 00 00 00 00 00 00
(59.84) RX0 191 [8] 47 F5 7F 5B 0B 00 EA 01
(59.85) RX0 191 [8] 40 F6 7F 5B 0B 00 EA 01
(59.86) RX0 191 [8] 68 F7 7F 5B 0B 00 EA 01
(59.87) RX0 191 [8] 49 F8 7F 5B 0B 00 EA 01
(59.88) RX0 191 [8] 62 F9 7F 5B 0B 00 EA 01
(59.89) RX0 1A1 [8] 00 00 00 00 AC 68 ED B5
(59.89) RX0 2AF [8] 00 00 00 00 00 00 00 00
(59.89) RX0 39D [8] D5 22 34 00 00 70 ED B5
(59.90) RX0 12DD5556 [8] 00 00 00 00 00 00 FC FF
(59.90) RX0 509 [8] FE 7F FF BF 97 FF 7B C9
(59.90) RX0 1A555637 [8] 00 E0 BF FF 00 00 F8 FF
(59.91) RX0 457 [8] 5A 0D 00 D8 FF FD 1F 00
(59.91) RX0 191 [8] D6 FA 7F 5B 0B 00 EA 01
(59.91) RX0 191 [8] C4 FB 7F 5B 0B 00 EA 01
(59.92) RX0 191 [8] 3E FC 7F 5B 0B 00 EA 01
(59.92) RX0 12DD550B [8] 6F 0D 00 00 00 00 00 00
(59.92) RX0 191 [8] 0E FD 7F 5B 0B 00 EA 01
(59.93) RX0 191 [8] 19 FE 7F 5B 0B 00 EA 01
(59.94) RX0 2AF [8] 00 00 00 00 00 00 00 00
(59.94) RX0 191 [8] F5 FF 7F 5B 0B 00 EA 01
(59.95) RX0 191 [8] 7C F0 7F 5B 0B 00 EA 01
(59.96) RX0 191 [8] 52 F1 7F 5B 0B 00 EA 01
(59.97) RX0 191 [8] 41 F2 7F 5B 0B 00 EA 01
(59.98) RX0 191 [8] 09 F3 7F 5B 0B 00 EA 01
(59.99) RX0 1A1 [8] 00 00 00 00 AC 68 AD B5
(59.99) RX0 2AF [8] 00 00 00 00 00 00 00 00
(59.99) RX0 39D [8] D6 22 34 00 00 60 AD B5
(60.00) RX0 12DD5556 [8] 00 00 00 00 00 00 FC FF
(60.00) RX0 509 [8] FE 7F FF BF 97 FF 7B C9
(60.00) RX0 59E [8] 2B FF 73 FF 20 00 82 FF
(60.01) RX0 17F0007B [8] 21 7B 00 00 0F 0E 01 80
(60.01) RX0 1A555544 [8] 00 00 00 00 96 00 0D 00
(60.01) RX0 1A555637 [8] 00 E0 BF FF 00 00 F8 FF
(60.02) RX0 457 [8] 12 0E 00 D8 FF FD 1F 00
(60.02) RX0 191 [8] F3 F4 7F 5B 0B 00 EA 01
(60.02) RX0 191 [8] 47 F5 7F 5B 0B 00 EA 01
(60.03) RX0 5A2 [8] 9E 4B 6A 31 01 00 C0 FF
(60.03) RX0 191 [8] 40 F6 7F 5B 0B 00 EA 01
(60.03) RX0 12DD550B [8] 4B 0E 00 00 00 00 00 00
(60.05) RX0 191 [8] 68 F7 7F 5B 0B 00 EA 01
(60.05) RX0 191 [8] 49 F8 7F 5B 0B 00 EA 01
(60.05) RX0 2AF [8] 00 00 00 00 00 00 00 00
(60.06) RX0 5CA [8] 45 EA 7F 97 FE 87 FF 03
(60.06) RX0 191 [8] 62 F9 7F 5B 0B 00 EA 01
(60.06) RX0 191 [8] D6 FA 7F 5B 0B 00 EA 01
(60.07) RX0 191 [8] C4 FB 7F 5B 0B 00 EA 01
(60.07) RX0 191 [8] 3E FC 7F 5B 0B 00 EA 01
(60.08) RX0 191 [8] 0E FD 7F 5B 0B 00 EA 01
(60.09) RX0 1A1 [8] 00 00 00 00 AC 68 ED B5
(60.09) RX0 2AF [8] 00 00 00 00 00 00 00 00
(60.09) RX0 39D [8] D6 22 34 00 00 70 ED B5
(60.10) RX0 12DD5556 [8] 00 00 00 00 00 00 FC FF
(60.10) RX0 509 [8] FE 7F FF BF 97 FF 7B C9
(60.10) RX0 1A555637 [8] 00 E0 BF FF 00 00 F8 FF
(60.11) RX0 457 [8] 30 0F 00 D8 FF FD 1F 00
(60.11) RX0 191 [8] 19 FE 7F 5B 0B 00 EA 01
(60.11) RX0 191 [8] F5 FF 7F 5B 0B 00 EA 01
(60.12) RX0 191 [8] 7C F0 7F 5B 0B 00 EA 01
(60.12) RX0 12DD550B [8] 7C 0F 00 00 00 00 00 00
(60.12) RX0 191 [8] 52 F1 7F 5B 0B 00 EA 01
(60.13) RX0 191 [8] 41 F2 7F 5B 0B 00 EA 01
(60.14) RX0 2AF [8] 00 00 00 00 00 00 00 00
(60.14) RX0 191 [8] 09 F3 7F 5B 0B 00 EA 01
(60.15) RX0 191 [8] F3 F4 7F 5B 0B 00 EA 01
(60.16) RX0 191 [8] 47 F5 7F 5B 0B 00 EA 01
(60.17) RX0 191 [8] 40 F6 7F 5B 0B 00 EA 01
(60.18) RX0 191 [8] 68 F7 7F 5B 0B 00 EA 01
(60.19) RX0 1A1 [8] 00 00 00 00 AC 68 AD B5
(60.19) RX0 2AF [8] 00 00 00 00 00 00 00 00
(60.19) RX0 39D [8] D6 22 34 00 00 60 AD B5
(60.20) RX0 12DD5556 [8] 00 00 00 00 00 00 FC FF
(60.20) RX0 509 [8] FE 7F FF BF 97 FF 7B C9
(60.20) RX0 1A555637 [8] 00 E0 BF FF 00 00 F8 FF
(60.21) RX0 457 [8] 56 00 00 D8 FF FD 1F 00
(60.21) RX0 191 [8] 49 F8 7F 5B 0B 00 EA 01
(60.21) RX0 191 [8] 62 F9 7F 5B 0B 00 EA 01
(60.22) RX0 191 [8] D6 FA 7F 5B 0B 00 EA 01
(60.22) RX0 12DD550B [8] 79 00 00 00 00 00 00 00
(60.22) RX0 191 [8] C4 FB 7F 5B 0B 00 EA 01
(60.23) RX0 191 [8] 3E FC 7F 5B 0B 00 EA 01
(60.24) RX0 2AF [8] 00 00 00 00 00 00 00 00
(60.24) RX0 191 [8] 0E FD 7F 5B 0B 00 EA 01
(60.25) RX0 191 [8] 19 FE 7F 5B 0B 00 EA 01
(60.26) RX0 191 [8] F5 FF 7F 5B 0B 00 EA 01
(60.27) RX0 191 [8] 7C F0 7F 5B 0B 00 EA 01
(60.28) RX0 191 [8] 52 F1 7F 5B 0B 00 EA 01
(60.28) RX0 1A1 [8] 00 00 00 00 AC 68 AD B5
(60.29) RX0 2AF [8] 00 00 00 00 00 00 00 00
(60.29) RX0 39D [8] D6 22 34 00 00 60 AD B5
(60.30) RX0 12DD5556 [8] 00 00 00 00 00 00 FC FF
(60.30) RX0 509 [8] FE 7F FF BF 97 FF 7B C9
(60.30) RX0 1A555637 [8] 00 E0 BF FF 00 00 F8 FF
(60.31) RX0 457 [8] CC 01 00 D8 FF FD 1F 00
(70.42) RX0 1B00007B [8] 7B 40 01 00 00 00 00 00
(70.43) RX0 12DD550B [8] C3 01 00 00 00 00 00 C0
(70.43) RX0 191 [8] 55 E1 FF FE EF 7F FF 03
(70.43) RX0 1A1 [8] 00 E0 7F FF FB FF FF FF
(70.43) RX0 2AF [8] 00 00 00 00 00 00 00 00
(70.44) RX0 39D [8] FF E3 BF FF FD FF FF FF
(70.44) RX0 457 [8] 48 01 00 D8 FF FD DF FF
(70.44) RX0 12DD5556 [8] 00 00 00 00 00 00 FC FF
(70.45) RX0 509 [8] FE 7F FF BF BF FF FB FD
(70.45) RX0 59E [8] 33 F0 FE FE 00 3E FE FE
(70.45) RX0 5A2 [8] 15 01 FE FF 03 00 C0 FF
(70.46) RX0 16A954A6 [8] 00 00 00 FE FE FE EF FF
(70.46) RX0 16A955EB [8] 00 00 00 FF FF F7 FF FF
(70.46) RX0 17F0007B [8] 20 7B 00 00 00 00 00 00
(70.48) RX0 1A555535 [8] FF FF FF FF FF FF FF FF
(70.48) RX0 191 [8] 13 F3 7F FF FF 7F FF 03
(70.48) RX0 5A2 [8] 95 02 EA FF 03 00 C0 FF
(70.49) RX0 191 [8] E9 F4 7F FF FF 7F FF 03
(70.49) RX0 191 [8] 5D F5 7F FF FF 7F FF 03
(70.49) RX0 191 [8] 5A F6 7F FF FF 7F FF 03
(70.50) RX0 2AF [8] 00 00 00 00 00 00 00 00
(70.50) RX0 5CA [8] 6B E1 7F 87 FE 87 FF 03
(70.50) RX0 191 [8] 72 F7 7F FF FF 7F FF 03
(70.51) RX0 191 [8] 53 F8 7F FF FF 7F FF 03
(70.51) RX0 578 [8] 7B 81 FF FE 01 00 00 00
(70.51) RX0 191 [8] 78 F9 7F FF FF 7F FF 03
(70.52) RX0 191 [8] CC FA 7F FF FF 7F FF 03
(70.52) RX0 12DD550B [8] 20 02 00 00 00 00 00 C0
(70.52) RX0 191 [8] DE FB 7F FF FF 7F FF 03
(70.53) RX0 1A1 [8] 00 E0 7F 00 F8 FF FF FF
(70.53) RX0 2AF [8] 00 00 00 00 00 00 00 00
(70.53) RX0 39D [8] 00 E0 BF FF FD FF FF FF
(70.55) RX0 12DD5556 [8] 00 00 00 00 00 00 FC FF
(70.55) RX0 509 [8] FE 7F FF BF BF FF 03 00
(70.55) RX0 1A555637 [8] 00 E0 BF FF 00 00 F8 FF
(70.56) RX0 457 [8] 8B 02 00 D8 FF FD FF FF
(70.56) RX0 191 [8] 24 FC 7F FF FF 7F FF 03
(70.57) RX0 1A555552 [8] 00 00 00 00 00 00 00 00
(70.57) RX0 191 [8] 96 FD 7F FF FF 7F 41 00
(70.57) RX0 191 [8] 81 FE 7F FF FF 7F 41 00
(70.58) RX0 191 [8] 0B FF 7F 5B FB 7F 41 00
(70.58) RX0 191 [8] D5 F0 7F 5B 0B 00 41 00
(70.58) RX0 2AF [8] 00 00 00 00 00 00 00 00
(70.59) RX0 191 [8] FB F1 7F 5B 0B 00 41 00
(70.59) RX0 191 [8] E8 F2 7F 5B 0B 00 41 00
(70.60) RX0 191 [8] A0 F3 7F 5B 0B 00 41 00
(70.61) RX0 191 [8] 5A F4 7F 5B 0B 00 41 00
(70.62) RX0 1B00007B [8] 7B 40 01 04 00 00 00 00
(70.62) RX0 191 [8] EE F5 7F 5B 0B 00 41 00
(70.62) RX0 1A1 [8] 00 00 00 00 AC B8 A2 98
(70.62) RX0 2AF [8] 00 00 00 00 00 00 00 00
(70.63) RX0 39D [8] 87 22 34 00 00 20 A6 98
(70.64) RX0 12DD5556 [8] 00 00 00 00 00 00 FC FF
(70.64) RX0 509 [8] FE 7F FF 7F 80 FF 03 00
(70.64) RX0 1A555637 [8] 00 E0 BF FF 00 00 F8 FF
(70.65) RX0 12DD550B [8] 5E 03 00 00 00 00 00 C0
(70.65) RX0 457 [8] 01 03 00 D8 FF FD 1F 00
(70.65) RX0 191 [8] E9 F6 7F 5B 0B 00 41 00
(70.66) RX0 191 [8] C1 F7 7F 5B 0B 00 41 00
(70.66) RX0 191 [8] E0 F8 7F 5B 0B 00 41 00
(70.66) RX0 191 [8] CB F9 7F 5B 0B 00 41 00
(70.67) RX0 191 [8] 7F FA 7F 5B 0B 00 41 00
(70.67) RX0 2AF [8] 00 00 00 00 00 00 00 00
(70.68) RX0 191 [8] 6D FB 7F 5B 0B 00 41 00
(70.69) RX0 191 [8] 97 FC 7F 5B 0B 00 41 00
(70.70) RX0 191 [8] A7 FD 7F 5B 0B 00 41 00
(70.71) RX0 191 [8] B0 FE 7F 5B 0B 00 41 00
(70.72) RX0 191 [8] 5C FF 7F 5B 0B 00 41 00
(70.72) RX0 1A1 [8] 00 00 00 00 AC 98 A8 B5
(70.72) RX0 2AF [8] 00 00 00 00 00 00 00 00
(70.73) RX0 39D [8] 87 22 34 00 00 90 68 A2
(70.74) RX0 12DD5556 [8] 00 00 00 00 00 00 FC FF
(70.74) RX0 509 [8] FE 7F FF 7F 80 FF 03 00
(70.74) RX0 1A555637 [8] 00 E0 BF FF 00 00 F8 FF
(70.75) RX0 12DD550B [8] F8 04 00 00 00 00 00 C0
(70.75) RX0 457 [8] F4 04 00 D8 FF FD 1F 00
(70.75) RX0 191 [8] D5 F0 7F 5B 0B 00 41 00
(70.76) RX0 191 [8] FB F1 7F 5B 0B 00 41 00
(70.76) RX0 191 [8] E8 F2 7F 5B 0B 00 41 00
(70.76) RX0 191 [8] A0 F3 7F 5B 0B 00 41 00
(70.77) RX0 191 [8] 5A F4 7F 5B 0B 00 41 00
(70.77) RX0 2AF [8] 00 00 00 00 00 00 00 00
(70.78) RX0 191 [8] EE F5 7F 5B 0B 00 41 00
(70.79) RX0 191 [8] E9 F6 7F 5B 0B 00 41 00
(70.80) RX0 191 [8] C1 F7 7F 5B 0B 00 41 00
(70.81) RX0 191 [8] E0 F8 7F 5B 0B 00 41 00
(70.82) RX0 1B00007B [8] 7B 40 01 04 00 00 00 00
(70.82) RX0 191 [8] CB F9 7F 5B 0B 00 41 00
(70.82) RX0 1A1 [8] 00 00 00 00 AC 98 A8 B5
(70.82) RX0 2AF [8] 00 00 00 00 00 00 00 00
(70.83) RX0 39D [8] 87 22 34 00 00 90 68 A2
(70.84) RX0 12DD5556 [8] 00 00 00 00 00 00 FC FF
(70.84) RX0 509 [8] FE 7F FF 7F 80 FF 03 00
(70.84) RX0 1A555637 [8] 00 E0 BF FF 00 00 F8 FF
(70.85) RX0 12DD550B [8] 65 05 00 00 00 00 00 C0
(70.85) RX0 457 [8] 68 05 00 D8 FF FD 1F 00
(70.85) RX0 191 [8] 7F FA 7F 5B 0B 00 41 00
(70.86) RX0 191 [8] 6D FB 7F 5B 0B 00 41 00
(70.86) RX0 191 [8] 97 FC 7F 5B 0B 00 41 00
(70.86) RX0 191 [8] A7 FD 7F 5B 0B 00 41 00
(70.87) RX0 191 [8] B0 FE 7F 5B 0B 00 41 00
(70.87) RX0 2AF [8] 00 00 00 00 00 00 00 00
(70.88) RX0 191 [8] 5C FF 7F 5B 0B 00 41 00
(70.89) RX0 191 [8] D5 F0 7F 5B 0B 00 41 00
(70.90) RX0 191 [8] FB F1 7F 5B 0B 00 41 00
(70.91) RX0 191 [8] E8 F2 7F 5B 0B 00 41 00
(70.92) RX0 191 [8] A0 F3 7F 5B 0B 00 41 00
(70.92) RX0 1A1 [8] 00 00 00 00 AC 98 A8 B5
(70.92) RX0 2AF [8] 00 00 00 00 00 00 00 00
(70.93) RX0 39D [8] 87 22 34 00 00 90 68 A2
(70.94) RX0 12DD5556 [8] 00 00 00 00 00 00 FC FF
(70.94) RX0 509 [8] FE 7F FF 7F 80 FF 03 00
(70.94) RX0 59E [8] 2B F0 FE FF 20 3E FE FF
(70.95) RX0 17F0007B [8] 20 7B 00 00 0F 0E 01 00
(70.95) RX0 1A555544 [8] 00 00 00 00 FE FF FE FF
(70.95) RX0 1A555637 [8] 00 E0 BF FF 00 00 F8 FF
(70.96) RX0 12DD550B [8] ED 06 00 00 00 00 00 00
(70.96) RX0 457 [8] 1C 06 00 D8 FF FD 1F 00
(70.96) RX0 191 [8] 5A F4 7F 5B 0B 00 41 00
(70.97) RX0 191 [8] 86 F5 7F 5B 0B 80 EA 01
(70.97) RX0 5A2 [8] 5E 43 6A 31 01 00 C0 FF
(70.97) RX0 191 [8] 81 F6 7F 5B 0B 80 EA 01
(70.98) RX0 191 [8] A9 F7 7F 5B 0B 80 EA 01
(70.98) RX0 191 [8] 88 F8 7F 5B 0B 80 EA 01
(70.98) RX0 2AF [8] 00 00 00 00 00 00 00 00
(71.00) RX0 5CA [8] 14 E2 7F 97 FE 87 FF 03
(71.00) RX0 191 [8] A3 F9 7F 5B 0B 80 EA 01
(71.00) RX0 191 [8] 17 FA 7F 5B 0B 80 EA 01
(71.01) RX0 191 [8] 05 FB 7F 5B 0B 80 EA 01
(71.01) RX0 191 [8] FF FC 7F 5B 0B 80 EA 01
(71.02) RX0 1B00007B [8] 7B 40 01 04 00 00 00 00
(71.02) RX0 191 [8] CF FD 7F 5B 0B 80 EA 01
(71.02) RX0 1A1 [8] 00 00 00 00 AC 98 A8 B5
(71.03) RX0 2AF [8] 00 00 00 00 00 00 00 00
(71.03) RX0 39D [8] D6 22 34 00 00 90 68 A2
(71.04) RX0 12DD5556 [8] 00 00 00 00 00 00 FC FF
(71.04) RX0 509 [8] FE 7F FF BF 97 FF 03 00
(71.04) RX0 1A555637 [8] 00 E0 BF FF 00 00 F8 FF
(71.05) RX0 12DD550B [8] 67 07 00 00 00 00 00 00
(71.05) RX0 457 [8] AC 07 00 D8 FF FD 1F 00
(71.05) RX0 191 [8] D8 FE 7F 5B 0B 80 EA 01
(71.06) RX0 191 [8] 34 FF 7F 5B 0B 80 EA 01
(71.06) RX0 191 [8] BD F0 7F 5B 0B 80 EA 01
(71.06) RX0 191 [8] 93 F1 7F 5B 0B 80 EA 01
(71.07) RX0 191 [8] 80 F2 7F 5B 0B 80 EA 01
(71.07) RX0 2AF [8] 00 00 00 00 00 00 00 00
(71.08) RX0 191 [8] C8 F3 7F 5B 0B 80 EA 01
(71.09) RX0 191 [8] 32 F4 7F 5B 0B 80 EA 01
(71.10) RX0 191 [8] 86 F5 7F 5B 0B 80 EA 01
(71.11) RX0 191 [8] 81 F6 7F 5B 0B 80 EA 01
(71.12) RX0 191 [8] A9 F7 7F 5B 0B 80 EA 01
(71.12) RX0 1A1 [8] 00 00 00 00 AC 68 AD B5
(71.12) RX0 2AF [8] 00 00 00 00 00 00 00 00
(71.13) RX0 39D [8] D6 22 34 00 00 60 AD B5
(71.14) RX0 12DD5556 [8] 00 00 00 00 00 00 FC FF
(71.14) RX0 509 [8] FE 7F FF BF 97 FF 03 00
(71.14) RX0 1A555637 [8] 00 E0 BF FF 00 00 F8 FF
(71.15) RX0 12DD550B [8] 39 08 00 00 00 00 00 00
(71.15) RX0 457 [8] AB 08 00 D8 FF FD 1F 00
(71.15) RX0 191 [8] 88 F8 7F 5B 0B 80 EA 01
(71.16) RX0 191 [8] A3 F9 7F 5B 0B 80 EA 01
(71.16) RX0 191 [8] 17 FA 7F 5B 0B 80 EA 01
(71.16) RX0 191 [8] 05 FB 7F 5B 0B 80 EA 01
(71.17) RX0 191 [8] FF FC 7F 5B 0B 80 EA 01
(71.17) RX0 2AF [8] 00 00 00 00 00 00 00 00
(71.18) RX0 191 [8] CF FD 7F 5B 0B 80 EA 01
(71.19) RX0 191 [8] D8 FE 7F 5B 0B 80 EA 01
(71.20) RX0 191 [8] 34 FF 7F 5B 0B 80 EA 01
(71.21) RX0 191 [8] BD F0 7F 5B 0B 80 EA 01
(71.22) RX0 1B00007B [8] 7B 40 01 04 00 00 00 00
(71.22) RX0 191 [8] 93 F1 7F 5B 0B 80 EA 01
(71.22) RX0 1A1 [8] 00 00 00 00 AC 68 AD B5
(71.22) RX0 2AF [8] 00 00 00 00 00 00 00 00
(71.23) RX0 39D [8] D5 22 34 00 00 60 AD B5
(71.24) RX0 12DD5556 [8] 00 00 00 00 00 00 FC FF
(71.24) RX0 509 [8] FE 7F FF BF 97 FF 03 00
(71.24) RX0 1A555637 [8] 00 E0 BF FF 00 00 F8 FF
(71.25) RX0 12DD550B [8] B7 09 00 00 00 00 00 00
(71.25) RX0 457 [8] E6 09 00 D8 FF FD 1F 00
(71.25) RX0 191 [8] 80 F2 7F 5B 0B 80 EA 01
(71.26) RX0 191 [8] C8 F3 7F 5B 0B 80 EA 01
(71.26) RX0 191 [8] 32 F4 7F 5B 0B 80 EA 01
(71.26) RX0 191 [8] 86 F5 7F 5B 0B 80 EA 01
(71.27) RX0 191 [8] 81 F6 7F 5B 0B 80 EA 01
(71.27) RX0 2AF [8] 00 00 00 00 00 00 00 00
(71.28) RX0 191 [8] A9 F7 7F 5B 0B 80 EA 01
(71.29) RX0 191 [8] 88 F8 7F 5B 0B 80 EA 01
(71.30) RX0 191 [8] A3 F9 7F 5B 0B 80 EA 01
(71.31) RX0 191 [8] 17 FA 7F 5B 0B 80 EA 01
(71.32) RX0 191 [8] 05 FB 7F 5B 0B 80 EA 01
(71.32) RX0 1A1 [8] 00 00 00 00 AC 68 AD B5
(71.32) RX0 2AF [8] 00 00 00 00 00 00 00 00
(71.33) RX0 39D [8] D6 22 34 00 00 60 AD B5
(71.34) RX0 12DD5556 [8] 00 00 00 00 00 00 FC FF
(71.34) RX0 509 [8] FE 7F FF BF 97 FF 7B C9
(71.34) RX0 1A555637 [8] 00 E0 BF FF 00 00 F8 FF
(71.35) RX0 12DD550B [8] 5F 0A 00 00 00 00 00 00
(71.35) RX0 457 [8] 51 0A 00 D8 FF FD 1F 00
(71.35) RX0 191 [8] FF FC 7F 5B 0B 80 EA 01
(71.36) RX0 191 [8] CF FD 7F 5B 0B 80 EA 01
(71.36) RX0 191 [8] D8 FE 7F 5B 0B 80 EA 01
(71.36) RX0 191 [8] 34 FF 7F 5B 0B 80 EA 01
(71.37) RX0 191 [8] BD F0 7F 5B 0B 80 EA 01
(71.37) RX0 2AF [8] 00 00 00 00 00 00 00 00
(71.38) RX0 191 [8] 93 F1 7F 5B 0B 80 EA 01
(71.39) RX0 191 [8] 80 F2 7F 5B 0B 80 EA 01
(71.40) RX0 191 [8] C8 F3 7F 5B 0B 80 EA 01
(71.41) RX0 191 [8] 32 F4 7F 5B 0B 80 EA 01
(71.42) RX0 1B00007B [8] 7B 40 01 04 00 00 00 00
(71.42) RX0 191 [8] 86 F5 7F 5B 0B 80 EA 01
(71.42) RX0 1A1 [8] 00 00 00 00 AC 68 AD B5
(71.42) RX0 2AF [8] 00 00 00 00 00 00 00 00
(71.43) RX0 39D [8] D6 22 34 00 00 60 AD B5
(71.44) RX0 12DD5556 [8] 00 00 00 00 00 00 FC FF
(71.44) RX0 509 [8] FE 7F FF BF 97 FF 7B C9
(71.44) RX0 59E [8] 2B F0 FE FF 20 3E FE FF
(71.45) RX0 16A955EB [8] 00 00 00 FF FF F7 FF FF
(71.45) RX0 17F0007B [8] 20 7B 00 00 0F 0E 01 00
(71.45) RX0 1A555539 [8] C0 FF FF FF FF FF FF FF
(71.46) RX0 1A555543 [8] 00 00 00 00 00 00 00 00
(71.46) RX0 1A555544 [8] 00 00 00 00 96 00 0D 00
(71.47) RX0 1A555552 [8] 00 00 00 00 00 00 00 00
(71.47) RX0 1A555637 [8] 00 E0 BF FF 00 00 F8 FF
(71.47) RX0 191 [8] A9 F7 7F 5B 0B 80 EA 01
(71.48) RX0 5A2 [8] 1B 44 6A 31 01 00 C0 FF
(71.48) RX0 191 [8] 88 F8 7F 5B 0B 80 EA 01
(71.48) RX0 191 [8] A3 F9 7F 5B 0B 80 EA 01
(71.50) RX0 191 [8] 17 FA 7F 5B 0B 80 EA 01
(71.50) RX0 2AF [8] 00 00 00 00 00 00 00 00
(71.50) RX0 5CA [8] 70 E3 7F 97 FE 87 FF 03
(71.51) RX0 191 [8] 05 FB 7F 5B 0B 80 EA 01
(71.51) RX0 191 [8] FF FC 7F 5B 0B 80 EA 01
(71.51) RX0 578 [8] D7 82 FF FE 01 00 00 00
(71.52) RX0 191 [8] CF FD 7F 5B 0B 80 EA 01
(71.52) RX0 191 [8] D8 FE 7F 5B 0B 80 EA 01
(71.52) RX0 191 [8] 34 FF 7F 5B 0B 80 EA 01
(71.52) RX0 1A1 [8] 00 00 00 00 AC 68 AD B5
(71.53) RX0 2AF [8] 00 00 00 00 00 00 00 00
(71.53) RX0 39D [8] D6 22 34 00 00 60 AD B5
(71.53) RX0 12DD5556 [8] 00 00 00 00 00 00 FC FF
(71.55) RX0 509 [8] FE 7F FF BF 97 FF 7B C9
(71.55) RX0 1A555637 [8] 00 E0 BF FF 00 00 F8 FF
(71.55) RX0 457 [8] D9 0C 00 D8 FF FD 1F 00
(71.56) RX0 12DD550B [8] 44 0C 00 00 00 00 00 00
(71.56) RX0 191 [8] BD F0 7F 5B 0B 80 EA 01
(71.56) RX0 191 [8] 93 F1 7F 5B 0B 80 EA 01
(71.57) RX0 191 [8] 80 F2 7F 5B 0B 80 EA 01
(71.57) RX0 191 [8] C8 F3 7F 5B 0B 80 EA 01
(71.57) RX0 191 [8] 32 F4 7F 5B 0B 80 EA 01
(71.57) RX0 2AF [8] 00 00 00 00 00 00 00 00
(71.58) RX0 191 [8] 86 F5 7F 5B 0B 80 EA 01
(71.59) RX0 191 [8] 81 F6 7F 5B 0B 80 EA 01
(71.60) RX0 191 [8] A9 F7 7F 5B 0B 80 EA 01
(71.61) RX0 191 [8] 88 F8 7F 5B 0B 80 EA 01
(71.62) RX0 1B00007B [8] 7B 40 01 04 00 00 00 00
(71.62) RX0 191 [8] A3 F9 7F 5B 0B 80 EA 01
(71.62) RX0 1A1 [8] 00 00 00 00 AC 68 AD B5
(71.62) RX0 2AF [8] 00 00 00 00 00 00 00 00
(71.63) RX0 39D [8] D6 22 34 00 00 60 AD B5
(71.64) RX0 12DD5556 [8] 00 00 00 00 00 00 FC FF
(71.64) RX0 509 [8] FE 7F FF BF 97 FF 7B C9
(71.64) RX0 1A555637 [8] 00 E0 BF FF 00 00 F8 FF
(71.65) RX0 457 [8] 5A 0D 00 D8 FF FD 1F 00
(71.65) RX0 12DD550B [8] 6F 0D 00 00 00 00 00 00
(71.65) RX0 191 [8] 17 FA 7F 5B 0B 80 EA 01
(71.66) RX0 191 [8] 05 FB 7F 5B 0B 80 EA 01
(71.66) RX0 191 [8] FF FC 7F 5B 0B 80 EA 01
(71.66) RX0 191 [8] CF FD 7F 5B 0B 80 EA 01
(71.67) RX0 191 [8] D8 FE 7F 5B 0B 80 EA 01
(71.67) RX0 2AF [8] 00 00 00 00 00 00 00 00
(71.68) RX0 191 [8] 34 FF 7F 5B 0B 80 EA 01
(71.69) RX0 191 [8] BD F0 7F 5B 0B 80 EA 01
(71.70) RX0 191 [8] 93 F1 7F 5B 0B 80 EA 01
(71.71) RX0 191 [8] 80 F2 7F 5B 0B 80 EA 01
(71.72) RX0 191 [8] C8 F3 7F 5B 0B 80 EA 01
(71.72) RX0 1A1 [8] 00 00 00 00 AC 68 AD B5
(71.72) RX0 2AF [8] 00 00 00 00 00 00 00 00
(71.73) RX0 39D [8] D6 22 34 00 00 60 AD B5
(71.74) RX0 12DD5556 [8] 00 00 00 00 00 00 FC FF
(71.74) RX0 509 [8] FE 7F FF BF 97 FF 7B C9
(71.74) RX0 1A555637 [8] 00 E0 BF FF 00 00 F8 FF
(71.75) RX0 457 [8] 12 0E 00 D8 FF FD 1F 00
(71.75) RX0 12DD550B [8] 4B 0E 00 00 00 00 00 00
(71.75) RX0 191 [8] 32 F4 7F 5B 0B 80 EA 01
(71.76) RX0 191 [8] 86 F5 7F 5B 0B 80 EA 01
(71.76) RX0 191 [8] 81 F6 7F 5B 0B 80 EA 01
(71.76) RX0 191 [8] A9 F7 7F 5B 0B 80 EA 01
(71.77) RX0 191 [8] 88 F8 7F 5B 0B 80 EA 01
(71.77) RX0 2AF [8] 00 00 00 00 00 00 00 00
(71.78) RX0 191 [8] A3 F9 7F 5B 0B 80 EA 01
(71.79) RX0 191 [8] 17 FA 7F 5B 0B 80 EA 01
(71.80) RX0 191 [8] 05 FB 7F 5B 0B 80 EA 01
(71.81) RX0 191 [8] FF FC 7F 5B 0B 80 EA 01
(71.82) RX0 1B00007B [8] 7B 40 01 04 00 00 00 00
(71.82) RX0 191 [8] CF FD 7F 5B 0B 80 EA 01
(71.82) RX0 1A1 [8] 00 00 00 00 AC 68 AD B5
(71.82) RX0 2AF [8] 00 00 00 00 00 00 00 00
(71.83) RX0 39D [8] D6 22 34 00 00 60 AD B5
(71.84) RX0 12DD5556 [8] 00 00 00 00 00 00 FC FF
(71.84) RX0 509 [8] FE 7F FF BF 97 FF 7B C9
(71.84) RX0 1A555637 [8] 00 E0 BF FF 00 00 F8 FF
(71.85) RX0 457 [8] 30 0F 00 D8 FF FD 1F 00
(71.85) RX0 12DD550B [8] 7C 0F 00 00 00 00 00 00
(71.85) RX0 191 [8] D8 FE 7F 5B 0B 80 EA 01
(71.86) RX0 191 [8] 34 FF 7F 5B 0B 80 EA 01
(71.86) RX0 191 [8] BD F0 7F 5B 0B 80 EA 01
(71.86) RX0 191 [8] 93 F1 7F 5B 0B 80 EA 01
(71.87) RX0 191 [8] 80 F2 7F 5B 0B 80 EA 01
(71.87) RX0 2AF [8] 00 00 00 00 00 00 00 00
(71.88) RX0 191 [8] C8 F3 7F 5B 0B 80 EA 01
(71.89) RX0 191 [8] 32 F4 7F 5B 0B 80 EA 01
(71.90) RX0 191 [8] 86 F5 7F 5B 0B 80 EA 01
(71.91) RX0 191 [8] 81 F6 7F 5B 0B 80 EA 01
(71.92) RX0 191 [8] A9 F7 7F 5B 0B 80 EA 01
(71.92) RX0 1A1 [8] 00 00 00 00 AC 68 AD B5
(71.92) RX0 2AF [8] 00 00 00 00 00 00 00 00
(71.93) RX0 39D [8] D6 22 34 00 00 60 AD B5
(71.94) RX0 12DD5556 [8] 00 00 00 00 00 00 FC FF
(71.94) RX0 509 [8] FE 7F FF BF 97 FF 7B C9
(71.94) RX0 59E [8] 2B FF 73 FF 20 00 82 FF
(71.95) RX0 17F0007B [8] 20 7B 00 00 0F 0E 01 00
(71.95) RX0 1A555544 [8] 00 00 00 00 96 00 0D 00
(71.95) RX0 1A555637 [8] 00 E0 BF FF 00 00 F8 FF
(71.96) RX0 457 [8] 56 00 00 D8 FF FD 1F 00
(71.96) RX0 12DD550B [8] 79 00 00 00 00 00 00 00
(71.96) RX0 191 [8] 88 F8 7F 5B 0B 80 EA 01
(71.97) RX0 191 [8] A3 F9 7F 5B 0B 80 EA 01
(71.97) RX0 5A2 [8] 04 45 6A 31 01 00 C0 FF
(71.97) RX0 191 [8] 17 FA 7F 5B 0B 80 EA 01
(71.98) RX0 191 [8] 05 FB 7F 5B 0B 80 EA 01
(71.98) RX0 191 [8] FF FC 7F 5B 0B 80 EA 01
(71.98) RX0 2AF [8] 00 00 00 00 00 00 00 00
(72.00) RX0 5CA [8] 63 E4 7F 97 FE 87 FF 03
(72.00) RX0 191 [8] CF FD 7F 5B 0B 80 EA 01
(72.00) RX0 191 [8] D8 FE 7F 5B 0B 80 EA 01
(72.01) RX0 191 [8] 34 FF 7F 5B 0B 80 EA 01
(72.01) RX0 191 [8] BD F0 7F 5B 0B 80 EA 01
(72.02) RX0 1B00007B [8] 7B 40 01 04 00 00 00 00
(72.02) RX0 191 [8] 93 F1 7F 5B 0B 80 EA 01
(72.02) RX0 1A1 [8] 00 00 00 00 AC 68 AD B5
(72.03) RX0 2AF [8] 00 00 00 00 00 00 00 00
(72.03) RX0 39D [8] D6 22 34 00 00 60 AD B5
(72.04) RX0 12DD5556 [8] 00 00 00 00 00 00 FC FF
(72.04) RX0 509 [8] FE 7F FF BF 97 FF 7B C9
(72.04) RX0 1A555637 [8] 00 E0 BF FF 00 00 F8 FF
(72.05) RX0 457 [8] CC 01 00 D8 FF FD 1F 00
(72.05) RX0 191 [8] 80 F2 7F 5B 0B 80 EA 01
(72.05) RX0 12DD550B [8] 50 01 00 00 00 00 00 00
(72.06) RX0 191 [8] C8 F3 7F 5B 0B 80 EA 01
(72.06) RX0 191 [8] 32 F4 7F 5B 0B 80 EA 01
(72.06) RX0 191 [8] 86 F5 7F 5B 0B 80 EA 01
(72.07) RX0 191 [8] 81 F6 7F 5B 0B 80 EA 01
(72.07) RX0 2AF [8] 00 00 00 00 00 00 00 00
(72.08) RX0 191 [8] A9 F7 7F 5B 0B 80 EA 01
(72.09) RX0 191 [8] 88 F8 7F 5B 0B 80 EA 01
(72.10) RX0 191 [8] A3 F9 7F 5B 0B 80 EA 01
(72.11) RX0 191 [8] 17 FA 7F 5B 0B 80 EA 01
(72.12) RX0 191 [8] 05 FB 7F 5B 0B 80 EA 01
(72.12) RX0 1A1 [8] 00 00 00 00 AC 68 AD B5
(72.12) RX0 2AF [8] 00 00 00 00 00 00 00 00
(72.13) RX0 39D [8] D6 22 34 00 00 60 AD B5
(72.14) RX0 12DD5556 [8] 00 00 00 00 00 00 FC FF
(72.14) RX0 509 [8] FE 7F FF BF 97 FF 7B C9
(72.14) RX0 1A555637 [8] 00 E0 BF FF 00 00 F8 FF
(72.15) RX0 457 [8] E0 02 00 D8 FF FD 1F 00
(72.15) RX0 191 [8] FF FC 7F 5B 0B 80 EA 01
(72.15) RX0 12DD550B [8] B3 02 00 00 00 00 00 00
(72.16) RX0 191 [8] CF FD 7F 5B 0B 80 EA 01
(72.16) RX0 191 [8] D8 FE 7F 5B 0B 80 EA 01
(72.16) RX0 191 [8] 34 FF 7F 5B 0B 80 EA 01
(72.17) RX0 191 [8] BD F0 7F 5B 0B 80 EA 01
(72.17) RX0 2AF [8] 00 00 00 00 00 00 00 00
(72.18) RX0 191 [8] 93 F1 7F 5B 0B 80 EA 01
(72.19) RX0 191 [8] 80 F2 7F 5B 0B 80 EA 01
(72.20) RX0 191 [8] C8 F3 7F 5B 0B 80 EA 01
(72.21) RX0 191 [8] 32 F4 7F 5B 0B 80 EA 01
(72.22) RX0 1B00007B [8] 7B 40 01 04 00 00 00 00
(72.22) RX0 191 [8] 86 F5 7F 5B 0B 80 EA 01
(72.22) RX0 1A1 [8] 00 00 00 00 AC 68 AD B5
(72.22) RX0 2AF [8] 00 00 00 00 00 00 00 00
(72.23) RX0 39D [8] D5 22 34 00 00 60 AD B5
(72.24) RX0 12DD5556 [8] 00 00 00 00 00 00 FC FF
(72.24) RX0 509 [8] FE 7F FF BF 97 FF 7B C9
(72.24) RX0 1A555637 [8] 00 E0 BF FF 00 00 F8 FF
(72.25) RX0 457 [8] 01 03 00 D8 FF FD 1F 00
(72.25) RX0 191 [8] 81 F6 7F 5B 0B 80 EA 01
(72.25) RX0 12DD550B [8] CD 03 00 00 00 00 00 00
(72.26) RX0 191 [8] A9 F7 7F 5B 0B 80 EA 01
(72.26) RX0 191 [8] 88 F8 7F 5B 0B 80 EA 01
(72.26) RX0 191 [8] A3 F9 7F 5B 0B 80 EA 01
(72.27) RX0 191 [8] 17 FA 7F 5B 0B 80 EA 01
(72.27) RX0 2AF [8] 00 00 00 00 00 00 00 00
(72.28) RX0 191 [8] 05 FB 7F 5B 0B 80 EA 01
(72.29) RX0 191 [8] FF FC 7F 5B 0B 80 EA 01
(72.30) RX0 191 [8] CF FD 7F 5B 0B 80 EA 01
(72.31) RX0 191 [8] D8 FE 7F 5B 0B 80 EA 01
(72.32) RX0 191 [8] 34 FF 7F 5B 0B 80 EA 01
(72.32) RX0 1A1 [8] 00 00 00 00 AC 68 AD B5
(72.32) RX0 2AF [8] 00 00 00 00 00 00 00 00
(72.33) RX0 39D [8] D6 22 34 00 00 60 AD B5
(72.34) RX0 12DD5556 [8] 00 00 00 00 00 00 FC FF
(72.34) RX0 509 [8] FE 7F FF BF 97 FF 7B C9
(72.34) RX0 1A555637 [8] 00 E0 BF FF 00 00 F8 FF
(72.35) RX0 457 [8] F4 04 00 D8 FF FD 1F 00
(72.35) RX0 191 [8] BD F0 7F 5B 0B 80 EA 01
(72.35) RX0 12DD550B [8] 6B 04 00 00 00 00 00 00
(72.36) RX0 191 [8] 93 F1 7F 5B 0B 80 EA 01
(72.36) RX0 191 [8] 80 F2 7F 5B 0B 80 EA 01
(72.36) RX0 191 [8] C8 F3 7F 5B 0B 80 EA 01
(72.37) RX0 191 [8] 32 F4 7F 5B 0B 80 EA 01
(72.37) RX0 2AF [8] 00 00 00 00 00 00 00 00
(72.38) RX0 191 [8] 86 F5 7F 5B 0B 80 EA 01
(72.39) RX0 191 [8] 81 F6 7F 5B 0B 80 EA 01
(72.40) RX0 191 [8] A9 F7 7F 5B 0B 80 EA 01
(72.41) RX0 191 [8] 88 F8 7F 5B 0B 80 EA 01
(72.42) RX0 1B00007B [8] 7B 40 01 04 00 00 00 00
(72.42) RX0 191 [8] A3 F9 7F 5B 0B 80 EA 01
(72.42) RX0 1A1 [8] 00 00 00 00 AC 68 AD B5
(72.42) RX0 2AF [8] 00 00 00 00 00 00 00 00
(72.43) RX0 39D [8] D6 22 34 00 00 60 AD B5
(72.44) RX0 12DD5556 [8] 00 00 00 00 00 00 FC FF
(72.44) RX0 509 [8] FE 7F FF BF 97 FF 7B C9
(72.44) RX0 59E [8] 2B FF 73 FF 20 00 82 FF
(72.45) RX0 16A954A6 [8] 00 00 00 FE FE FE EF FF
(72.45) RX0 16A955EB [8] 00 00 20 00 C5 C4 03 37
(72.45) RX0 17F0007B [8] 20 7B 00 00 0F 0E 01 00
(72.46) RX0 1A555535 [8] FF FF FF FF FF FF FF FF
(72.46) RX0 1A555536 [8] FF FF FF FF FF FF FF FF
(72.47) RX0 1A555539 [8] 40 08 0E 09 0A 20 03 05
(72.47) RX0 1A555552 [8] 00 00 00 00 00 00 00 00
(72.47) RX0 191 [8] 05 FB 7F 5B 0B 80 EA 01
(72.48) RX0 5A2 [8] A0 46 6A 31 01 00 C0 FF
(72.48) RX0 191 [8] FF FC 7F 5B 0B 80 EA 01
(72.48) RX0 191 [8] CF FD 7F 5B 0B 80 EA 01
(72.50) RX0 191 [8] D8 FE 7F 5B 0B 80 EA 01
(72.50) RX0 2AF [8] 00 00 00 00 00 00 00 00
(72.50) RX0 5CA [8] 07 E5 7F 97 FE 87 FF 03
(72.51) RX0 191 [8] 34 FF 7F 5B 0B 80 EA 01
(72.51) RX0 191 [8] BD F0 7F 5B 0B 80 EA 01
(72.51) RX0 578 [8] B3 83 FF FE 01 00 00 00
(72.52) RX0 191 [8] 93 F1 7F 5B 0B 80 EA 01
(72.52) RX0 191 [8] 80 F2 7F 5B 0B 80 EA 01
(72.52) RX0 191 [8] C8 F3 7F 5B 0B 80 EA 01
(72.52) RX0 1A1 [8] 00 00 00 00 AC 68 AD B5
(72.53) RX0 2AF [8] 00 00 00 00 00 00 00 00
(72.53) RX0 39D [8] D6 22 34 00 00 60 AD B5
(72.53) RX0 12DD5556 [8] 00 00 00 00 00 00 FC FF
(72.55) RX0 509 [8] FE 7F FF BF 97 FF 7B C9
(72.55) RX0 1A555637 [8] 00 E0 BF FF 00 00 F8 FF
(72.55) RX0 457 [8] 1C 06 00 D8 FF FD 1F 00
(72.56) RX0 191 [8] 32 F4 7F 5B 0B 80 EA 01
(72.56) RX0 12DD550B [8] ED 06 00 00 00 00 00 00
(72.56) RX0 191 [8] 86 F5 7F 5B 0B 80 EA 01
(72.57) RX0 191 [8] 81 F6 7F 5B 0B 80 EA 01
(72.57) RX0 191 [8] A9 F7 7F 5B 0B 80 EA 01
(72.57) RX0 191 [8] 88 F8 7F 5B 0B 80 EA 01
(72.57) RX0 2AF [8] 00 00 00 00 00 00 00 00
(72.58) RX0 191 [8] A3 F9 7F 5B 0B 80 EA 01
(72.59) RX0 191 [8] 17 FA 7F 5B 0B 80 EA 01
(72.60) RX0 191 [8] 05 FB 7F 5B 0B 80 EA 01
(72.61) RX0 191 [8] FF FC 7F 5B 0B 80 EA 01
(72.62) RX0 1B00007B [8] 7B 40 01 04 00 00 00 00
(72.62) RX0 191 [8] CF FD 7F 5B 0B 80 EA 01
(72.62) RX0 1A1 [8] 00 00 00 00 AC 68 AD B5
(72.62) RX0 2AF [8] 00 00 00 00 00 00 00 00
(72.63) RX0 39D [8] D6 22 34 00 00 60 AD B5
(72.64) RX0 12DD5556 [8] 00 00 00 00 00 00 FC FF
(72.64) RX0 509 [8] FE 7F FF BF 97 FF 7B C9
(72.64) RX0 1A555637 [8] 00 E0 BF FF 00 00 F8 FF
(72.65) RX0 457 [8] AC 07 00 D8 FF FD 1F 00
(72.65) RX0 191 [8] D8 FE 7F 5B 0B 80 EA 01
(72.65) RX0 12DD550B [8] 67 07 00 00 00 00 00 00
(72.66) RX0 191 [8] 34 FF 7F 5B 0B 80 EA 01
(72.66) RX0 191 [8] BD F0 7F 5B 0B 80 EA 01
(72.66) RX0 191 [8] 93 F1 7F 5B 0B 80 EA 01
(72.67) RX0 191 [8] 80 F2 7F 5B 0B 80 EA 01
(72.67) RX0 2AF [8] 00 00 00 00 00 00 00 00
(72.68) RX0 191 [8] C8 F3 7F 5B 0B 80 EA 01
(72.69) RX0 191 [8] 32 F4 7F 5B 0B 80 EA 01
(72.70) RX0 191 [8] 86 F5 7F 5B 0B 80 EA 01
(72.71) RX0 191 [8] 81 F6 7F 5B 0B 80 EA 01
(72.72) RX0 191 [8] A9 F7 7F 5B 0B 80 EA 01
(72.72) RX0 1A1 [8] 00 00 00 00 AC 68 ED B5
(72.72) RX0 2AF [8] 00 00 00 00 00 00 00 00
(72.73) RX0 39D [8] D6 22 34 00 00 70 ED B5
(72.74) RX0 12DD5556 [8] 00 00 00 00 00 00 FC FF
(72.74) RX0 509 [8] FE 7F FF BF 97 FF 7B C9
(72.74) RX0 1A555637 [8] 00 E0 BF FF 00 00 F8 FF
(72.75) RX0 457 [8] AB 08 00 D8 FF FD 1F 00
(72.75) RX0 191 [8] 88 F8 7F 5B 0B 80 EA 01
(72.75) RX0 12DD550B [8] 39 08 00 00 00 00 00 00
(72.76) RX0 191 [8] A3 F9 7F 5B 0B 80 EA 01
(72.76) RX0 191 [8] 17 FA 7F 5B 0B 80 EA 01
(72.76) RX0 191 [8] 05 FB 7F 5B 0B 80 EA 01
(72.77) RX0 191 [8] FF FC 7F 5B 0B 80 EA 01
(72.77) RX0 2AF [8] 00 00 00 00 00 00 00 00
(72.78) RX0 191 [8] CF FD 7F 5B 0B 80 EA 01
(72.79) RX0 191 [8] D8 FE 7F 5B 0B 80 EA 01
(72.80) RX0 191 [8] 34 FF 7F 5B 0B 80 EA 01
(72.81) RX0 191 [8] BD F0 7F 5B 0B 80 EA 01
(72.82) RX0 1B00007B [8] 7B 40 01 04 00 00 00 00
(72.82) RX0 191 [8] 93 F1 7F 5B 0B 80 EA 01
(72.82) RX0 1A1 [8] 00 00 00 00 AC 68 AD B5
(72.82) RX0 2AF [8] 00 00 00 00 00 00 00 00
(72.83) RX0 39D [8] D6 22 34 00 00 60 AD B5
(72.84) RX0 12DD5556 [8] 00 00 00 00 00 00 FC FF
(72.84) RX0 509 [8] FE 7F FF BF 97 FF 7B C9
(72.84) RX0 1A555637 [8] 00 E0 BF FF 00 00 F8 FF
(72.85) RX0 457 [8] E6 09 00 D8 FF FD 1F 00
(72.85) RX0 191 [8] 80 F2 7F 5B 0B 80 EA 01
(72.85) RX0 12DD550B [8] B7 09 00 00 00 00 00 00
(72.86) RX0 191 [8] C8 F3 7F 5B 0B 80 EA 01
(72.86) RX0 191 [8] 32 F4 7F 5B 0B 80 EA 01
(72.86) RX0 191 [8] 86 F5 7F 5B 0B 80 EA 01
(72.87) RX0 191 [8] 81 F6 7F 5B 0B 80 EA 01
(72.87) RX0 2AF [8] 00 00 00 00 00 00 00 00
(72.88) RX0 191 [8] A9 F7 7F 5B 0B 80 EA 01
(72.89) RX0 191 [8] 88 F8 7F 5B 0B 80 EA 01
(72.90) RX0 191 [8] A3 F9 7F 5B 0B 80 EA 01
(72.91) RX0 191 [8] 17 FA 7F 5B 0B 80 EA 01
(72.92) RX0 191 [8] 05 FB 7F 5B 0B 80 EA 01
(72.92) RX0 1A1 [8] 00 00 00 00 AC 68 AD B5
(72.92) RX0 2AF [8] 00 00 00 00 00 00 00 00
(72.93) RX0 39D [8] D6 22 34 00 00 60 AD B5
(72.94) RX0 12DD5556 [8] 00 00 00 00 00 00 FC FF
(72.94) RX0 509 [8] FE 7F FF BF 97 FF 7B C9
(72.94) RX0 59E [8] 2B FF 73 FF 20 00 82 FF
(72.95) RX0 17F0007B [8] 20 7B 00 00 0F 0E 01 00
(72.95) RX0 1A555544 [8] 00 00 00 00 96 00 0D 00
(72.95) RX0 1A555637 [8] 00 E0 BF FF 00 00 F8 FF
(72.96) RX0 457 [8] 51 0A 00 D8 FF FD 1F 00
(72.96) RX0 191 [8] FF FC 7F 5B 0B 80 EA 01
(72.96) RX0 12DD550B [8] 5F 0A 00 00 00 00 00 00
(72.97) RX0 191 [8] CF FD 7F 5B 0B 80 EA 01
(72.97) RX0 5A2 [8] F4 47 6A 31 01 00 C0 FF
(72.97) RX0 191 [8] D8 FE 7F 5B 0B 80 EA 01
(72.98) RX0 191 [8] 34 FF 7F 5B 0B 80 EA 01
(72.98) RX0 191 [8] BD F0 7F 5B 0B 80 EA 01
(72.98) RX0 2AF [8] 00 00 00 00 00 00 00 00
(73.00) RX0 5CA [8] AB E6 7F 97 FE 87 FF 03
(73.00) RX0 191 [8] 93 F1 7F 5B 0B 80 EA 01
(73.00) RX0 191 [8] 80 F2 7F 5B 0B 80 EA 01
(73.01) RX0 191 [8] C8 F3 7F 5B 0B 80 EA 01
(73.01) RX0 191 [8] 32 F4 7F 5B 0B 80 EA 01
(73.02) RX0 1B00007B [8] 7B 40 01 04 00 00 00 00
(73.02) RX0 191 [8] 86 F5 7F 5B 0B 80 EA 01
(73.02) RX0 1A1 [8] 00 00 00 00 AC 68 AD B5
(73.03) RX0 2AF [8] 00 00 00 00 00 00 00 00
(73.03) RX0 39D [8] D6 22 34 00 00 60 AD B5
(73.04) RX0 12DD5556 [8] 00 00 00 00 00 00 FC FF
(73.04) RX0 509 [8] FE 7F FF BF 97 FF 7B C9
(73.04) RX0 1A555637 [8] 00 E0 BF FF 00 00 F8 FF
(73.05) RX0 457 [8] 03 0B 00 D8 FF FD 1F 00
(73.05) RX0 191 [8] 81 F6 7F 5B 0B 80 EA 01
(73.05) RX0 12DD550B [8] 3D 0B 00 00 00 00 00 00
(73.06) RX0 191 [8] A9 F7 7F 5B 0B 80 EA 01
(73.06) RX0 191 [8] 88 F8 7F 5B 0B 80 EA 01
(73.06) RX0 191 [8] A3 F9 7F 5B 0B 80 EA 01
(73.07) RX0 191 [8] 17 FA 7F 5B 0B 80 EA 01
(73.07) RX0 2AF [8] 00 00 00 00 00 00 00 00
(73.08) RX0 191 [8] 05 FB 7F 5B 0B 80 EA 01
(73.09) RX0 191 [8] FF FC 7F 5B 0B 80 EA 01
(73.10) RX0 191 [8] CF FD 7F 5B 0B 80 EA 01
(73.11) RX0 191 [8] D8 FE 7F 5B 0B 80 EA 01
(73.12) RX0 191 [8] 34 FF 7F 5B 0B 80 EA 01
(73.12) RX0 1A1 [8] 00 00 00 00 AC 68 AD B5
(73.12) RX0 2AF [8] 00 00 00 00 00 00 00 00
(73.13) RX0 39D [8] D6 22 34 00 00 60 AD B5
(73.14) RX0 12DD5556 [8] 00 00 00 00 00 00 FC FF
(73.14) RX0 509 [8] FE 7F FF BF 97 FF 7B C9
(73.14) RX0 1A555637 [8] 00 E0 BF FF 00 00 F8 FF
(73.15) RX0 457 [8] D9 0C 00 D8 FF FD 1F 00
(73.15) RX0 191 [8] BD F0 7F 5B 0B 80 EA 01
(73.15) RX0 12DD550B [8] 44 0C 00 00 00 00 00 00
(73.16) RX0 191 [8] 93 F1 7F 5B 0B 80 EA 01
(73.16) RX0 191 [8] 80 F2 7F 5B 0B 80 EA 01
(73.16) RX0 191 [8] C8 F3 7F 5B 0B 80 EA 01
(73.17) RX0 191 [8] 32 F4 7F 5B 0B 80 EA 01
(73.17) RX0 2AF [8] 00 00 00 00 00 00 00 00
(73.18) RX0 191 [8] 86 F5 7F 5B 0B 80 EA 01
(73.19) RX0 191 [8] 81 F6 7F 5B 0B 80 EA 01
(73.20) RX0 191 [8] A9 F7 7F 5B 0B 80 EA 01
(73.21) RX0 191 [8] 88 F8 7F 5B 0B 80 EA 01
(73.22) RX0 1B00007B [8] 7B 40 01 04 00 00 00 00
(73.22) RX0 191 [8] A3 F9 7F 5B 0B 80 EA 01
(73.22) RX0 1A1 [8] 00 00 00 00 AC 68 AD B5
(73.22) RX0 2AF [8] 00 00 00 00 00 00 00 00
(73.23) RX0 39D [8] D6 22 34 00 00 60 AD B5
(73.24) RX0 12DD5556 [8] 00 00 00 00 00 00 FC FF
(73.24) RX0 509 [8] FE 7F FF BF 97 FF 7B C9
(73.24) RX0 1A555637 [8] 00 E0 BF FF 00 00 F8 FF
(73.25) RX0 457 [8] 5A 0D 00 D8 FF FD 1F 00
(73.25) RX0 191 [8] 17 FA 7F 5B 0B 80 EA 01
(73.25) RX0 12DD550B [8] 6F 0D 00 00 00 00 00 00
(73.26) RX0 191 [8] 05 FB 7F 5B 0B 80 EA 01
(73.26) RX0 191 [8] FF FC 7F 5B 0B 80 EA 01
(73.26) RX0 191 [8] CF FD 7F 5B 0B 80 EA 01
(73.27) RX0 191 [8] D8 FE 7F 5B 0B 80 EA 01
(73.27) RX0 2AF [8] 00 00 00 00 00 00 00 00
(73.28) RX0 191 [8] 34 FF 7F 5B 0B 80 EA 01
(73.29) RX0 191 [8] BD F0 7F 5B 0B 80 EA 01
(73.30) RX0 191 [8] 93 F1 7F 5B 0B 80 EA 01
(73.31) RX0 191 [8] 80 F2 7F 5B 0B 80 EA 01
(73.32) RX0 191 [8] C8 F3 7F 5B 0B 80 EA 01
(73.32) RX0 1A1 [8] 00 00 00 00 AC 68 AD B5
(73.32) RX0 2AF [8] 00 00 00 00 00 00 00 00
(73.33) RX0 39D [8] D6 22 34 00 00 60 AD B5
(73.34) RX0 12DD5556 [8] 00 00 00 00 00 00 FC FF
(73.34) RX0 509 [8] FE 7F FF BF 97 FF 7B C9
(73.34) RX0 1A555637 [8] 00 E0 BF FF 00 00 F8 FF
(73.35) RX0 457 [8] 12 0E 00 D8 FF FD 1F 00
(73.35) RX0 191 [8] 32 F4 7F 5B 0B 80 EA 01
(73.35) RX0 12DD550B [8] 4B 0E 00 00 00 00 00 00
(73.36) RX0 191 [8] 86 F5 7F 5B 0B 80 EA 01
(73.36) RX0 191 [8] 81 F6 7F 5B 0B 80 EA 01
(73.36) RX0 191 [8] A9 F7 7F 5B 0B 80 EA 01
(73.37) RX0 191 [8] 88 F8 7F 5B 0B 80 EA 01
(73.37) RX0 2AF [8] 00 00 00 00 00 00 00 00
(73.38) RX0 191 [8] A3 F9 7F 5B 0B 80 EA 01
(73.39) RX0 191 [8] 17 FA 7F 5B 0B 80 EA 01
(73.40) RX0 191 [8] 05 FB 7F 5B 0B 80 EA 01
(73.41) RX0 191 [8] FF FC 7F 5B 0B 80 EA 01
(73.42) RX0 1B00007B [8] 7B 40 01 04 00 00 00 00
(73.42) RX0 191 [8] CF FD 7F 5B 0B 80 EA 01
(73.42) RX0 1A1 [8] 00 00 00 00 AC 68 AD B5
(73.42) RX0 2AF [8] 00 00 00 00 00 00 00 00
(73.43) RX0 39D [8] D6 22 34 00 00 60 AD B5
(73.44) RX0 12DD5556 [8] 00 00 00 00 00 00 FC FF
(73.44) RX0 509 [8] FE 7F FF BF 97 FF 7B C9
(73.44) RX0 59E [8] 2B FF 73 FF 20 00 82 FF
(73.45) RX0 16A955EB [8] 00 00 20 00 C5 C4 03 37
(73.45) RX0 17F0007B [8] 20 7B 00 00 0F 0E 01 00
(73.45) RX0 1A555539 [8] 40 08 0E 09 0A 21 03 02
(73.46) RX0 1A555543 [8] 00 00 00 00 00 00 00 00
(73.46) RX0 1A555544 [8] 00 00 00 00 96 00 0D 00
(73.47) RX0 1A555552 [8] 00 00 00 00 00 00 00 00
(73.47) RX0 1A555637 [8] 00 E0 BF FF 00 00 F8 FF
(73.47) RX0 191 [8] 34 FF 7F 5B 0B 80 EA 01
(73.48) RX0 5A2 [8] 78 48 6A 31 01 00 C0 FF
(73.48) RX0 12DD550B [8] 7C 0F 00 00 00 00 00 00
(73.48) RX0 191 [8] BD F0 7F 5B 0B 80 EA 01
(73.50) RX0 191 [8] 93 F1 7F 5B 0B 80 EA 01
(73.50) RX0 191 [8] 80 F2 7F 5B 0B 80 EA 01
(73.50) RX0 2AF [8] 00 00 00 00 00 00 00 00
(73.51) RX0 5CA [8] CF E7 7F 97 FE 87 FF 03
(73.51) RX0 191 [8] C8 F3 7F 5B 0B 80 EA 01
(73.51) RX0 191 [8] 32 F4 7F 5B 0B 80 EA 01
(73.52) RX0 578 [8] A0 84 FF FE 01 00 00 00
(73.52) RX0 191 [8] 86 F5 7F 5B 0B 80 EA 01
(73.52) RX0 191 [8] 81 F6 7F 5B 0B 80 EA 01
(73.53) RX0 191 [8] A9 F7 7F 5B 0B 80 EA 01
(73.53) RX0 1A1 [8] 00 00 00 00 AC 68 AD B5
(73.53) RX0 2AF [8] 00 00 00 00 00 00 00 00
(73.54) RX0 39D [8] D6 22 34 00 00 60 AD B5
(73.54) RX0 12DD5556 [8] 00 00 00 00 00 00 FC FF
(73.54) RX0 509 [8] FE 7F FF BF 97 FF 7B C9
(73.55) RX0 1A555637 [8] 00 E0 BF FF 00 00 F8 FF
(73.55) RX0 457 [8] 56 00 00 D8 FF FD 1F 00
(73.56) RX0 191 [8] 88 F8 7F 5B 0B 80 EA 01
(73.56) RX0 191 [8] A3 F9 7F 5B 0B 80 EA 01
(73.57) RX0 12DD550B [8] 79 00 00 00 00 00 00 00
(73.57) RX0 191 [8] 17 FA 7F 5B 0B 80 EA 01
(73.58) RX0 191 [8] 05 FB 7F 5B 0B 80 EA 01
(73.58) RX0 191 [8] FF FC 7F 5B 0B 80 EA 01
(73.58) RX0 2AF [8] 00 00 00 00 00 00 00 00
(73.59) RX0 191 [8] CF FD 7F 5B 0B 80 EA 01
(73.59) RX0 191 [8] D8 FE 7F 5B 0B 80 EA 01
(73.60) RX0 191 [8] 34 FF 7F 5B 0B 80 EA 01
(73.61) RX0 191 [8] BD F0 7F 5B 0B 80 EA 01
(73.62) RX0 1B00007B [8] 7B 40 01 04 00 00 00 00
(73.62) RX0 191 [8] 93 F1 7F 5B 0B 80 EA 01
(73.62) RX0 1A1 [8] 00 00 00 00 AC 68 AD B5
(73.62) RX0 2AF [8] 00 00 00 00 00 00 00 00
(73.63) RX0 39D [8] D6 22 34 00 00 60 AD B5
(73.64) RX0 12DD5556 [8] 00 00 00 00 00 00 FC FF
(73.64) RX0 509 [8] FE 7F FF BF 97 FF 7B C9
(73.64) RX0 1A555637 [8] 00 E0 BF FF 00 00 F8 FF
(73.65) RX0 457 [8] CC 01 00 D8 FF FD 1F 00
(73.65) RX0 191 [8] 80 F2 7F 5B 0B 80 EA 01
(73.65) RX0 191 [8] C8 F3 7F 5B 0B 80 EA 01
(73.66) RX0 12DD550B [8] 50 01 00 00 00 00 00 00
(73.66) RX0 191 [8] 32 F4 7F 5B 0B 80 EA 01
(73.66) RX0 191 [8] 86 F5 7F 5B 0B 80 EA 01
(73.67) RX0 191 [8] 81 F6 7F 5B 0B 80 EA 01
(73.67) RX0 2AF [8] 00 00 00 00 00 00 00 00
(73.68) RX0 191 [8] A9 F7 7F 5B 0B 80 EA 01
(73.69) RX0 191 [8] 88 F8 7F 5B 0B 80 EA 01
(73.70) RX0 191 [8] A3 F9 7F 5B 0B 80 EA 01
(73.71) RX0 191 [8] 17 FA 7F 5B 0B 80 EA 01
(73.72) RX0 191 [8] 05 FB 7F 5B 0B 80 EA 01
(73.72) RX0 1A1 [8] 00 00 00 00 AC 68 AD B5
(73.72) RX0 2AF [8] 00 00 00 00 00 00 00 00
(73.73) RX0 39D [8] D6 22 34 00 00 60 AD B5
(73.74) RX0 12DD5556 [8] 00 00 00 00 00 00 FC FF
(73.74) RX0 509 [8] FE 7F FF BF 97 FF 7B C9
(73.74) RX0 1A555637 [8] 00 E0 BF FF 00 00 F8 FF
(73.75) RX0 457 [8] E0 02 00 D8 FF FD 1F 00
(73.75) RX0 191 [8] FF FC 7F 5B 0B 80 EA 01
(73.75) RX0 191 [8] CF FD 7F 5B 0B 80 EA 01
(73.76) RX0 12DD550B [8] B3 02 00 00 00 00 00 00
(73.76) RX0 191 [8] D8 FE 7F 5B 0B 80 EA 01
(73.76) RX0 191 [8] 34 FF 7F 5B 0B 80 EA 01
(73.77) RX0 191 [8] BD F0 7F 5B 0B 80 EA 01
(73.77) RX0 2AF [8] 00 00 00 00 00 00 00 00
(73.78) RX0 191 [8] 93 F1 7F 5B 0B 80 EA 01
(73.79) RX0 191 [8] 80 F2 7F 5B 0B 80 EA 01
(73.80) RX0 191 [8] C8 F3 7F 5B 0B 80 EA 01
(73.81) RX0 191 [8] 32 F4 7F 5B 0B 80 EA 01
(73.82) RX0 1B00007B [8] 7B 40 01 04 00 00 00 00
(73.82) RX0 191 [8] 86 F5 7F 5B 0B 80 EA 01
(73.82) RX0 1A1 [8] 00 00 00 00 AC 68 AD B5
(73.82) RX0 2AF [8] 00 00 00 00 00 00 00 00
(73.83) RX0 39D [8] D6 22 34 00 00 60 AD B5
(73.84) RX0 12DD5556 [8] 00 00 00 00 00 00 FC FF
(73.84) RX0 509 [8] FE 7F FF BF 97 FF 7B C9
(73.84) RX0 1A555637 [8] 00 E0 BF FF 00 00 F8 FF
(73.85) RX0 457 [8] 01 03 00 D8 FF FD 1F 00
(73.85) RX0 191 [8] 81 F6 7F 5B 0B 80 EA 01
(73.85) RX0 191 [8] A9 F7 7F 5B 0B 80 EA 01
(73.86) RX0 12DD550B [8] CD 03 00 00 00 00 00 00
(73.86) RX0 191 [8] 88 F8 7F 5B 0B 80 EA 01
(73.86) RX0 191 [8] A3 F9 7F 5B 0B 80 EA 01
(73.87) RX0 191 [8] 17 FA 7F 5B 0B 80 EA 01
(73.87) RX0 2AF [8] 00 00 00 00 00 00 00 00
(73.88) RX0 191 [8] 05 FB 7F 5B 0B 80 EA 01
(73.89) RX0 191 [8] FF FC 7F 5B 0B 80 EA 01
(73.90) RX0 191 [8] CF FD 7F 5B 0B 80 EA 01
(73.91) RX0 191 [8] D8 FE 7F 5B 0B 80 EA 01
(73.92) RX0 191 [8] 34 FF 7F 5B 0B 80 EA 01
(73.92) RX0 1A1 [8] 00 00 00 00 AC 68 AD B5
(73.92) RX0 2AF [8] 00 00 00 00 00 00 00 00
(73.93) RX0 39D [8] D5 22 34 00 00 60 AD B5
(73.94) RX0 12DD5556 [8] 00 00 00 00 00 00 FC FF
(73.94) RX0 509 [8] FE 7F FF BF 97 FF 7B C9
(73.94) RX0 59E [8] 2B FF 73 FF 20 00 82 FF
(73.95) RX0 17F0007B [8] 20 7B 00 00 0F 0E 01 00
(73.95) RX0 1A555544 [8] 00 00 00 00 96 00 0D 00
(73.95) RX0 1A555637 [8] 00 E0 BF FF 00 00 F8 FF
(73.96) RX0 457 [8] F4 04 00 D8 FF FD 1F 00
(73.96) RX0 191 [8] BD F0 7F 5B 0B 80 EA 01
(73.96) RX0 191 [8] 93 F1 7F 5B 0B 80 EA 01
(73.97) RX0 5A2 [8] F1 49 6A 31 01 00 C0 FF
(73.97) RX0 12DD550B [8] 6B 04 00 00 00 00 00 00
(73.97) RX0 191 [8] 80 F2 7F 5B 0B 80 EA 01
(73.98) RX0 191 [8] C8 F3 7F 5B 0B 80 EA 01
(73.98) RX0 191 [8] 32 F4 7F 5B 0B 80 EA 01
(73.98) RX0 2AF [8] 00 00 00 00 00 00 00 00
(74.00) RX0 5CA [8] 8D E8 7F 97 FE 87 FF 03
(74.00) RX0 191 [8] 86 F5 7F 5B 0B 80 EA 01
(74.00) RX0 191 [8] 81 F6 7F 5B 0B 80 EA 01
(74.01) RX0 191 [8] A9 F7 7F 5B 0B 80 EA 01
(74.01) RX0 191 [8] 88 F8 7F 5B 0B 80 EA 01
(74.02) RX0 1B00007B [8] 7B 40 01 04 00 00 00 00
(74.02) RX0 191 [8] A3 F9 7F 5B 0B 80 EA 01
(74.02) RX0 1A1 [8] 00 00 00 00 AC 68 AD B5
(74.03) RX0 2AF [8] 00 00 00 00 00 00 00 00
(74.03) RX0 39D [8] D6 22 34 00 00 60 AD B5
(74.04) RX0 12DD5556 [8] 00 00 00 00 00 00 FC FF
(74.04) RX0 509 [8] FE 7F FF BF 97 FF 7B C9
(74.04) RX0 1A555637 [8] 00 E0 BF FF 00 00 F8 FF
(74.05) RX0 457 [8] 68 05 00 D8 FF FD 1F 00
(74.05) RX0 191 [8] 17 FA 7F 5B 0B 80 EA 01
(74.05) RX0 191 [8] 05 FB 7F 5B 0B 80 EA 01
(74.06) RX0 12DD550B [8] F6 05 00 00 00 00 00 00
(74.06) RX0 191 [8] FF FC 7F 5B 0B 80 EA 01
(74.06) RX0 191 [8] CF FD 7F 5B 0B 80 EA 01
(74.07) RX0 191 [8] D8 FE 7F 5B 0B 80 EA 01
(74.07) RX0 2AF [8] 00 00 00 00 00 00 00 00
(74.08) RX0 191 [8] 34 FF 7F 5B 0B 80 EA 01
(74.09) RX0 191 [8] BD F0 7F 5B 0B 80 EA 01
(74.10) RX0 191 [8] 93 F1 7F 5B 0B 80 EA 01
(74.11) RX0 191 [8] 80 F2 7F 5B 0B 80 EA 01
(74.12) RX0 191 [8] C8 F3 7F 5B 0B 80 EA 01
(74.12) RX0 1A1 [8] 00 00 00 00 AC 68 AD B5
(74.12) RX0 2AF [8] 00 00 00 00 00 00 00 00
(74.13) RX0 39D [8] D6 22 34 00 00 60 AD B5
(74.14) RX0 12DD5556 [8] 00 00 00 00 00 00 FC FF
(74.14) RX0 509 [8] FE 7F FF BF 97 FF 7B C9
(74.14) RX0 1A555637 [8] 00 E0 BF FF 00 00 F8 FF
(74.15) RX0 457 [8] 1C 06 00 D8 FF FD 1F 00
(74.15) RX0 191 [8] 32 F4 7F 5B 0B 80 EA 01
(74.15) RX0 191 [8] 86 F5 7F 5B 0B 80 EA 01
(74.16) RX0 12DD550B [8] ED 06 00 00 00 00 00 00
(74.16) RX0 191 [8] 81 F6 7F 5B 0B 80 EA 01
(74.16) RX0 191 [8] A9 F7 7F 5B 0B 80 EA 01
(74.17) RX0 191 [8] 88 F8 7F 5B 0B 80 EA 01
(74.17) RX0 2AF [8] 00 00 00 00 00 00 00 00
(74.18) RX0 191 [8] A3 F9 7F 5B 0B 80 EA 01
(74.19) RX0 191 [8] 17 FA 7F 5B 0B 80 EA 01
(74.20) RX0 191 [8] 05 FB 7F 5B 0B 80 EA 01
(74.21) RX0 191 [8] FF FC 7F 5B 0B 80 EA 01
(74.22) RX0 1B00007B [8] 7B 40 01 04 00 00 00 00
(74.22) RX0 191 [8] CF FD 7F 5B 0B 80 EA 01
(74.22) RX0 1A1 [8] 00 00 00 00 AC 68 AD B5
(74.22) RX0 2AF [8] 00 00 00 00 00 00 00 00
(74.23) RX0 39D [8] D6 22 34 00 00 60 AD B5
(74.24) RX0 12DD5556 [8] 00 00 00 00 00 00 FC FF
(74.24) RX0 509 [8] FE 7F FF BF 97 FF 7B C9
(74.24) RX0 1A555637 [8] 00 E0 BF FF 00 00 F8 FF
(74.25) RX0 457 [8] AC 07 00 D8 FF FD 1F 00
(74.25) RX0 191 [8] D8 FE 7F 5B 0B 80 EA 01
(74.25) RX0 191 [8] 34 FF 7F 5B 0B 80 EA 01
(74.26) RX0 12DD550B [8] 67 07 00 00 00 00 00 00
(74.26) RX0 191 [8] BD F0 7F 5B 0B 80 EA 01
(74.26) RX0 191 [8] 93 F1 7F 5B 0B 80 EA 01
(74.27) RX0 191 [8] 80 F2 7F 5B 0B 80 EA 01
(74.27) RX0 2AF [8] 00 00 00 00 00 00 00 00
(74.28) RX0 191 [8] C8 F3 7F 5B 0B 80 EA 01
(74.29) RX0 191 [8] 32 F4 7F 5B 0B 80 EA 01
(74.30) RX0 191 [8] 86 F5 7F 5B 0B 80 EA 01
(74.31) RX0 191 [8] 81 F6 7F 5B 0B 80 EA 01
(74.32) RX0 191 [8] A9 F7 7F 5B 0B 80 EA 01
(74.32) RX0 1A1 [8] 00 00 00 00 AC 68 AD B5
(74.32) RX0 2AF [8] 00 00 00 00 00 00 00 00
(74.33) RX0 39D [8] D6 22 34 00 00 60 AD B5
(74.34) RX0 12DD5556 [8] 00 00 00 00 00 00 FC FF
(74.34) RX0 509 [8] FE 7F FF BF 97 FF 7B C9
(74.34) RX0 1A555637 [8] 00 E0 BF FF 00 00 F8 FF
(74.35) RX0 457 [8] AB 08 00 D8 FF FD 1F 00
(74.35) RX0 191 [8] 88 F8 7F 5B 0B 80 EA 01
(74.35) RX0 191 [8] A3 F9 7F 5B 0B 80 EA 01
(74.36) RX0 12DD550B [8] 39 08 00 00 00 00 00 00
(74.36) RX0 191 [8] 17 FA 7F 5B 0B 80 EA 01
(74.36) RX0 191 [8] 05 FB 7F 5B 0B 80 EA 01
(74.37) RX0 191 [8] FF FC 7F 5B 0B 80 EA 01
(74.37) RX0 2AF [8] 00 00 00 00 00 00 00 00
(74.38) RX0 191 [8] CF FD 7F 5B 0B 80 EA 01
(74.39) RX0 191 [8] D8 FE 7F 5B 0B 80 EA 01
(74.40) RX0 191 [8] 34 FF 7F 5B 0B 80 EA 01
(74.41) RX0 191 [8] BD F0 7F 5B 0B 80 EA 01
(74.42) RX0 191 [8] 93 F1 7F 5B 0B 80 EA 01
(74.42) RX0 1A1 [8] 00 00 00 00 AC 68 AD B5
(74.42) RX0 2AF [8] 00 00 00 00 00 00 00 00
(74.43) RX0 39D [8] D6 22 34 00 00 60 AD B5
(74.44) RX0 12DD5556 [8] 00 00 00 00 00 00 FC FF
(74.44) RX0 509 [8] FE 7F FF BF 97 FF 7B C9
(74.44) RX0 59E [8] 2B FF 73 FF 20 00 82 FF
(74.45) RX0 16A954A6 [8] 00 00 2C 74 72 73 9A A6
(74.45) RX0 16A955EB [8] 00 00 20 00 C5 C4 03 37
(74.45) RX0 17F0007B [8] 20 7B 00 00 0F 0E 01 00
(74.46) RX0 1A555535 [8] 30 43 33 50 45 54 46 54
(74.46) RX0 1A555536 [8] 39 4A 31 31 30 30 44 34
(74.46) RX0 1A555539 [8] 40 08 0E 09 0A 03 03 01
(74.47) RX0 1A555544 [8] 00 00 00 00 96 00 0D 00
(74.47) RX0 191 [8] C8 F3 7F 5B 0B 80 EA 01
(74.48) RX0 5A2 [8] EC 4A 6A 31 01 00 C0 FF
(74.48) RX0 12DD550B [8] B7 09 00 00 00 00 00 00
(74.48) RX0 191 [8] 32 F4 7F 5B 0B 80 EA 01
(74.50) RX0 191 [8] 86 F5 7F 5B 0B 80 EA 01
(74.50) RX0 191 [8] 81 F6 7F 5B 0B 80 EA 01
(74.50) RX0 2AF [8] 00 00 00 00 00 00 00 00
(74.51) RX0 5CA [8] E9 E9 7F 97 FE 87 FF 03
(74.51) RX0 191 [8] A9 F7 7F 5B 0B 80 EA 01
(74.51) RX0 191 [8] 88 F8 7F 5B 0B 80 EA 01
(74.52) RX0 578 [8] C4 85 FF FE 01 00 00 00
(74.52) RX0 191 [8] A3 F9 7F 5B 0B 80 EA 01
(74.52) RX0 191 [8] 17 FA 7F 5B 0B 80 EA 01
(74.53) RX0 191 [8] 05 FB 7F 5B 0B 80 EA 01
(74.53) RX0 1A1 [8] 00 00 00 00 AC 68 AD B5
(74.53) RX0 2AF [8] 00 00 00 00 00 00 00 00
(74.54) RX0 39D [8] D6 22 34 00 00 60 AD B5
(74.54) RX0 12DD5556 [8] 00 00 00 00 00 00 FC FF
(74.54) RX0 509 [8] FE 7F FF BF 97 FF 7B C9
(74.55) RX0 1A555637 [8] 00 E0 BF FF 00 00 F8 FF
(74.55) RX0 457 [8] 51 0A 00 D8 FF FD 1F 00
(74.55) RX0 191 [8] FF FC 7F 5B 0B 80 EA 01
(74.56) RX0 191 [8] CF FD 7F 5B 0B 80 EA 01
(74.57) RX0 12DD550B [8] 5F 0A 00 00 00 00 00 00
(74.57) RX0 191 [8] D8 FE 7F 5B 0B 80 EA 01
(74.58) RX0 191 [8] 34 FF 7F 5B 0B 80 EA 01
(74.58) RX0 191 [8] BD F0 7F 5B 0B 80 EA 01
(74.58) RX0 2AF [8] 00 00 00 00 00 00 00 00
(74.59) RX0 191 [8] 93 F1 7F 5B 0B 80 EA 01
(74.59) RX0 191 [8] 80 F2 7F 5B 0B 80 EA 01
(74.60) RX0 191 [8] C8 F3 7F 5B 0B 80 EA 01
(74.61) RX0 191 [8] 32 F4 7F 5B 0B 80 EA 01
(74.62) RX0 191 [8] 86 F5 7F 5B 0B 80 EA 01
(74.62) RX0 1A1 [8] 00 00 00 00 AC 68 AD B5
(74.62) RX0 2AF [8] 00 00 00 00 00 00 00 00
(74.63) RX0 39D [8] D6 22 34 00 00 60 AD B5
(74.64) RX0 12DD5556 [8] 00 00 00 00 00 00 FC FF
(74.64) RX0 509 [8] FE 7F FF BF 97 FF 7B C9
(74.64) RX0 1A555637 [8] 00 E0 BF FF 00 00 F8 FF
(74.65) RX0 457 [8] 03 0B 00 D8 FF FD 1F 00
(74.65) RX0 191 [8] 81 F6 7F 5B 0B 80 EA 01
(74.65) RX0 191 [8] A9 F7 7F 5B 0B 80 EA 01
(74.66) RX0 12DD550B [8] 3D 0B 00 00 00 00 00 00
(74.66) RX0 191 [8] 88 F8 7F 5B 0B 80 EA 01
(74.66) RX0 191 [8] A3 F9 7F 5B 0B 80 EA 01
(74.67) RX0 191 [8] 17 FA 7F 5B 0B 80 EA 01
(74.67) RX0 2AF [8] 00 00 00 00 00 00 00 00
(74.68) RX0 191 [8] 05 FB 7F 5B 0B 80 EA 01
(74.69) RX0 191 [8] FF FC 7F 5B 0B 80 EA 01
(74.70) RX0 191 [8] CF FD 7F 5B 0B 80 EA 01
(74.71) RX0 191 [8] D8 FE 7F 5B 0B 80 EA 01
(74.72) RX0 191 [8] 34 FF 7F 5B 0B 80 EA 01
(74.72) RX0 1A1 [8] 00 00 00 00 AC 68 AD B5
(74.72) RX0 2AF [8] 00 00 00 00 00 00 00 00
(74.73) RX0 39D [8] D6 22 34 00 00 60 AD B5
(74.74) RX0 12DD5556 [8] 00 00 00 00 00 00 FC FF
(74.74) RX0 509 [8] FE 7F FF BF 97 FF 7B C9
(74.74) RX0 1A555637 [8] 00 E0 BF FF 00 00 F8 FF
(74.75) RX0 457 [8] D9 0C 00 D8 FF FD 1F 00
(74.75) RX0 191 [8] BD F0 7F 5B 0B 80 EA 01
(74.75) RX0 191 [8] 93 F1 7F 5B 0B 80 EA 01
(74.76) RX0 191 [8] 80 F2 7F 5B 0B 80 EA 01
(74.76) RX0 12DD550B [8] 44 0C 00 00 00 00 00 00
(74.76) RX0 191 [8] C8 F3 7F 5B 0B 80 EA 01
(74.77) RX0 191 [8] 32 F4 7F 5B 0B 80 EA 01
(74.77) RX0 2AF [8] 00 00 00 00 00 00 00 00
(74.78) RX0 191 [8] 86 F5 7F 5B 0B 80 EA 01
(74.79) RX0 191 [8] 81 F6 7F 5B 0B 80 EA 01
(74.80) RX0 191 [8] A9 F7 7F 5B 0B 80 EA 01
(74.81) RX0 191 [8] 88 F8 7F 5B 0B 80 EA 01
(74.82) RX0 191 [8] A3 F9 7F 5B 0B 80 EA 01
(74.82) RX0 1A1 [8] 00 00 00 00 AC 68 AD B5
(74.82) RX0 2AF [8] 00 00 00 00 00 00 00 00
(74.83) RX0 39D [8] D5 22 34 00 00 60 AD B5
(74.84) RX0 12DD5556 [8] 00 00 00 00 00 00 FC FF
(74.84) RX0 509 [8] FE 7F FF BF 97 FF 7B C9
(74.84) RX0 1A555637 [8] 00 E0 BF FF 00 00 F8 FF
(74.85) RX0 457 [8] 5A 0D 00 D8 FF FD 1F 00
(74.85) RX0 191 [8] 17 FA 7F 5B 0B 80 EA 01
(74.85) RX0 191 [8] 05 FB 7F 5B 0B 80 EA 01
(74.86) RX0 191 [8] FF FC 7F 5B 0B 80 EA 01
(74.86) RX0 12DD550B [8] 6F 0D 00 00 00 00 00 00
(74.86) RX0 191 [8] CF FD 7F 5B 0B 80 EA 01
(74.87) RX0 191 [8] D8 FE 7F 5B 0B 80 EA 01
(74.87) RX0 2AF [8] 00 00 00 00 00 00 00 00
(74.88) RX0 191 [8] 34 FF 7F 5B 0B 80 EA 01
(74.89) RX0 191 [8] BD F0 7F 5B 0B 80 EA 01
(74.90) RX0 191 [8] 93 F1 7F 5B 0B 80 EA 01
(74.91) RX0 191 [8] 80 F2 7F 5B 0B 80 EA 01
(74.92) RX0 191 [8] C8 F3 7F 5B 0B 80 EA 01
(74.92) RX0 1A1 [8] 00 00 00 00 AC 68 AD B5
(74.92) RX0 2AF [8] 00 00 00 00 00 00 00 00
(74.93) RX0 39D [8] D6 22 34 00 00 60 AD B5
(74.94) RX0 12DD5556 [8] 00 00 00 00 00 00 FC FF
(74.94) RX0 509 [8] FE 7F FF BF 97 FF 7B C9
(74.94) RX0 59E [8] 2B FF 73 FF 20 00 82 FF
(74.95) RX0 17F0007B [8] 20 7B 00 00 0F 0E 01 00
(74.95) RX0 1A555544 [8] 00 00 00 00 96 00 0D 00
(74.95) RX0 1A555637 [8] 00 E0 BF FF 00 00 F8 FF
(74.96) RX0 457 [8] 12 0E 00 D8 FF FD 1F 00
(74.96) RX0 191 [8] 32 F4 7F 5B 0B 80 EA 01
(74.96) RX0 191 [8] 86 F5 7F 5B 0B 80 EA 01
(74.97) RX0 5A2 [8] 9E 4B 6A 31 01 00 C0 FF
(74.97) RX0 191 [8] 81 F6 7F 5B 0B 80 EA 01
(74.97) RX0 12DD550B [8] 4B 0E 00 00 00 00 00 00
(74.98) RX0 191 [8] A9 F7 7F 5B 0B 80 EA 01
(74.98) RX0 191 [8] 88 F8 7F 5B 0B 80 EA 01
(74.98) RX0 2AF [8] 00 00 00 00 00 00 00 00
(75.00) RX0 5CA [8] 45 EA 7F 97 FE 87 FF 03
(75.00) RX0 191 [8] A3 F9 7F 5B 0B 80 EA 01
(75.00) RX0 191 [8] 17 FA 7F 5B 0B 80 EA 01
(75.01) RX0 191 [8] 05 FB 7F 5B 0B 80 EA 01
(75.01) RX0 191 [8] FF FC 7F 5B 0B 80 EA 01
(75.02) RX0 191 [8] CF FD 7F 5B 0B 80 EA 01
(75.02) RX0 1A1 [8] 00 00 00 00 AC 68 AD B5
(75.03) RX0 2AF [8] 00 00 00 00 00 00 00 00
(75.03) RX0 39D [8] D6 22 34 00 00 60 AD B5
(75.04) RX0 12DD5556 [8] 00 00 00 00 00 00 FC FF
(75.04) RX0 509 [8] FE 7F FF BF 97 FF 7B C9
(75.04) RX0 1A555637 [8] 00 E0 BF FF 00 00 F8 FF
(75.05) RX0 457 [8] 30 0F 00 D8 FF FD 1F 00
(75.05) RX0 191 [8] D8 FE 7F 5B 0B 80 EA 01
(75.05) RX0 191 [8] 34 FF 7F 5B 0B 80 EA 01
(75.06) RX0 191 [8] BD F0 7F 5B 0B 80 EA 01
(75.06) RX0 12DD550B [8] 7C 0F 00 00 00 00 00 00
(75.06) RX0 191 [8] 93 F1 7F 5B 0B 80 EA 01
(75.07) RX0 191 [8] 80 F2 7F 5B 0B 80 EA 01
(75.07) RX0 2AF [8] 00 00 00 00 00 00 00 00
(75.08) RX0 191 [8] C8 F3 7F 5B 0B 80 EA 01
(75.09) RX0 191 [8] 32 F4 7F 5B 0B 80 EA 01
(75.10) RX0 191 [8] 86 F5 7F 5B 0B 80 EA 01
(75.11) RX0 191 [8] 81 F6 7F 5B 0B 80 EA 01
(75.12) RX0 191 [8] A9 F7 7F 5B 0B 80 EA 01
(75.12) RX0 1A1 [8] 00 00 00 00 AC 68 AD B5
(75.12) RX0 2AF [8] 00 00 00 00 00 00 00 00
(75.13) RX0 39D [8] D6 22 34 00 00 60 AD B5
(75.14) RX0 12DD5556 [8] 00 00 00 00 00 00 FC FF
(75.14) RX0 509 [8] FE 7F FF BF 97 FF 7B C9
(75.14) RX0 1A555637 [8] 00 E0 BF FF 00 00 F8 FF
(75.15) RX0 457 [8] 56 00 00 D8 FF FD 1F 00
(75.15) RX0 191 [8] 88 F8 7F 5B 0B 80 EA 01
(75.15) RX0 191 [8] A3 F9 7F 5B 0B 80 EA 01
(75.16) RX0 191 [8] 17 FA 7F 5B 0B 80 EA 01
(75.16) RX0 12DD550B [8] 79 00 00 00 00 00 00 00
(75.16) RX0 191 [8] 05 FB 7F 5B 0B 80 EA 01
(75.17) RX0 191 [8] FF FC 7F 5B 0B 80 EA 01
(75.17) RX0 2AF [8] 00 00 00 00 00 00 00 00
(75.18) RX0 191 [8] CF FD 7F 5B 0B 80 EA 01
(75.19) RX0 191 [8] D8 FE 7F 5B 0B 80 EA 01
(75.20) RX0 191 [8] 34 FF 7F 5B 0B 80 EA 01
(75.21) RX0 191 [8] BD F0 7F 5B 0B 80 EA 01
(75.22) RX0 191 [8] 93 F1 7F 5B 0B 80 EA 01
(75.22) RX0 1A1 [8] 00 00 00 00 AC 68 AD B5
(75.22) RX0 2AF [8] 00 00 00 00 00 00 00 00
(75.23) RX0 39D [8] D6 22 34 00 00 60 AD B5
(75.24) RX0 12DD5556 [8] 00 00 00 00 00 00 FC FF
(75.24) RX0 509 [8] FE 7F FF BF 97 FF 7B C9
(75.24) RX0 1A555637 [8] 00 E0 BF FF 00 00 F8 FF
(75.25) RX0 457 [8] CC 01 00 D8 FF FD 1F 00
