=~=~=~=~=~=~=~=~=~=~=~= PuTTY log 2025.05.22 12:44:45 =~=~=~=~=~=~=~=~=~=~=~=
ets Jul 29 2019 12:21:46

rst:0xc (SW_CPU_RESET),boot:0x13 (SPI_FAST_FLASH_BOOT)
configsip: 0, SPIWP:0xee
clk_drv:0x00,q_drv:0x00,d_drv:0x00,cs0_drv:0x00,hd_drv:0x00,wp_drv:0x00
mode:DIO, clock div:1
load:0x3fff0030,len:4888
load:0x40078000,len:16516
load:0x40080400,len:4
load:0x40080404,len:3476
entry 0x400805b4
(400.36) RX0 1B00007B [8] 7B 40 01 00 00 00 00 00
(400.37) RX0 12DD550B [8] C3 01 00 00 00 00 00 C0
(400.37) RX0 191 [8] 55 E1 FF FE EF 7F FF 03
(400.37) RX0 1A1 [8] 00 E0 7F FF FB FF FF FF
(400.37) RX0 2AF [8] 00 00 00 00 00 00 00 00
(400.38) RX0 39D [8] FF E3 BF FF FD FF FF FF
(400.38) RX0 457 [8] 48 01 00 D8 FF FD DF FF
(400.38) RX0 12DD5556 [8] 00 00 00 00 00 00 FC FF
(400.39) RX0 509 [8] FE 7F FF BF BF FF FB FD
(400.39) RX0 59E [8] 33 F0 FE FE 00 3E FE FE
(400.39) RX0 5A2 [8] 15 01 FE FF 03 00 C0 FF
(400.40) RX0 16A954A6 [8] 00 00 00 FE FE FE EF FF
(400.40) RX0 16A955EB [8] 00 00 00 FF FF F7 FF FF
(400.41) RX0 17F0007B [8] 20 7B 00 00 00 00 00 00
(400.41) RX0 1A555535 [8] FF FF FF FF FF FF FF FF
(400.42) RX0 191 [8] 13 F3 7F FF FF 7F FF 03
(400.43) RX0 5A2 [8] 95 02 EA FF 03 00 C0 FF
(400.43) RX0 191 [8] E9 F4 7F FF FF 7F FF 03
(400.43) RX0 191 [8] 5D F5 7F FF FF 7F FF 03
(400.44) RX0 191 [8] 5A F6 7F FF FF 7F FF 03
(400.44) RX0 2AF [8] 00 00 00 00 00 00 00 00
(400.44) RX0 5CA [8] 6B E1 7F 87 FE 87 FF 03
(400.45) RX0 191 [8] 72 F7 7F FF FF 7F FF 03
(400.45) RX0 191 [8] 53 F8 7F FF FF 7F FF 03
(400.45) RX0 578 [8] 7B 81 FF FE 01 00 00 00
(400.46) RX0 191 [8] 78 F9 7F FF FF 7F FF 03
(400.46) RX0 191 [8] CC FA 7F FF FF 7F FF 03
(400.46) RX0 191 [8] DE FB 7F FF FF 7F FF 03
(400.47) RX0 1A1 [8] 00 E0 7F 00 F8 FF FF FF
(400.47) RX0 2AF [8] 00 00 00 00 00 00 00 00
(400.47) RX0 39D [8] 00 E0 BF FF FD FF FF FF
(400.48) RX0 12DD5556 [8] 00 00 00 00 00 00 FC FF
(400.49) RX0 509 [8] FE 7F FF BF BF FF 03 00
(400.49) RX0 1A555637 [8] 00 E0 BF FF 00 00 F8 FF
(400.50) RX0 12DD550B [8] 20 02 00 00 00 00 00 C0
(400.50) RX0 457 [8] 8B 02 00 D8 FF FD FF FF
(400.50) RX0 191 [8] 24 FC 7F FF FF 7F FF 03
(400.51) RX0 1A555552 [8] 00 00 00 00 00 00 00 00
(400.51) RX0 191 [8] FE FD 7F FF FF FF EA 01
(400.52) RX0 191 [8] E9 FE 7F FF FF FF EA 01
(400.52) RX0 191 [8] 63 FF 7F 5B FB FF EA 01
(400.52) RX0 191 [8] BD F0 7F 5B 0B 80 EA 01
(400.53) RX0 2AF [8] 00 00 00 00 00 00 00 00
(400.53) RX0 191 [8] 93 F1 7F 5B 0B 80 EA 01
(400.53) RX0 191 [8] 80 F2 7F 5B 0B 80 EA 01
(400.54) RX0 191 [8] C8 F3 7F 5B 0B 80 EA 01
(400.55) RX0 191 [8] 32 F4 7F 5B 0B 80 EA 01
(400.56) RX0 1B00007B [8] 7B 40 01 04 00 00 00 00
(400.56) RX0 191 [8] 86 F5 7F 5B 0B 80 EA 01
(400.56) RX0 1A1 [8] 00 00 00 00 AC B8 A2 98
(400.56) RX0 2AF [8] 00 00 00 00 00 00 00 00
(400.56) RX0 39D [8] D6 22 34 00 00 20 A6 98
(400.57) RX0 12DD5556 [8] 00 00 00 00 00 00 FC FF
(400.58) RX0 509 [8] FE 7F FF BF 97 FF 03 00
(400.58) RX0 1A555637 [8] 00 E0 BF FF 00 00 F8 FF
(400.59) RX0 12DD550B [8] 5E 03 00 00 00 00 00 C0
(400.59) RX0 457 [8] 01 03 00 D8 FF FD 1F 00
(400.60) RX0 191 [8] 81 F6 7F 5B 0B 80 EA 01
(400.60) RX0 191 [8] A9 F7 7F 5B 0B 80 EA 01
(400.60) RX0 191 [8] 88 F8 7F 5B 0B 80 EA 01
(400.61) RX0 191 [8] A3 F9 7F 5B 0B 80 EA 01
(400.61) RX0 191 [8] 17 FA 7F 5B 0B 80 EA 01
(400.61) RX0 2AF [8] 00 00 00 00 00 00 00 00
(400.62) RX0 191 [8] 05 FB 7F 5B 0B 80 EA 01
(400.63) RX0 191 [8] FF FC 7F 5B 0B 80 EA 01
(400.64) RX0 191 [8] CF FD 7F 5B 0B 80 EA 01
(400.65) RX0 191 [8] D8 FE 7F 5B 0B 80 EA 01
(400.66) RX0 191 [8] 34 FF 7F 5B 0B 80 EA 01
(400.66) RX0 1A1 [8] 00 00 00 00 AC 68 AD B5
(400.66) RX0 2AF [8] 00 00 00 00 00 00 00 00
(400.67) RX0 39D [8] D6 22 34 00 00 60 AD B5
(400.68) RX0 12DD5556 [8] 00 00 00 00 00 00 FC FF
(400.68) RX0 509 [8] FE 7F FF BF 97 FF 03 00
(400.68) RX0 1A555637 [8] 00 E0 BF FF 00 00 F8 FF
(400.69) RX0 12DD550B [8] F8 04 00 00 00 00 00 C0
(400.69) RX0 457 [8] F4 04 00 D8 FF FD 1F 00
(400.69) RX0 191 [8] BD F0 7F 5B 0B 80 EA 01
(400.70) RX0 191 [8] 93 F1 7F 5B 0B 80 EA 01
(400.70) RX0 191 [8] 80 F2 7F 5B 0B 80 EA 01
(400.70) RX0 191 [8] C8 F3 7F 5B 0B 80 EA 01
(400.71) RX0 191 [8] 32 F4 7F 5B 0B 80 EA 01
(400.71) RX0 2AF [8] 00 00 00 00 00 00 00 00
(400.72) RX0 191 [8] 86 F5 7F 5B 0B 80 EA 01
(400.73) RX0 191 [8] 81 F6 7F 5B 0B 80 EA 01
(400.74) RX0 191 [8] A9 F7 7F 5B 0B 80 EA 01
(400.75) RX0 191 [8] 88 F8 7F 5B 0B 80 EA 01
(400.76) RX0 1B00007B [8] 7B 40 01 04 00 00 00 00
(400.76) RX0 191 [8] A3 F9 7F 5B 0B 80 EA 01
(400.76) RX0 1A1 [8] 00 00 00 00 AC 68 AD B5
(400.76) RX0 2AF [8] 00 00 00 00 00 00 00 00
(400.76) RX0 39D [8] D6 22 34 00 00 60 AD B5
(400.77) RX0 12DD5556 [8] 00 00 00 00 00 00 FC FF
(400.78) RX0 509 [8] FE 7F FF BF 97 FF 03 00
(400.78) RX0 1A555637 [8] 00 E0 BF FF 00 00 F8 FF
(400.79) RX0 12DD550B [8] 65 05 00 00 00 00 00 C0
(400.79) RX0 457 [8] 68 05 00 D8 FF FD 1F 00
(400.80) RX0 191 [8] 17 FA 7F 5B 0B 80 EA 01
(400.80) RX0 191 [8] 05 FB 7F 5B 0B 80 EA 01
(400.80) RX0 191 [8] FF FC 7F 5B 0B 80 EA 01
(400.81) RX0 191 [8] CF FD 7F 5B 0B 80 EA 01
(400.81) RX0 191 [8] D8 FE 7F 5B 0B 80 EA 01
(400.81) RX0 2AF [8] 00 00 00 00 00 00 00 00
(400.82) RX0 191 [8] 34 FF 7F 5B 0B 80 EA 01
(400.83) RX0 191 [8] BD F0 7F 5B 0B 80 EA 01
(400.84) RX0 191 [8] 93 F1 7F 5B 0B 80 EA 01
(400.85) RX0 191 [8] 80 F2 7F 5B 0B 80 EA 01
(400.86) RX0 191 [8] C8 F3 7F 5B 0B 80 EA 01
(400.86) RX0 1A1 [8] 00 00 00 00 AC 68 AD B5
(400.86) RX0 2AF [8] 00 00 00 00 00 00 00 00
(400.87) RX0 39D [8] D6 22 34 00 00 60 AD B5
(400.87) RX0 12DD5556 [8] 00 00 00 00 00 00 FC FF
(400.88) RX0 509 [8] FE 7F FF BF 97 FF 03 00
(400.88) RX0 59E [8] 2B F0 FE FF 20 3E FE FF
(400.89) RX0 17F0007B [8] 20 7B 00 00 0F 0E 01 00
(400.89) RX0 1A555544 [8] 00 00 00 00 FE FF FE FF
(400.89) RX0 1A555637 [8] 00 E0 BF FF 00 00 F8 FF
(400.90) RX0 12DD550B [8] ED 06 00 00 00 00 00 00
(400.90) RX0 457 [8] 1C 06 00 D8 FF FD 1F 00
(400.91) RX0 191 [8] 32 F4 7F 5B 0B 80 EA 01
(400.91) RX0 191 [8] 86 F5 7F 5B 0B 80 EA 01
(400.91) RX0 5A2 [8] 5E 43 6A 31 01 00 C0 FF
(400.92) RX0 191 [8] 81 F6 7F 5B 0B 80 EA 01
(400.92) RX0 191 [8] A9 F7 7F 5B 0B 80 EA 01
(400.92) RX0 191 [8] 88 F8 7F 5B 0B 80 EA 01
(400.93) RX0 2AF [8] 00 00 00 00 00 00 00 00
(400.93) RX0 5CA [8] 14 E2 7F 97 FE 87 FF 03
(400.93) RX0 191 [8] A3 F9 7F 5B 0B 80 EA 01
(400.94) RX0 191 [8] 17 FA 7F 5B 0B 80 EA 01
(400.95) RX0 191 [8] 05 FB 7F 5B 0B 80 EA 01
(400.95) RX0 191 [8] FF FC 7F 5B 0B 80 EA 01
(400.96) RX0 1B00007B [8] 7B 40 01 04 00 00 00 00
(400.96) RX0 191 [8] CF FD 7F 5B 0B 80 EA 01
(400.96) RX0 1A1 [8] 00 00 00 00 AC 68 AD B5
(400.96) RX0 2AF [8] 00 00 00 00 00 00 00 00
(400.96) RX0 39D [8] D6 22 34 00 00 60 AD B5
(400.98) RX0 12DD5556 [8] 00 00 00 00 00 00 FC FF
(400.98) RX0 509 [8] FE 7F FF BF 97 FF 03 00
(400.99) RX0 1A555637 [8] 00 E0 BF FF 00 00 F8 FF
(400.99) RX0 12DD550B [8] 67 07 00 00 00 00 00 00
(400.99) RX0 457 [8] AC 07 00 D8 FF FD 1F 00
(401.00) RX0 191 [8] D8 FE 7F 5B 0B 80 EA 01
(401.00) RX0 191 [8] 34 FF 7F 5B 0B 80 EA 01
(401.00) RX0 191 [8] BD F0 7F 5B 0B 80 EA 01
(401.01) RX0 191 [8] 93 F1 7F 5B 0B 80 EA 01
(401.01) RX0 191 [8] 80 F2 7F 5B 0B 80 EA 01
(401.01) RX0 2AF [8] 00 00 00 00 00 00 00 00
(401.02) RX0 191 [8] C8 F3 7F 5B 0B 80 EA 01
(401.03) RX0 191 [8] 32 F4 7F 5B 0B 80 EA 01
(401.04) RX0 191 [8] 86 F5 7F 5B 0B 80 EA 01
(401.05) RX0 191 [8] 81 F6 7F 5B 0B 80 EA 01
(401.06) RX0 191 [8] A9 F7 7F 5B 0B 80 EA 01
(401.06) RX0 1A1 [8] 00 00 00 00 AC 68 AD B5
(401.06) RX0 2AF [8] 00 00 00 00 00 00 00 00
(401.06) RX0 39D [8] D6 22 34 00 00 60 AD B5
(401.07) RX0 12DD5556 [8] 00 00 00 00 00 00 FC FF
(401.08) RX0 509 [8] FE 7F FF BF 97 FF 03 00
(401.08) RX0 1A555637 [8] 00 E0 BF FF 00 00 F8 FF
(401.09) RX0 12DD550B [8] 39 08 00 00 00 00 00 00
(401.09) RX0 457 [8] AB 08 00 D8 FF FD 1F 00
(401.09) RX0 191 [8] 88 F8 7F 5B 0B 80 EA 01
(401.10) RX0 191 [8] A3 F9 7F 5B 0B 80 EA 01
(401.10) RX0 191 [8] 17 FA 7F 5B 0B 80 EA 01
(401.10) RX0 191 [8] 05 FB 7F 5B 0B 80 EA 01
(401.11) RX0 191 [8] FF FC 7F 5B 0B 80 EA 01
(401.11) RX0 2AF [8] 00 00 00 00 00 00 00 00
(401.12) RX0 191 [8] CF FD 7F 5B 0B 80 EA 01
(401.13) RX0 191 [8] D8 FE 7F 5B 0B 80 EA 01
(401.14) RX0 191 [8] 34 FF 7F 5B 0B 80 EA 01
(401.15) RX0 191 [8] BD F0 7F 5B 0B 80 EA 01
(401.16) RX0 1B00007B [8] 7B 40 01 04 00 00 00 00
(401.16) RX0 191 [8] 93 F1 7F 5B 0B 80 EA 01
(401.16) RX0 1A1 [8] 00 00 00 00 AC 68 AD B5
(401.16) RX0 2AF [8] 00 00 00 00 00 00 00 00
(401.17) RX0 39D [8] D6 22 34 00 00 60 AD B5
(401.18) RX0 12DD5556 [8] 00 00 00 00 00 00 FC FF
(401.18) RX0 509 [8] FE 7F FF BF 97 FF 03 00
(401.18) RX0 1A555637 [8] 00 E0 BF FF 00 00 F8 FF
(401.19) RX0 457 [8] E6 09 00 D8 FF FD 1F 00
(401.19) RX0 12DD550B [8] B7 09 00 00 00 00 00 00
(401.20) RX0 191 [8] 80 F2 7F 5B 0B 80 EA 01
(401.20) RX0 191 [8] C8 F3 7F 5B 0B 80 EA 01
(401.20) RX0 191 [8] 32 F4 7F 5B 0B 80 EA 01
(401.21) RX0 191 [8] 86 F5 7F 5B 0B 80 EA 01
(401.21) RX0 191 [8] 81 F6 7F 5B 0B 80 EA 01
(401.21) RX0 2AF [8] 00 00 00 00 00 00 00 00
(401.22) RX0 191 [8] A9 F7 7F 5B 0B 80 EA 01
(401.23) RX0 191 [8] 88 F8 7F 5B 0B 80 EA 01
(401.24) RX0 191 [8] A3 F9 7F 5B 0B 80 EA 01
(401.25) RX0 191 [8] 17 FA 7F 5B 0B 80 EA 01
(401.26) RX0 191 [8] 05 FB 7F 5B 0B 80 EA 01
(401.26) RX0 1A1 [8] 00 00 00 00 AC 68 AD B5
(401.26) RX0 2AF [8] 00 00 00 00 00 00 00 00
(401.26) RX0 39D [8] D6 22 34 00 00 60 AD B5
(401.27) RX0 12DD5556 [8] 00 00 00 00 00 00 FC FF
(401.28) RX0 509 [8] FE 7F FF BF 97 FF 7B C9
(401.28) RX0 1A555637 [8] 00 E0 BF FF 00 00 F8 FF
(401.29) RX0 457 [8] 51 0A 00 D8 FF FD 1F 00
(401.29) RX0 12DD550B [8] 5F 0A 00 00 00 00 00 00
(401.29) RX0 191 [8] FF FC 7F 5B 0B 80 EA 01
(401.30) RX0 191 [8] CF FD 7F 5B 0B 80 EA 01
(401.30) RX0 191 [8] D8 FE 7F 5B 0B 80 EA 01
(401.30) RX0 191 [8] 34 FF 7F 5B 0B 80 EA 01
(401.31) RX0 191 [8] BD F0 7F 5B 0B 80 EA 01
(401.31) RX0 2AF [8] 00 00 00 00 00 00 00 00
(401.32) RX0 191 [8] 93 F1 7F 5B 0B 80 EA 01
(401.33) RX0 191 [8] 80 F2 7F 5B 0B 80 EA 01
(401.34) RX0 191 [8] C8 F3 7F 5B 0B 80 EA 01
(401.35) RX0 191 [8] 32 F4 7F 5B 0B 80 EA 01
(401.36) RX0 1B00007B [8] 7B 40 01 04 00 00 00 00
(401.36) RX0 191 [8] 86 F5 7F 5B 0B 80 EA 01
(401.36) RX0 1A1 [8] 00 00 00 00 AC 68 ED B5
(401.36) RX0 2AF [8] 00 00 00 00 00 00 00 00
(401.37) RX0 39D [8] D6 22 34 00 00 70 ED B5
(401.37) RX0 12DD5556 [8] 00 00 00 00 00 00 FC FF
(401.38) RX0 509 [8] FE 7F FF BF 97 FF 7B C9
(401.38) RX0 59E [8] 2B F0 FE FF 20 3E FE FF
(401.39) RX0 16A955EB [8] 00 00 00 FF FF F7 FF FF
(401.39) RX0 17F0007B [8] 20 7B 00 00 0F 0E 01 00
(401.40) RX0 1A555539 [8] C0 FF FF FF FF FF FF FF
(401.40) RX0 1A555543 [8] 00 00 00 00 00 00 00 00
(401.40) RX0 1A555544 [8] 00 00 00 00 96 00 0D 00
(401.41) RX0 1A555552 [8] 00 00 00 00 00 00 00 00
(401.41) RX0 1A555626 [8] FF FF 00 00 00 00 00 00
(401.41) RX0 191 [8] A9 F7 7F 5B 0B 80 EA 01
(401.42) RX0 5A2 [8] 1B 44 6A 31 01 00 C0 FF
(401.42) RX0 191 [8] 88 F8 7F 5B 0B 80 EA 01
(401.42) RX0 191 [8] A3 F9 7F 5B 0B 80 EA 01
(401.43) RX0 191 [8] 17 FA 7F 5B 0B 80 EA 01
(401.43) RX0 2AF [8] 00 00 00 00 00 00 00 00
(401.43) RX0 5CA [8] 70 E3 7F 97 FE 87 FF 03
(401.44) RX0 191 [8] 05 FB 7F 5B 0B 80 EA 01
(401.45) RX0 191 [8] FF FC 7F 5B 0B 80 EA 01
(401.46) RX0 578 [8] D7 82 FF FE 01 00 00 00
(401.46) RX0 191 [8] CF FD 7F 5B 0B 80 EA 01
(401.46) RX0 191 [8] D8 FE 7F 5B 0B 80 EA 01
(401.47) RX0 191 [8] 34 FF 7F 5B 0B 80 EA 01
(401.47) RX0 1A1 [8] 00 00 00 00 AC 68 ED B5
(401.47) RX0 2AF [8] 00 00 00 00 00 00 00 00
(401.48) RX0 39D [8] D6 22 34 00 00 70 ED B5
(401.48) RX0 12DD5556 [8] 00 00 00 00 00 00 FC FF
(401.48) RX0 509 [8] FE 7F FF BF 97 FF 7B C9
(401.49) RX0 1A555637 [8] 00 E0 BF FF 00 00 F8 FF
(401.49) RX0 457 [8] D9 0C 00 D8 FF FD 1F 00
(401.49) RX0 12DD550B [8] 44 0C 00 00 00 00 00 00
(401.50) RX0 191 [8] BD F0 7F 5B 0B 80 EA 01
(401.50) RX0 191 [8] 93 F1 7F 5B 0B 80 EA 01
(401.50) RX0 191 [8] 80 F2 7F 5B 0B 80 EA 01
(401.51) RX0 191 [8] C8 F3 7F 5B 0B 80 EA 01
(401.52) RX0 191 [8] 32 F4 7F 5B 0B 80 EA 01
(401.52) RX0 2AF [8] 00 00 00 00 00 00 00 00
(401.53) RX0 191 [8] 86 F5 7F 5B 0B 80 EA 01
(401.53) RX0 191 [8] 81 F6 7F 5B 0B 80 EA 01
(401.54) RX0 191 [8] A9 F7 7F 5B 0B 80 EA 01
(401.55) RX0 191 [8] 88 F8 7F 5B 0B 80 EA 01
(401.56) RX0 1B00007B [8] 7B 40 01 04 00 00 00 00
(401.56) RX0 191 [8] A3 F9 7F 5B 0B 80 EA 01
(401.56) RX0 1A1 [8] 00 00 00 00 AC 68 ED B5
(401.56) RX0 2AF [8] 00 00 00 00 00 00 00 00
(401.56) RX0 39D [8] D5 22 34 00 00 70 ED B5
(401.57) RX0 12DD5556 [8] 00 00 00 00 00 00 FC FF
(401.58) RX0 509 [8] FE 7F FF BF 97 FF 7B C9
(401.58) RX0 1A555637 [8] 00 E0 BF FF 00 00 F8 FF
(401.59) RX0 457 [8] 5A 0D 00 D8 FF FD 1F 00
(401.59) RX0 12DD550B [8] 6F 0D 00 00 00 00 00 00
(401.60) RX0 191 [8] 17 FA 7F 5B 0B 80 EA 01
(401.60) RX0 191 [8] 05 FB 7F 5B 0B 80 EA 01
(401.60) RX0 191 [8] FF FC 7F 5B 0B 80 EA 01
(401.61) RX0 191 [8] CF FD 7F 5B 0B 80 EA 01
(401.61) RX0 191 [8] D8 FE 7F 5B 0B 80 EA 01
(401.61) RX0 2AF [8] 00 00 00 00 00 00 00 00
(401.62) RX0 191 [8] 34 FF 7F 5B 0B 80 EA 01
(401.63) RX0 191 [8] BD F0 7F 5B 0B 80 EA 01
(401.64) RX0 191 [8] 93 F1 7F 5B 0B 80 EA 01
(401.65) RX0 191 [8] 80 F2 7F 5B 0B 80 EA 01
(401.66) RX0 191 [8] C8 F3 7F 5B 0B 80 EA 01
(401.66) RX0 1A1 [8] 00 00 00 00 AC 68 AD B5
(401.66) RX0 2AF [8] 00 00 00 00 00 00 00 00
(401.67) RX0 39D [8] D6 22 34 00 00 60 AD B5
(401.68) RX0 12DD5556 [8] 00 00 00 00 00 00 FC FF
(401.68) RX0 509 [8] FE 7F FF BF 97 FF 7B C9
(401.68) RX0 1A555637 [8] 00 E0 BF FF 00 00 F8 FF
(401.69) RX0 457 [8] 12 0E 00 D8 FF FD 1F 00
(401.69) RX0 12DD550B [8] 4B 0E 00 00 00 00 00 00
(401.69) RX0 191 [8] 32 F4 7F 5B 0B 80 EA 01
(401.70) RX0 191 [8] 86 F5 7F 5B 0B 80 EA 01
(401.70) RX0 191 [8] 81 F6 7F 5B 0B 80 EA 01
(401.70) RX0 191 [8] A9 F7 7F 5B 0B 80 EA 01
(401.71) RX0 191 [8] 88 F8 7F 5B 0B 80 EA 01
(401.71) RX0 2AF [8] 00 00 00 00 00 00 00 00
(401.72) RX0 191 [8] A3 F9 7F 5B 0B 80 EA 01
(401.73) RX0 191 [8] 17 FA 7F 5B 0B 80 EA 01
(401.74) RX0 191 [8] 05 FB 7F 5B 0B 80 EA 01
(401.75) RX0 191 [8] FF FC 7F 5B 0B 80 EA 01
(401.76) RX0 1B00007B [8] 7B 40 01 04 00 00 00 00
(401.76) RX0 191 [8] CF FD 7F 5B 0B 80 EA 01
(401.76) RX0 1A1 [8] 00 00 00 00 AC 68 ED B5
(401.76) RX0 2AF [8] 00 00 00 00 00 00 00 00
(401.76) RX0 39D [8] D6 22 34 00 00 70 ED B5
(401.77) RX0 12DD5556 [8] 00 00 00 00 00 00 FC FF
(401.78) RX0 509 [8] FE 7F FF BF 97 FF 7B C9
(401.78) RX0 1A555637 [8] 00 E0 BF FF 00 00 F8 FF
(401.79) RX0 457 [8] 30 0F 00 D8 FF FD 1F 00
(401.79) RX0 12DD550B [8] 7C 0F 00 00 00 00 00 00
(401.80) RX0 191 [8] D8 FE 7F 5B 0B 80 EA 01
(401.80) RX0 191 [8] 34 FF 7F 5B 0B 80 EA 01
(401.80) RX0 191 [8] BD F0 7F 5B 0B 80 EA 01
(401.81) RX0 191 [8] 93 F1 7F 5B 0B 80 EA 01
(401.81) RX0 191 [8] 80 F2 7F 5B 0B 80 EA 01
(401.81) RX0 2AF [8] 00 00 00 00 00 00 00 00
(401.82) RX0 191 [8] C8 F3 7F 5B 0B 80 EA 01
(401.83) RX0 191 [8] 32 F4 7F 5B 0B 80 EA 01
(401.84) RX0 191 [8] 86 F5 7F 5B 0B 80 EA 01
(401.85) RX0 191 [8] 81 F6 7F 5B 0B 80 EA 01
(401.86) RX0 191 [8] A9 F7 7F 5B 0B 80 EA 01
(401.86) RX0 1A1 [8] 00 00 00 00 AC 68 ED B5
(401.86) RX0 2AF [8] 00 00 00 00 00 00 00 00
(401.87) RX0 39D [8] D6 22 34 00 00 70 ED B5
(401.87) RX0 12DD5556 [8] 00 00 00 00 00 00 FC FF
(401.88) RX0 509 [8] FE 7F FF BF 97 FF 7B C9
(401.88) RX0 59E [8] 2B FF 73 FF 20 00 82 FF
(401.89) RX0 17F0007B [8] 20 7B 00 00 0F 0E 01 00
(401.89) RX0 1A555544 [8] 00 00 00 00 96 00 0D 00
(401.89) RX0 1A555637 [8] 00 E0 BF FF 00 00 F8 FF
(401.90) RX0 457 [8] 56 00 00 D8 FF FD 1F 00
(401.90) RX0 191 [8] 88 F8 7F 5B 0B 80 EA 01
(401.90) RX0 12DD550B [8] 79 00 00 00 00 00 00 00
(401.91) RX0 191 [8] A3 F9 7F 5B 0B 80 EA 01
(401.91) RX0 5A2 [8] 04 45 6A 31 01 00 C0 FF
(401.92) RX0 191 [8] 17 FA 7F 5B 0B 80 EA 01
(401.92) RX0 191 [8] 05 FB 7F 5B 0B 80 EA 01
(401.92) RX0 191 [8] FF FC 7F 5B 0B 80 EA 01
(401.93) RX0 2AF [8] 00 00 00 00 00 00 00 00
(401.93) RX0 5CA [8] 63 E4 7F 97 FE 87 FF 03
(401.93) RX0 191 [8] CF FD 7F 5B 0B 80 EA 01
(401.94) RX0 191 [8] D8 FE 7F 5B 0B 80 EA 01
(401.95) RX0 191 [8] 34 FF 7F 5B 0B 80 EA 01
(401.95) RX0 191 [8] BD F0 7F 5B 0B 80 EA 01
(401.96) RX0 1B00007B [8] 7B 40 01 04 00 00 00 00
(401.96) RX0 191 [8] 93 F1 7F 5B 0B 80 EA 01
(401.96) RX0 1A1 [8] 00 00 00 00 AC 68 ED B5
(401.96) RX0 2AF [8] 00 00 00 00 00 00 00 00
(401.96) RX0 39D [8] D6 22 34 00 00 70 ED B5
(401.98) RX0 12DD5556 [8] 00 00 00 00 00 00 FC FF
(401.98) RX0 509 [8] FE 7F FF BF 97 FF 7B C9
(401.99) RX0 1A555637 [8] 00 E0 BF FF 00 00 F8 FF
(401.99) RX0 457 [8] CC 01 00 D8 FF FD 1F 00
(401.99) RX0 191 [8] 80 F2 7F 5B 0B 80 EA 01
(402.00) RX0 12DD550B [8] 50 01 00 00 00 00 00 00
(402.00) RX0 191 [8] C8 F3 7F 5B 0B 80 EA 01
(402.00) RX0 191 [8] 32 F4 7F 5B 0B 80 EA 01
(402.01) RX0 191 [8] 86 F5 7F 5B 0B 80 EA 01
(402.01) RX0 191 [8] 81 F6 7F 5B 0B 80 EA 01
(402.01) RX0 2AF [8] 00 00 00 00 00 00 00 00
(402.02) RX0 191 [8] A9 F7 7F 5B 0B 80 EA 01
(402.03) RX0 191 [8] 88 F8 7F 5B 0B 80 EA 01
(402.04) RX0 191 [8] A3 F9 7F 5B 0B 80 EA 01
(402.05) RX0 191 [8] 17 FA 7F 5B 0B 80 EA 01
(402.06) RX0 191 [8] 05 FB 7F 5B 0B 80 EA 01
(402.06) RX0 1A1 [8] 00 00 00 00 AC 68 AD B5
(402.06) RX0 2AF [8] 00 00 00 00 00 00 00 00
(402.06) RX0 39D [8] D6 22 34 00 00 60 AD B5
(402.07) RX0 12DD5556 [8] 00 00 00 00 00 00 FC FF
(402.08) RX0 509 [8] FE 7F FF BF 97 FF 7B C9
(402.08) RX0 1A555637 [8] 00 E0 BF FF 00 00 F8 FF
(402.09) RX0 457 [8] E0 02 00 D8 FF FD 1F 00
(402.09) RX0 191 [8] FF FC 7F 5B 0B 80 EA 01
(402.09) RX0 12DD550B [8] B3 02 00 00 00 00 00 00
(402.10) RX0 191 [8] CF FD 7F 5B 0B 80 EA 01
(402.10) RX0 191 [8] D8 FE 7F 5B 0B 80 EA 01
(402.10) RX0 191 [8] 34 FF 7F 5B 0B 80 EA 01
(402.11) RX0 191 [8] BD F0 7F 5B 0B 80 EA 01
(402.11) RX0 2AF [8] 00 00 00 00 00 00 00 00
(402.12) RX0 191 [8] 93 F1 7F 5B 0B 80 EA 01
(402.13) RX0 191 [8] 80 F2 7F 5B 0B 80 EA 01
(402.14) RX0 191 [8] C8 F3 7F 5B 0B 80 EA 01
(402.15) RX0 191 [8] 32 F4 7F 5B 0B 80 EA 01
(402.16) RX0 1B00007B [8] 7B 40 01 04 00 00 00 00
(402.16) RX0 191 [8] 86 F5 7F 5B 0B 80 EA 01
(402.16) RX0 1A1 [8] 00 00 00 00 AC 68 ED B5
(402.16) RX0 2AF [8] 00 00 00 00 00 00 00 00
(402.17) RX0 39D [8] D5 22 34 00 00 70 ED B5
(402.18) RX0 12DD5556 [8] 00 00 00 00 00 00 FC FF
(402.18) RX0 509 [8] FE 7F FF BF 97 FF 7B C9
(402.18) RX0 1A555637 [8] 00 E0 BF FF 00 00 F8 FF
(402.19) RX0 457 [8] 01 03 00 D8 FF FD 1F 00
(402.19) RX0 191 [8] 81 F6 7F 5B 0B 80 EA 01
(402.20) RX0 12DD550B [8] CD 03 00 00 00 00 00 00
(402.20) RX0 191 [8] A9 F7 7F 5B 0B 80 EA 01
(402.20) RX0 191 [8] 88 F8 7F 5B 0B 80 EA 01
(402.21) RX0 191 [8] A3 F9 7F 5B 0B 80 EA 01
(402.21) RX0 191 [8] 17 FA 7F 5B 0B 80 EA 01
(402.21) RX0 2AF [8] 00 00 00 00 00 00 00 00
(402.22) RX0 191 [8] 05 FB 7F 5B 0B 80 EA 01
(402.23) RX0 191 [8] FF FC 7F 5B 0B 80 EA 01
(402.24) RX0 191 [8] CF FD 7F 5B 0B 80 EA 01
(402.25) RX0 191 [8] D8 FE 7F 5B 0B 80 EA 01
(402.26) RX0 191 [8] 34 FF 7F 5B 0B 80 EA 01
(402.26) RX0 1A1 [8] 00 00 00 00 AC 68 AD B5
(402.26) RX0 2AF [8] 00 00 00 00 00 00 00 00
(402.26) RX0 39D [8] D6 22 34 00 00 60 AD B5
(402.27) RX0 12DD5556 [8] 00 00 00 00 00 00 FC FF
(402.28) RX0 509 [8] FE 7F FF BF 97 FF 7B C9
(402.28) RX0 1A555637 [8] 00 E0 BF FF 00 00 F8 FF
(402.29) RX0 457 [8] F4 04 00 D8 FF FD 1F 00
(402.29) RX0 191 [8] BD F0 7F 5B 0B 80 EA 01
(402.29) RX0 12DD550B [8] 6B 04 00 00 00 00 00 00
(402.30) RX0 191 [8] 93 F1 7F 5B 0B 80 EA 01
(402.30) RX0 191 [8] 80 F2 7F 5B 0B 80 EA 01
(402.30) RX0 191 [8] C8 F3 7F 5B 0B 80 EA 01
(402.31) RX0 191 [8] 32 F4 7F 5B 0B 80 EA 01
(402.31) RX0 2AF [8] 00 00 00 00 00 00 00 00
(402.32) RX0 191 [8] 86 F5 7F 5B 0B 80 EA 01
(402.33) RX0 191 [8] 81 F6 7F 5B 0B 80 EA 01
(402.34) RX0 191 [8] A9 F7 7F 5B 0B 80 EA 01
(402.35) RX0 191 [8] 88 F8 7F 5B 0B 80 EA 01
(402.36) RX0 1B00007B [8] 7B 40 01 04 00 00 00 00
(402.36) RX0 191 [8] A3 F9 7F 5B 0B 80 EA 01
(402.36) RX0 1A1 [8] 00 00 00 00 AC 68 ED B5
(402.36) RX0 2AF [8] 00 00 00 00 00 00 00 00
(402.37) RX0 39D [8] D6 22 34 00 00 70 ED B5
(402.37) RX0 12DD5556 [8] 00 00 00 00 00 00 FC FF
(402.38) RX0 509 [8] FE 7F FF BF 97 FF 7B C9
(402.38) RX0 59E [8] 2B FF 73 FF 20 00 82 FF
(402.39) RX0 16A954A6 [8] 00 00 00 FE FE FE EF FF
(402.39) RX0 16A955EB [8] 00 00 20 00 C5 C4 03 37
(402.40) RX0 17F0007B [8] 21 7B 00 00 0F 0E 01 00
(402.40) RX0 1A555535 [8] FF FF FF FF FF FF FF FF
(402.40) RX0 1A555536 [8] FF FF FF FF FF FF FF FF
(402.41) RX0 1A555539 [8] 40 08 0E 09 0A 0B 03 03
(402.41) RX0 1A555543 [8] 00 00 00 00 00 00 00 00
(402.41) RX0 12DD550B [8] F6 05 00 00 00 00 00 00
(402.42) RX0 191 [8] 05 FB 7F 5B 0B 80 EA 01
(402.42) RX0 5A2 [8] A0 46 6A 31 01 00 C0 FF
(402.43) RX0 191 [8] FF FC 7F 5B 0B 80 EA 01
(402.43) RX0 191 [8] CF FD 7F 5B 0B 80 EA 01
(402.43) RX0 191 [8] D8 FE 7F 5B 0B 80 EA 01
(402.44) RX0 2AF [8] 00 00 00 00 00 00 00 00
(402.44) RX0 5CA [8] 07 E5 7F 97 FE 87 FF 03
(402.45) RX0 191 [8] 34 FF 7F 5B 0B 80 EA 01
(402.46) RX0 191 [8] BD F0 7F 5B 0B 80 EA 01
(402.46) RX0 578 [8] B3 83 FF FE 01 00 00 00
(402.46) RX0 191 [8] 93 F1 7F 5B 0B 80 EA 01
(402.47) RX0 191 [8] 80 F2 7F 5B 0B 80 EA 01
(402.47) RX0 191 [8] C8 F3 7F 5B 0B 80 EA 01
(402.47) RX0 1A1 [8] 00 00 00 00 AC 68 AD B5
(402.48) RX0 2AF [8] 00 00 00 00 00 00 00 00
(402.48) RX0 39D [8] D6 22 34 00 00 60 AD B5
(402.48) RX0 12DD5556 [8] 00 00 00 00 00 00 FC FF
(402.49) RX0 509 [8] FE 7F FF BF 97 FF 7B C9
(402.49) RX0 1A555637 [8] 00 E0 BF FF 00 00 F8 FF
(402.49) RX0 457 [8] 1C 06 00 D8 FF FD 1F 00
(402.50) RX0 191 [8] 32 F4 7F 5B 0B 80 EA 01
(402.50) RX0 12DD550B [8] ED 06 00 00 00 00 00 00
(402.50) RX0 191 [8] 86 F5 7F 5B 0B 80 EA 01
(402.51) RX0 191 [8] 81 F6 7F 5B 0B 80 EA 01
(402.52) RX0 191 [8] A9 F7 7F 5B 0B 80 EA 01
(402.52) RX0 191 [8] 88 F8 7F 5B 0B 80 EA 01
(402.53) RX0 2AF [8] 00 00 00 00 00 00 00 00
(402.53) RX0 191 [8] A3 F9 7F 5B 0B 80 EA 01
(402.53) RX0 191 [8] 17 FA 7F 5B 0B 80 EA 01
(402.54) RX0 191 [8] 05 FB 7F 5B 0B 80 EA 01
(402.55) RX0 191 [8] FF FC 7F 5B 0B 80 EA 01
(402.56) RX0 1B00007B [8] 7B 40 01 04 00 00 00 00
(402.56) RX0 191 [8] CF FD 7F 5B 0B 80 EA 01
(402.56) RX0 1A1 [8] 00 00 00 00 AC 68 ED B5
(402.56) RX0 2AF [8] 00 00 00 00 00 00 00 00
(402.56) RX0 39D [8] D6 22 34 00 00 70 ED B5
(402.57) RX0 12DD5556 [8] 00 00 00 00 00 00 FC FF
(402.58) RX0 509 [8] FE 7F FF BF 97 FF 7B C9
(402.58) RX0 1A555637 [8] 00 E0 BF FF 00 00 F8 FF
(402.59) RX0 457 [8] AC 07 00 D8 FF FD 1F 00
(402.59) RX0 191 [8] D8 FE 7F 5B 0B 80 EA 01
(402.60) RX0 12DD550B [8] 67 07 00 00 00 00 00 00
(402.60) RX0 191 [8] 34 FF 7F 5B 0B 80 EA 01
(402.60) RX0 191 [8] BD F0 7F 5B 0B 80 EA 01
(402.61) RX0 191 [8] 93 F1 7F 5B 0B 80 EA 01
(402.61) RX0 191 [8] 80 F2 7F 5B 0B 80 EA 01
(402.61) RX0 2AF [8] 00 00 00 00 00 00 00 00
(402.62) RX0 191 [8] C8 F3 7F 5B 0B 80 EA 01
(402.63) RX0 191 [8] 32 F4 7F 5B 0B 80 EA 01
(402.64) RX0 191 [8] 86 F5 7F 5B 0B 80 EA 01
(402.65) RX0 191 [8] 81 F6 7F 5B 0B 80 EA 01
(402.66) RX0 191 [8] A9 F7 7F 5B 0B 80 EA 01
(402.66) RX0 1A1 [8] 00 00 00 00 AC 68 ED B5
(402.66) RX0 2AF [8] 00 00 00 00 00 00 00 00
(402.67) RX0 39D [8] D6 22 34 00 00 70 ED B5
(402.68) RX0 12DD5556 [8] 00 00 00 00 00 00 FC FF
(402.68) RX0 509 [8] FE 7F FF BF 97 FF 7B C9
(402.68) RX0 1A555637 [8] 00 E0 BF FF 00 00 F8 FF
(402.69) RX0 457 [8] AB 08 00 D8 FF FD 1F 00
(402.69) RX0 191 [8] 88 F8 7F 5B 0B 80 EA 01
(402.69) RX0 12DD550B [8] 39 08 00 00 00 00 00 00
(402.70) RX0 191 [8] A3 F9 7F 5B 0B 80 EA 01
(402.70) RX0 191 [8] 17 FA 7F 5B 0B 80 EA 01
(402.70) RX0 191 [8] 05 FB 7F 5B 0B 80 EA 01
(402.71) RX0 191 [8] FF FC 7F 5B 0B 80 EA 01
(402.71) RX0 2AF [8] 00 00 00 00 00 00 00 00
(402.72) RX0 191 [8] CF FD 7F 5B 0B 80 EA 01
(402.73) RX0 191 [8] D8 FE 7F 5B 0B 80 EA 01
(402.74) RX0 191 [8] 34 FF 7F 5B 0B 80 EA 01
(402.75) RX0 191 [8] BD F0 7F 5B 0B 80 EA 01
(402.76) RX0 1B00007B [8] 7B 40 01 04 00 00 00 00
(402.76) RX0 191 [8] 93 F1 7F 5B 0B 80 EA 01
(402.76) RX0 1A1 [8] 00 00 00 00 AC 68 ED B5
(402.76) RX0 2AF [8] 00 00 00 00 00 00 00 00
(402.76) RX0 39D [8] D6 22 34 00 00 70 ED B5
(402.77) RX0 12DD5556 [8] 00 00 00 00 00 00 FC FF
(402.78) RX0 509 [8] FE 7F FF BF 97 FF 7B C9
(402.78) RX0 1A555637 [8] 00 E0 BF FF 00 00 F8 FF
(402.79) RX0 457 [8] E6 09 00 D8 FF FD 1F 00
(402.79) RX0 191 [8] 80 F2 7F 5B 0B 80 EA 01
(402.80) RX0 12DD550B [8] B7 09 00 00 00 00 00 00
(402.80) RX0 191 [8] C8 F3 7F 5B 0B 80 EA 01
(402.80) RX0 191 [8] 32 F4 7F 5B 0B 80 EA 01
(402.81) RX0 191 [8] 86 F5 7F 5B 0B 80 EA 01
(402.81) RX0 191 [8] 81 F6 7F 5B 0B 80 EA 01
(402.81) RX0 2AF [8] 00 00 00 00 00 00 00 00
(402.82) RX0 191 [8] A9 F7 7F 5B 0B 80 EA 01
(402.83) RX0 191 [8] 88 F8 7F 5B 0B 80 EA 01
(402.84) RX0 191 [8] A3 F9 7F 5B 0B 80 EA 01
(402.85) RX0 191 [8] 17 FA 7F 5B 0B 80 EA 01
(402.86) RX0 191 [8] 05 FB 7F 5B 0B 80 EA 01
(402.86) RX0 1A1 [8] 00 00 00 00 AC 68 ED B5
(402.86) RX0 2AF [8] 00 00 00 00 00 00 00 00
(402.87) RX0 39D [8] D5 22 34 00 00 70 ED B5
(402.87) RX0 12DD5556 [8] 00 00 00 00 00 00 FC FF
(402.88) RX0 509 [8] FE 7F FF BF 97 FF 7B C9
(402.88) RX0 59E [8] 2B FF 73 FF 20 00 82 FF
(402.89) RX0 17F0007B [8] 21 7B 00 00 0F 0E 01 80
(402.89) RX0 1A555544 [8] 00 00 00 00 96 00 0D 00
(402.89) RX0 1A555637 [8] 00 E0 BF FF 00 00 F8 FF
(402.90) RX0 457 [8] 51 0A 00 D8 FF FD 1F 00
(402.90) RX0 191 [8] FF FC 7F 5B 0B 80 EA 01
(402.90) RX0 12DD550B [8] 5F 0A 00 00 00 00 00 00
(402.91) RX0 191 [8] CF FD 7F 5B 0B 80 EA 01
(402.91) RX0 5A2 [8] F4 47 6A 31 01 00 C0 FF
(402.92) RX0 191 [8] D8 FE 7F 5B 0B 80 EA 01
(402.92) RX0 191 [8] 34 FF 7F 5B 0B 80 EA 01
(402.92) RX0 191 [8] BD F0 7F 5B 0B 80 EA 01
(402.93) RX0 2AF [8] 00 00 00 00 00 00 00 00
(402.93) RX0 5CA [8] AB E6 7F 97 FE 87 FF 03
(402.93) RX0 191 [8] 93 F1 7F 5B 0B 80 EA 01
(402.94) RX0 191 [8] 80 F2 7F 5B 0B 80 EA 01
(402.95) RX0 191 [8] C8 F3 7F 5B 0B 80 EA 01
(402.95) RX0 191 [8] 32 F4 7F 5B 0B 80 EA 01
(402.96) RX0 1B00007B [8] 7B 40 01 04 00 00 00 00
(402.96) RX0 191 [8] 86 F5 7F 5B 0B 80 EA 01
(402.96) RX0 1A1 [8] 00 00 00 00 AC 68 AD B5
(402.96) RX0 2AF [8] 00 00 00 00 00 00 00 00
(402.96) RX0 39D [8] D6 22 34 00 00 60 AD B5
(402.98) RX0 12DD5556 [8] 00 00 00 00 00 00 FC FF
(402.98) RX0 509 [8] FE 7F FF BF 97 FF 7B C9
(402.99) RX0 1A555637 [8] 00 E0 BF FF 00 00 F8 FF
(402.99) RX0 457 [8] 03 0B 00 D8 FF FD 1F 00
(402.99) RX0 191 [8] 81 F6 7F 5B 0B 80 EA 01
(403.00) RX0 12DD550B [8] 3D 0B 00 00 00 00 00 00
(403.00) RX0 191 [8] A9 F7 7F 5B 0B 80 EA 01
(403.00) RX0 191 [8] 88 F8 7F 5B 0B 80 EA 01
(403.01) RX0 191 [8] A3 F9 7F 5B 0B 80 EA 01
(403.01) RX0 191 [8] 17 FA 7F 5B 0B 80 EA 01
(403.01) RX0 2AF [8] 00 00 00 00 00 00 00 00
(403.02) RX0 191 [8] 05 FB 7F 5B 0B 80 EA 01
(403.03) RX0 191 [8] FF FC 7F 5B 0B 80 EA 01
(403.04) RX0 191 [8] CF FD 7F 5B 0B 80 EA 01
(403.05) RX0 191 [8] D8 FE 7F 5B 0B 80 EA 01
(403.06) RX0 191 [8] 34 FF 7F 5B 0B 80 EA 01
(403.06) RX0 1A1 [8] 00 00 00 00 AC 68 AD B5
(403.06) RX0 2AF [8] 00 00 00 00 00 00 00 00
(403.06) RX0 39D [8] D6 22 34 00 00 60 AD B5
(403.07) RX0 12DD5556 [8] 00 00 00 00 00 00 FC FF
(403.08) RX0 509 [8] FE 7F FF BF 97 FF 7B C9
(403.08) RX0 1A555637 [8] 00 E0 BF FF 00 00 F8 FF
(403.09) RX0 457 [8] D9 0C 00 D8 FF FD 1F 00
(403.09) RX0 191 [8] BD F0 7F 5B 0B 80 EA 01
(403.09) RX0 12DD550B [8] 44 0C 00 00 00 00 00 00
(403.10) RX0 191 [8] 93 F1 7F 5B 0B 80 EA 01
(403.10) RX0 191 [8] 80 F2 7F 5B 0B 80 EA 01
(403.10) RX0 191 [8] C8 F3 7F 5B 0B 80 EA 01
(403.11) RX0 191 [8] 32 F4 7F 5B 0B 80 EA 01
(403.11) RX0 2AF [8] 00 00 00 00 00 00 00 00
(403.12) RX0 191 [8] 86 F5 7F 5B 0B 80 EA 01
(403.13) RX0 191 [8] 81 F6 7F 5B 0B 80 EA 01
(403.14) RX0 191 [8] A9 F7 7F 5B 0B 80 EA 01
(403.15) RX0 191 [8] 88 F8 7F 5B 0B 80 EA 01
(403.16) RX0 1B00007B [8] 7B 40 01 04 00 00 00 00
(403.16) RX0 191 [8] A3 F9 7F 5B 0B 80 EA 01
(403.16) RX0 1A1 [8] 00 00 00 00 AC 68 AD B5
(403.16) RX0 2AF [8] 00 00 00 00 00 00 00 00
(403.17) RX0 39D [8] D6 22 34 00 00 60 AD B5
(403.18) RX0 12DD5556 [8] 00 00 00 00 00 00 FC FF
(403.18) RX0 509 [8] FE 7F FF BF 97 FF 7B C9
(403.18) RX0 1A555637 [8] 00 E0 BF FF 00 00 F8 FF
(403.19) RX0 457 [8] 5A 0D 00 D8 FF FD 1F 00
(403.19) RX0 191 [8] 17 FA 7F 5B 0B 80 EA 01
(403.20) RX0 191 [8] 05 FB 7F 5B 0B 80 EA 01
(403.20) RX0 12DD550B [8] 6F 0D 00 00 00 00 00 00
(403.20) RX0 191 [8] FF FC 7F 5B 0B 80 EA 01
(403.21) RX0 191 [8] CF FD 7F 5B 0B 80 EA 01
(403.21) RX0 191 [8] D8 FE 7F 5B 0B 80 EA 01
(403.21) RX0 2AF [8] 00 00 00 00 00 00 00 00
(403.22) RX0 191 [8] 34 FF 7F 5B 0B 80 EA 01
(403.23) RX0 191 [8] BD F0 7F 5B 0B 80 EA 01
(403.24) RX0 191 [8] 93 F1 7F 5B 0B 80 EA 01
(403.25) RX0 191 [8] 80 F2 7F 5B 0B 80 EA 01
(403.26) RX0 191 [8] C8 F3 7F 5B 0B 80 EA 01
(403.26) RX0 1A1 [8] 00 00 00 00 AC 68 ED B5
(403.26) RX0 2AF [8] 00 00 00 00 00 00 00 00
(403.26) RX0 39D [8] D6 22 34 00 00 70 ED B5
(403.27) RX0 12DD5556 [8] 00 00 00 00 00 00 FC FF
(403.28) RX0 509 [8] FE 7F FF BF 97 FF 7B C9
(403.28) RX0 1A555637 [8] 00 E0 BF FF 00 00 F8 FF
(403.29) RX0 457 [8] 12 0E 00 D8 FF FD 1F 00
(403.29) RX0 191 [8] 32 F4 7F 5B 0B 80 EA 01
(403.29) RX0 191 [8] 86 F5 7F 5B 0B 80 EA 01
(403.30) RX0 12DD550B [8] 4B 0E 00 00 00 00 00 00
(403.30) RX0 191 [8] 81 F6 7F 5B 0B 80 EA 01
(403.30) RX0 191 [8] A9 F7 7F 5B 0B 80 EA 01
(403.31) RX0 191 [8] 88 F8 7F 5B 0B 80 EA 01
(403.31) RX0 2AF [8] 00 00 00 00 00 00 00 00
(403.32) RX0 191 [8] A3 F9 7F 5B 0B 80 EA 01
(403.33) RX0 191 [8] 17 FA 7F 5B 0B 80 EA 01
(403.34) RX0 191 [8] 05 FB 7F 5B 0B 80 EA 01
(403.35) RX0 191 [8] FF FC 7F 5B 0B 80 EA 01
(403.36) RX0 1B00007B [8] 7B 40 01 04 00 00 00 00
(403.36) RX0 191 [8] CF FD 7F 5B 0B 80 EA 01
(403.36) RX0 1A1 [8] 00 00 00 00 AC 68 ED B5
(403.36) RX0 2AF [8] 00 00 00 00 00 00 00 00
(403.37) RX0 39D [8] D6 22 34 00 00 70 ED B5
(403.37) RX0 12DD5556 [8] 00 00 00 00 00 00 FC FF
(403.38) RX0 509 [8] FE 7F FF BF 97 FF 7B C9
(403.38) RX0 59E [8] 2B FF 73 FF 20 00 82 FF
(403.39) RX0 16A955EB [8] 00 00 20 00 C5 C4 03 37
(403.39) RX0 17F0007B [8] 21 7B 00 00 0F 0E 01 80
(403.40) RX0 1A555539 [8] 40 08 0E 09 0A 06 03 02
(403.40) RX0 1A555543 [8] 00 00 00 00 00 00 00 00
(403.40) RX0 1A555544 [8] 00 00 00 00 96 00 0D 00
(403.41) RX0 1A555552 [8] 00 00 00 00 00 00 00 00
(403.41) RX0 1A555626 [8] 20 20 00 00 00 00 00 00
(403.41) RX0 191 [8] 34 FF 7F 5B 0B 80 EA 01
(403.42) RX0 5A2 [8] 78 48 6A 31 01 00 C0 FF
(403.42) RX0 12DD550B [8] 7C 0F 00 00 00 00 00 00
(403.42) RX0 191 [8] BD F0 7F 5B 0B 80 EA 01
(403.43) RX0 191 [8] 93 F1 7F 5B 0B 80 EA 01
(403.43) RX0 191 [8] 80 F2 7F 5B 0B 80 EA 01
(403.44) RX0 2AF [8] 00 00 00 00 00 00 00 00
(403.45) RX0 5CA [8] CF E7 7F 97 FE 87 FF 03
(403.45) RX0 191 [8] C8 F3 7F 5B 0B 80 EA 01
(403.46) RX0 191 [8] 32 F4 7F 5B 0B 80 EA 01
(403.46) RX0 578 [8] A0 84 FF FE 01 00 00 00
(403.46) RX0 191 [8] 86 F5 7F 5B 0B 80 EA 01
(403.47) RX0 191 [8] 81 F6 7F 5B 0B 80 EA 01
(403.47) RX0 191 [8] A9 F7 7F 5B 0B 80 EA 01
(403.47) RX0 1A1 [8] 00 00 00 00 AC 68 AD B5
(403.48) RX0 2AF [8] 00 00 00 00 00 00 00 00
(403.48) RX0 39D [8] D6 22 34 00 00 60 AD B5
(403.48) RX0 12DD5556 [8] 00 00 00 00 00 00 FC FF
(403.49) RX0 509 [8] FE 7F FF BF 97 FF 7B C9
(403.49) RX0 1A555637 [8] 00 E0 BF FF 00 00 F8 FF
(403.49) RX0 457 [8] 56 00 00 D8 FF FD 1F 00
(403.50) RX0 191 [8] 88 F8 7F 5B 0B 80 EA 01
(403.50) RX0 191 [8] A3 F9 7F 5B 0B 80 EA 01
(403.50) RX0 12DD550B [8] 79 00 00 00 00 00 00 00
(403.52) RX0 191 [8] 17 FA 7F 5B 0B 80 EA 01
(403.52) RX0 191 [8] 05 FB 7F 5B 0B 80 EA 01
(403.52) RX0 191 [8] FF FC 7F 5B 0B 80 EA 01
(403.53) RX0 2AF [8] 00 00 00 00 00 00 00 00
(403.53) RX0 191 [8] CF FD 7F 5B 0B 80 EA 01
(403.53) RX0 191 [8] D8 FE 7F 5B 0B 80 EA 01
(403.54) RX0 191 [8] 34 FF 7F 5B 0B 80 EA 01
(403.55) RX0 191 [8] BD F0 7F 5B 0B 80 EA 01
(403.56) RX0 1B00007B [8] 7B 40 01 04 00 00 00 00
(403.56) RX0 191 [8] 93 F1 7F 5B 0B 80 EA 01
(403.56) RX0 1A1 [8] 00 00 00 00 AC 68 AD B5
(403.56) RX0 2AF [8] 00 00 00 00 00 00 00 00
(403.56) RX0 39D [8] D6 22 34 00 00 60 AD B5
(403.57) RX0 12DD5556 [8] 00 00 00 00 00 00 FC FF
(403.58) RX0 509 [8] FE 7F FF BF 97 FF 7B C9
(403.58) RX0 1A555637 [8] 00 E0 BF FF 00 00 F8 FF
(403.59) RX0 457 [8] CC 01 00 D8 FF FD 1F 00
(403.59) RX0 191 [8] 80 F2 7F 5B 0B 80 EA 01
(403.60) RX0 191 [8] C8 F3 7F 5B 0B 80 EA 01
(403.60) RX0 12DD550B [8] 50 01 00 00 00 00 00 00
(403.60) RX0 191 [8] 32 F4 7F 5B 0B 80 EA 01
(403.61) RX0 191 [8] 86 F5 7F 5B 0B 80 EA 01
(403.61) RX0 191 [8] 81 F6 7F 5B 0B 80 EA 01
(403.61) RX0 2AF [8] 00 00 00 00 00 00 00 00
(403.62) RX0 191 [8] A9 F7 7F 5B 0B 80 EA 01
(403.63) RX0 191 [8] 88 F8 7F 5B 0B 80 EA 01
(403.64) RX0 191 [8] A3 F9 7F 5B 0B 80 EA 01
(403.65) RX0 191 [8] 17 FA 7F 5B 0B 80 EA 01
(403.66) RX0 191 [8] 05 FB 7F 5B 0B 80 EA 01
(403.66) RX0 1A1 [8] 00 00 00 00 AC 68 AD B5
(403.66) RX0 2AF [8] 00 00 00 00 00 00 00 00
(403.67) RX0 39D [8] D6 22 34 00 00 60 AD B5
(403.68) RX0 12DD5556 [8] 00 00 00 00 00 00 FC FF
(403.68) RX0 509 [8] FE 7F FF BF 97 FF 7B C9
(403.68) RX0 1A555637 [8] 00 E0 BF FF 00 00 F8 FF
(403.69) RX0 457 [8] E0 02 00 D8 FF FD 1F 00
(403.69) RX0 191 [8] FF FC 7F 5B 0B 80 EA 01
(403.69) RX0 191 [8] CF FD 7F 5B 0B 80 EA 01
(403.70) RX0 12DD550B [8] B3 02 00 00 00 00 00 00
(403.70) RX0 191 [8] D8 FE 7F 5B 0B 80 EA 01
(403.70) RX0 191 [8] 34 FF 7F 5B 0B 80 EA 01
(403.71) RX0 191 [8] BD F0 7F 5B 0B 80 EA 01
(403.71) RX0 2AF [8] 00 00 00 00 00 00 00 00
(403.72) RX0 191 [8] 93 F1 7F 5B 0B 80 EA 01
(403.73) RX0 191 [8] 80 F2 7F 5B 0B 80 EA 01
(403.74) RX0 191 [8] C8 F3 7F 5B 0B 80 EA 01
(403.75) RX0 191 [8] 32 F4 7F 5B 0B 80 EA 01
(403.76) RX0 1B00007B [8] 7B 40 01 04 00 00 00 00
(403.76) RX0 191 [8] 86 F5 7F 5B 0B 80 EA 01
(403.76) RX0 1A1 [8] 00 00 00 00 AC 68 ED B5
(403.76) RX0 2AF [8] 00 00 00 00 00 00 00 00
(403.76) RX0 39D [8] D6 22 34 00 00 70 ED B5
(403.77) RX0 12DD5556 [8] 00 00 00 00 00 00 FC FF
(403.78) RX0 509 [8] FE 7F FF BF 97 FF 7B C9
(403.78) RX0 1A555637 [8] 00 E0 BF FF 00 00 F8 FF
(403.79) RX0 457 [8] 01 03 00 D8 FF FD 1F 00
(403.79) RX0 191 [8] 81 F6 7F 5B 0B 80 EA 01
(403.80) RX0 191 [8] A9 F7 7F 5B 0B 80 EA 01
(403.80) RX0 12DD550B [8] CD 03 00 00 00 00 00 00
(403.80) RX0 191 [8] 88 F8 7F 5B 0B 80 EA 01
(403.81) RX0 191 [8] A3 F9 7F 5B 0B 80 EA 01
(403.81) RX0 191 [8] 17 FA 7F 5B 0B 80 EA 01
(403.81) RX0 2AF [8] 00 00 00 00 00 00 00 00
(403.82) RX0 191 [8] 05 FB 7F 5B 0B 80 EA 01
(403.83) RX0 191 [8] FF FC 7F 5B 0B 80 EA 01
(403.84) RX0 191 [8] CF FD 7F 5B 0B 80 EA 01
(403.85) RX0 191 [8] D8 FE 7F 5B 0B 80 EA 01
(403.86) RX0 191 [8] 34 FF 7F 5B 0B 80 EA 01
(403.86) RX0 1A1 [8] 00 00 00 00 AC 68 ED B5
(403.86) RX0 2AF [8] 00 00 00 00 00 00 00 00
(403.87) RX0 39D [8] D6 22 34 00 00 70 ED B5
(403.87) RX0 12DD5556 [8] 00 00 00 00 00 00 FC FF
(403.88) RX0 509 [8] FE 7F FF BF 97 FF 7B C9
(403.88) RX0 59E [8] 2B FF 73 FF 20 00 82 FF
(403.89) RX0 17F0007B [8] 21 7B 00 00 0F 0E 01 80
(403.89) RX0 1A555544 [8] 00 00 00 00 96 00 0D 00
(403.89) RX0 1A555637 [8] 00 E0 BF FF 00 00 F8 FF
(403.90) RX0 457 [8] F4 04 00 D8 FF FD 1F 00
(403.90) RX0 191 [8] BD F0 7F 5B 0B 80 EA 01
(403.90) RX0 191 [8] 93 F1 7F 5B 0B 80 EA 01
(403.91) RX0 5A2 [8] F1 49 6A 31 01 00 C0 FF
(403.91) RX0 12DD550B [8] 6B 04 00 00 00 00 00 00
(403.92) RX0 191 [8] 80 F2 7F 5B 0B 80 EA 01
(403.92) RX0 191 [8] C8 F3 7F 5B 0B 80 EA 01
(403.92) RX0 191 [8] 32 F4 7F 5B 0B 80 EA 01
(403.93) RX0 2AF [8] 00 00 00 00 00 00 00 00
(403.93) RX0 5CA [8] 8D E8 7F 97 FE 87 FF 03
(403.93) RX0 191 [8] 86 F5 7F 5B 0B 80 EA 01
(403.94) RX0 191 [8] 81 F6 7F 5B 0B 80 EA 01
(403.95) RX0 191 [8] A9 F7 7F 5B 0B 80 EA 01
(403.95) RX0 17FE017B [8] 03 40 01 03 AA AA AA AA
(403.96) RX0 191 [8] 88 F8 7F 5B 0B 80 EA 01
(403.96) RX0 1B00007B [8] 7B 40 01 04 00 00 00 00
(403.96) RX0 191 [8] A3 F9 7F 5B 0B 80 EA 01
(403.96) RX0 1A1 [8] 00 00 00 00 AC 68 ED B5
(403.97) RX0 2AF [8] 00 00 00 00 00 00 00 00
(403.97) RX0 39D [8] D6 22 34 00 00 70 ED B5
(403.97) RX0 12DD5556 [8] 00 00 00 00 00 00 FC FF
(403.99) RX0 509 [8] FE 7F FF BF 97 FF 7B C9
(403.99) RX0 1A555637 [8] 00 E0 BF FF 00 00 F8 FF
(403.99) RX0 457 [8] 68 05 00 D8 FF FD 1F 00
(404.00) RX0 191 [8] 17 FA 7F 5B 0B 80 EA 01
(404.00) RX0 191 [8] 05 FB 7F 5B 0B 80 EA 01
(404.00) RX0 12DD550B [8] F6 05 00 00 00 00 00 00
(404.01) RX0 191 [8] FF FC 7F 5B 0B 80 EA 01
(404.01) RX0 191 [8] CF FD 7F 5B 0B 80 EA 01
(404.01) RX0 191 [8] D8 FE 7F 5B 0B 80 EA 01
(404.02) RX0 2AF [8] 00 00 00 00 00 00 00 00
(404.02) RX0 191 [8] 34 FF 7F 5B 0B 80 EA 01
(404.03) RX0 191 [8] BD F0 7F 5B 0B 80 EA 01
(404.04) RX0 191 [8] 93 F1 7F 5B 0B 80 EA 01
(404.05) RX0 191 [8] 80 F2 7F 5B 0B 80 EA 01
(404.06) RX0 191 [8] C8 F3 7F 5B 0B 80 EA 01
(404.06) RX0 1A1 [8] 00 00 00 00 AC 68 AD B5
(404.06) RX0 2AF [8] 00 00 00 00 00 00 00 00
(404.06) RX0 39D [8] D6 22 34 00 00 60 AD B5
(404.07) RX0 12DD5556 [8] 00 00 00 00 00 00 FC FF
(404.08) RX0 509 [8] FE 7F FF BF 97 FF 7B C9
(404.08) RX0 1A555637 [8] 00 E0 BF FF 00 00 F8 FF
(404.09) RX0 457 [8] 1C 06 00 D8 FF FD 1F 00
(404.09) RX0 191 [8] 32 F4 7F 5B 0B 80 EA 01
(404.09) RX0 191 [8] 86 F5 7F 5B 0B 80 EA 01
(404.10) RX0 12DD550B [8] ED 06 00 00 00 00 00 00
(404.10) RX0 191 [8] 81 F6 7F 5B 0B 80 EA 01
(404.10) RX0 191 [8] A9 F7 7F 5B 0B 80 EA 01
(404.11) RX0 191 [8] 88 F8 7F 5B 0B 80 EA 01
(404.11) RX0 2AF [8] 00 00 00 00 00 00 00 00
(404.12) RX0 191 [8] A3 F9 7F 5B 0B 80 EA 01
(404.13) RX0 191 [8] 17 FA 7F 5B 0B 80 EA 01
(404.14) RX0 191 [8] 05 FB 7F 5B 0B 80 EA 01
(404.15) RX0 191 [8] FF FC 7F 5B 0B 80 EA 01
(404.16) RX0 1B00007B [8] 7B 40 01 04 00 00 00 00
(404.16) RX0 191 [8] CF FD 7F 5B 0B 80 EA 01
(404.16) RX0 1A1 [8] 00 00 00 00 AC 68 ED B5
(404.16) RX0 2AF [8] 00 00 00 00 00 00 00 00
(404.17) RX0 39D [8] D6 22 34 00 00 70 ED B5
(404.18) RX0 12DD5556 [8] 00 00 00 00 00 00 FC FF
(404.18) RX0 509 [8] FE 7F FF BF 97 FF 7B C9
(404.18) RX0 1A555637 [8] 00 E0 BF FF 00 00 F8 FF
(404.19) RX0 457 [8] AC 07 00 D8 FF FD 1F 00
(404.19) RX0 191 [8] D8 FE 7F 5B 0B 80 EA 01
(404.20) RX0 191 [8] 34 FF 7F 5B 0B 80 EA 01
(404.20) RX0 12DD550B [8] 67 07 00 00 00 00 00 00
(404.20) RX0 191 [8] BD F0 7F 5B 0B 80 EA 01
(404.21) RX0 191 [8] 93 F1 7F 5B 0B 80 EA 01
(404.21) RX0 191 [8] 80 F2 7F 5B 0B 80 EA 01
(404.21) RX0 2AF [8] 00 00 00 00 00 00 00 00
(404.22) RX0 191 [8] C8 F3 7F 5B 0B 80 EA 01
(404.23) RX0 191 [8] 32 F4 7F 5B 0B 80 EA 01
(404.24) RX0 191 [8] 86 F5 7F 5B 0B 80 EA 01
(404.25) RX0 191 [8] 81 F6 7F 5B 0B 80 EA 01
(404.26) RX0 191 [8] A9 F7 7F 5B 0B 80 EA 01
(404.26) RX0 1A1 [8] 00 00 00 00 AC 68 ED B5
(404.26) RX0 2AF [8] 00 00 00 00 00 00 00 00
(404.26) RX0 39D [8] D6 22 34 00 00 70 ED B5
(404.27) RX0 12DD5556 [8] 00 00 00 00 00 00 FC FF
(404.28) RX0 509 [8] FE 7F FF BF 97 FF 7B C9
(404.28) RX0 1A555637 [8] 00 E0 BF FF 00 00 F8 FF
(404.29) RX0 457 [8] AB 08 00 D8 FF FD 1F 00
(404.29) RX0 191 [8] 88 F8 7F 5B 0B 80 EA 01
(404.29) RX0 191 [8] A3 F9 7F 5B 0B 80 EA 01
(404.30) RX0 12DD550B [8] 39 08 00 00 00 00 00 00
(404.30) RX0 191 [8] 17 FA 7F 5B 0B 80 EA 01
(404.30) RX0 191 [8] 05 FB 7F 5B 0B 80 EA 01
(404.31) RX0 191 [8] FF FC 7F 5B 0B 80 EA 01
(404.31) RX0 2AF [8] 00 00 00 00 00 00 00 00
(404.32) RX0 191 [8] CF FD 7F 5B 0B 80 EA 01
(404.33) RX0 191 [8] D8 FE 7F 5B 0B 80 EA 01
(404.34) RX0 191 [8] 34 FF 7F 5B 0B 80 EA 01
(404.35) RX0 191 [8] BD F0 7F 5B 0B 80 EA 01
(404.36) RX0 191 [8] 93 F1 7F 5B 0B 80 EA 01
(404.36) RX0 1A1 [8] 00 00 00 00 AC 68 ED B5
(404.36) RX0 2AF [8] 00 00 00 00 00 00 00 00
(404.37) RX0 39D [8] D6 22 34 00 00 70 ED B5
(404.37) RX0 12DD5556 [8] 00 00 00 00 00 00 FC FF
(404.38) RX0 509 [8] FE 7F FF BF 97 FF 7B C9
(404.38) RX0 59E [8] 2B FF 73 FF 20 00 82 FF
(404.39) RX0 16A954A6 [8] 00 00 2C 74 72 74 9A A6
(404.39) RX0 16A955EB [8] 00 00 20 00 C5 C4 03 37
(404.39) RX0 17F0007B [8] 21 7B 00 00 0F 0E 01 80
(404.40) RX0 1A555535 [8] 30 43 33 50 45 54 46 54
(404.40) RX0 1A555536 [8] 39 4A 31 31 30 30 44 34
(404.41) RX0 1A555539 [8] 40 08 0E 09 0A 20 03 06
(404.41) RX0 1A555543 [8] 00 00 00 06 00 00 00 00
(404.41) RX0 191 [8] C8 F3 7F 5B 0B 80 EA 01
(404.42) RX0 5A2 [8] EC 4A 6A 31 01 00 C0 FF
(404.42) RX0 12DD550B [8] B7 09 00 00 00 00 00 00
(404.42) RX0 191 [8] 32 F4 7F 5B 0B 80 EA 01
(404.43) RX0 191 [8] 86 F5 7F 5B 0B 80 EA 01
(404.43) RX0 191 [8] 81 F6 7F 5B 0B 80 EA 01
(404.43) RX0 2AF [8] 00 00 00 00 00 00 00 00
(404.44) RX0 5CA [8] E9 E9 7F 97 FE 87 FF 03
(404.45) RX0 191 [8] A9 F7 7F 5B 0B 80 EA 01
(404.45) RX0 191 [8] 88 F8 7F 5B 0B 80 EA 01
(404.46) RX0 578 [8] C4 85 FF FE 01 00 00 00
(404.46) RX0 191 [8] A3 F9 7F 5B 0B 80 EA 01
(404.46) RX0 191 [8] 17 FA 7F 5B 0B 80 EA 01
(404.47) RX0 191 [8] 05 FB 7F 5B 0B 80 EA 01
(404.47) RX0 1A1 [8] 00 00 00 00 AC 68 AD B5
(404.47) RX0 2AF [8] 00 00 00 00 00 00 00 00
(404.48) RX0 39D [8] D6 22 34 00 00 60 AD B5
(404.48) RX0 12DD5556 [8] 00 00 00 00 00 00 FC FF
(404.48) RX0 509 [8] FE 7F FF BF 97 FF 7B C9
(404.49) RX0 1A555637 [8] 00 E0 BF FF 00 00 F8 FF
(404.49) RX0 457 [8] 51 0A 00 D8 FF FD 1F 00
(404.50) RX0 191 [8] FF FC 7F 5B 0B 80 EA 01
(404.50) RX0 191 [8] CF FD 7F 5B 0B 80 EA 01
(404.50) RX0 191 [8] D8 FE 7F 5B 0B 80 EA 01
(404.51) RX0 12DD550B [8] 5F 0A 00 00 00 00 00 00
(404.52) RX0 191 [8] 34 FF 7F 5B 0B 80 EA 01
(404.52) RX0 191 [8] BD F0 7F 5B 0B 80 EA 01
(404.53) RX0 2AF [8] 00 00 00 00 00 00 00 00
(404.53) RX0 191 [8] 93 F1 7F 5B 0B 80 EA 01
(404.53) RX0 191 [8] 80 F2 7F 5B 0B 80 EA 01
(404.54) RX0 191 [8] C8 F3 7F 5B 0B 80 EA 01
(404.55) RX0 191 [8] 32 F4 7F 5B 0B 80 EA 01
(404.56) RX0 191 [8] 86 F5 7F 5B 0B 80 EA 01
(404.56) RX0 1A1 [8] 00 00 00 00 AC 68 AD B5
(404.56) RX0 2AF [8] 00 00 00 00 00 00 00 00
(404.56) RX0 39D [8] D6 22 34 00 00 60 AD B5
(404.57) RX0 12DD5556 [8] 00 00 00 00 00 00 FC FF
(404.58) RX0 509 [8] FE 7F FF BF 97 FF 7B C9
(404.58) RX0 1A555637 [8] 00 E0 BF FF 00 00 F8 FF
(404.59) RX0 457 [8] 03 0B 00 D8 FF FD 1F 00
(404.59) RX0 191 [8] 81 F6 7F 5B 0B 80 EA 01
(404.59) RX0 191 [8] A9 F7 7F 5B 0B 80 EA 01
(404.60) RX0 191 [8] 88 F8 7F 5B 0B 80 EA 01
(404.60) RX0 12DD550B [8] 3D 0B 00 00 00 00 00 00
(404.60) RX0 191 [8] A3 F9 7F 5B 0B 80 EA 01
(404.61) RX0 191 [8] 17 FA 7F 5B 0B 80 EA 01
(404.61) RX0 2AF [8] 00 00 00 00 00 00 00 00
(404.62) RX0 191 [8] 05 FB 7F 5B 0B 80 EA 01
(404.63) RX0 191 [8] FF FC 7F 5B 0B 80 EA 01
(404.64) RX0 191 [8] CF FD 7F 5B 0B 80 EA 01
(404.65) RX0 191 [8] D8 FE 7F 5B 0B 80 EA 01
(404.66) RX0 191 [8] 34 FF 7F 5B 0B 80 EA 01
(404.66) RX0 1A1 [8] 00 00 00 00 AC 68 AD B5
(404.66) RX0 2AF [8] 00 00 00 00 00 00 00 00
(404.67) RX0 39D [8] D6 22 34 00 00 60 AD B5
(404.68) RX0 12DD5556 [8] 00 00 00 00 00 00 FC FF
(404.68) RX0 509 [8] FE 7F FF BF 97 FF 7B C9
(404.68) RX0 1A555637 [8] 00 E0 BF FF 00 00 F8 FF
(404.69) RX0 457 [8] D9 0C 00 D8 FF FD 1F 00
(404.69) RX0 191 [8] BD F0 7F 5B 0B 80 EA 01
(404.69) RX0 191 [8] 93 F1 7F 5B 0B 80 EA 01
(404.70) RX0 191 [8] 80 F2 7F 5B 0B 80 EA 01
(404.70) RX0 12DD550B [8] 44 0C 00 00 00 00 00 00
(404.70) RX0 191 [8] C8 F3 7F 5B 0B 80 EA 01
(404.71) RX0 191 [8] 32 F4 7F 5B 0B 80 EA 01
(404.71) RX0 2AF [8] 00 00 00 00 00 00 00 00
(404.72) RX0 191 [8] 86 F5 7F 5B 0B 80 EA 01
(404.73) RX0 191 [8] 81 F6 7F 5B 0B 80 EA 01
(404.74) RX0 191 [8] A9 F7 7F 5B 0B 80 EA 01
(404.75) RX0 191 [8] 88 F8 7F 5B 0B 80 EA 01
(404.76) RX0 191 [8] A3 F9 7F 5B 0B 80 EA 01
(404.76) RX0 1A1 [8] 00 00 00 00 AC 68 ED B5
(404.76) RX0 2AF [8] 00 00 00 00 00 00 00 00
(404.76) RX0 39D [8] D6 22 34 00 00 70 ED B5
(404.77) RX0 12DD5556 [8] 00 00 00 00 00 00 FC FF
(404.78) RX0 509 [8] FE 7F FF BF 97 FF 7B C9
(404.78) RX0 1A555637 [8] 00 E0 BF FF 00 00 F8 FF
(404.79) RX0 457 [8] 5A 0D 00 D8 FF FD 1F 00
(404.79) RX0 191 [8] 17 FA 7F 5B 0B 80 EA 01
(404.79) RX0 191 [8] 05 FB 7F 5B 0B 80 EA 01
(404.80) RX0 191 [8] FF FC 7F 5B 0B 80 EA 01
(404.80) RX0 12DD550B [8] 6F 0D 00 00 00 00 00 00
(404.80) RX0 191 [8] CF FD 7F 5B 0B 80 EA 01
(404.81) RX0 191 [8] D8 FE 7F 5B 0B 80 EA 01
(404.81) RX0 2AF [8] 00 00 00 00 00 00 00 00
(404.82) RX0 191 [8] 34 FF 7F 5B 0B 80 EA 01
(404.83) RX0 191 [8] BD F0 7F 5B 0B 80 EA 01
(404.84) RX0 191 [8] 93 F1 7F 5B 0B 80 EA 01
(404.85) RX0 191 [8] 80 F2 7F 5B 0B 80 EA 01
(404.86) RX0 191 [8] C8 F3 7F 5B 0B 80 EA 01
(404.86) RX0 1A1 [8] 00 00 00 00 AC 68 ED B5
(404.86) RX0 2AF [8] 00 00 00 00 00 00 00 00
(404.87) RX0 39D [8] D6 22 34 00 00 70 ED B5
(404.87) RX0 12DD5556 [8] 00 00 00 00 00 00 FC FF
(404.88) RX0 509 [8] FE 7F FF BF 97 FF 7B C9
(404.88) RX0 59E [8] 2B FF 73 FF 20 00 82 FF
(404.89) RX0 17F0007B [8] 21 7B 00 00 0F 0E 01 80
(404.89) RX0 1A555544 [8] 00 00 00 00 96 00 0D 00
(404.89) RX0 1A555637 [8] 00 E0 BF FF 00 00 F8 FF
(404.90) RX0 457 [8] 12 0E 00 D8 FF FD 1F 00
(404.90) RX0 191 [8] 32 F4 7F 5B 0B 80 EA 01
(404.90) RX0 191 [8] 86 F5 7F 5B 0B 80 EA 01
(404.91) RX0 5A2 [8] 9E 4B 6A 31 01 00 C0 FF
(404.91) RX0 191 [8] 81 F6 7F 5B 0B 80 EA 01
(404.92) RX0 12DD550B [8] 4B 0E 00 00 00 00 00 00
(404.92) RX0 191 [8] A9 F7 7F 5B 0B 80 EA 01
(404.92) RX0 191 [8] 88 F8 7F 5B 0B 80 EA 01
(404.93) RX0 2AF [8] 00 00 00 00 00 00 00 00
(404.93) RX0 5CA [8] 45 EA 7F 97 FE 87 FF 03
(404.93) RX0 191 [8] A3 F9 7F 5B 0B 80 EA 01
(404.94) RX0 191 [8] 17 FA 7F 5B 0B 80 EA 01
(404.95) RX0 191 [8] 05 FB 7F 5B 0B 80 EA 01
(404.95) RX0 191 [8] FF FC 7F 5B 0B 80 EA 01
(404.96) RX0 191 [8] CF FD 7F 5B 0B 80 EA 01
(404.96) RX0 1A1 [8] 00 00 00 00 AC 68 AD B5
(404.96) RX0 2AF [8] 00 00 00 00 00 00 00 00
(404.96) RX0 39D [8] D6 22 34 00 00 60 AD B5
(404.98) RX0 12DD5556 [8] 00 00 00 00 00 00 FC FF
(404.98) RX0 509 [8] FE 7F FF BF 97 FF 7B C9
(404.98) RX0 1A555637 [8] 00 E0 BF FF 00 00 F8 FF
(404.99) RX0 457 [8] 30 0F 00 D8 FF FD 1F 00
(404.99) RX0 191 [8] D8 FE 7F 5B 0B 80 EA 01
(404.99) RX0 191 [8] 34 FF 7F 5B 0B 80 EA 01
(405.00) RX0 191 [8] BD F0 7F 5B 0B 80 EA 01
(405.00) RX0 12DD550B [8] 7C 0F 00 00 00 00 00 00
(405.00) RX0 191 [8] 93 F1 7F 5B 0B 80 EA 01
(405.01) RX0 191 [8] 80 F2 7F 5B 0B 80 EA 01
(405.01) RX0 2AF [8] 00 00 00 00 00 00 00 00
(405.02) RX0 191 [8] C8 F3 7F 5B 0B 80 EA 01
(405.03) RX0 191 [8] 32 F4 7F 5B 0B 80 EA 01
(405.04) RX0 191 [8] 86 F5 7F 5B 0B 80 EA 01
(405.05) RX0 191 [8] 81 F6 7F 5B 0B 80 EA 01
(405.06) RX0 191 [8] A9 F7 7F 5B 0B 80 EA 01
(405.06) RX0 1A1 [8] 00 00 00 00 AC 68 AD B5
(405.06) RX0 2AF [8] 00 00 00 00 00 00 00 00
(405.06) RX0 39D [8] D6 22 34 00 00 60 AD B5
(405.07) RX0 12DD5556 [8] 00 00 00 00 00 00 FC FF
(405.08) RX0 509 [8] FE 7F FF BF 97 FF 7B C9
(405.08) RX0 1A555637 [8] 00 E0 BF FF 00 00 F8 FF
(405.09) RX0 457 [8] 56 00 00 D8 FF FD 1F 00
(405.09) RX0 191 [8] 88 F8 7F 5B 0B 80 EA 01
(405.09) RX0 191 [8] A3 F9 7F 5B 0B 80 EA 01
(405.10) RX0 191 [8] 17 FA 7F 5B 0B 80 EA 01
(405.10) RX0 12DD550B [8] 79 00 00 00 00 00 00 00
(405.10) RX0 191 [8] 05 FB 7F 5B 0B 80 EA 01
(405.11) RX0 191 [8] FF FC 7F 5B 0B 80 EA 01
(405.11) RX0 2AF [8] 00 00 00 00 00 00 00 00
(405.12) RX0 191 [8] CF FD 7F 5B 0B 80 EA 01
(405.13) RX0 191 [8] D8 FE 7F 5B 0B 80 EA 01
(405.14) RX0 191 [8] 34 FF 7F 5B 0B 80 EA 01
(405.15) RX0 191 [8] BD F0 7F 5B 0B 80 EA 01
(405.16) RX0 191 [8] 93 F1 7F 5B 0B 80 EA 01
(405.16) RX0 1A1 [8] 00 00 00 00 AC 68 ED B5
(405.16) RX0 2AF [8] 00 00 00 00 00 00 00 00
(405.17) RX0 39D [8] D6 22 34 00 00 70 ED B5
(405.18) RX0 12DD5556 [8] 00 00 00 00 00 00 FC FF
(405.18) RX0 509 [8] FE 7F FF BF 97 FF 7B C9
(405.18) RX0 1A555637 [8] 00 E0 BF FF 00 00 F8 FF
(405.19) RX0 457 [8] CC 01 00 D8 FF FD 1F 00
