=~=~=~=~=~=~=~=~=~=~=~= PuTTY log 2025.05.30 15:18:40 =~=~=~=~=~=~=~=~=~=~=~=
(145.74) RX0 1B00007B [8] 7B 40 01 00 00 00 00 00
(145.75) RX0 12DD550B [8] C3 01 00 00 00 00 00 C0
(145.75) RX0 191 [8] 55 E1 FF FE EF 7F FF 03
(145.75) RX0 1A1 [8] 00 E0 7F FF FB FF FF FF
(145.75) RX0 2AF [8] 00 00 00 00 00 00 00 00
(145.76) RX0 39D [8] FF E3 BF FF FD FF FF FF
(145.76) RX0 457 [8] 48 01 00 D8 FF FD DF FF
(145.76) RX0 12DD5556 [8] 00 00 00 00 00 00 FC FF
(145.77) RX0 509 [8] FE 7F FF BF BF FF FB FD
(145.77) RX0 59E [8] 33 F0 FE FE 00 3E FE FE
(145.77) RX0 5A2 [8] 15 01 FE FF 03 00 C0 FF
(145.78) RX0 16A954A6 [8] 00 00 00 FE FE FE EF FF
(145.78) RX0 16A955EB [8] 00 00 00 FF FF F7 FF FF
(145.79) RX0 17F0007B [8] 20 7B 00 00 00 00 00 00
(145.80) RX0 1A555535 [8] FF FF FF FF FF FF FF FF
(145.80) RX0 1A555536 [8] FF FF FF FF FF FF FF FF
(145.81) RX0 1A555539 [8] C0 FF FF FF FF FF FF FF
(145.81) RX0 1A555543 [8] 00 00 00 00 00 00 00 00
(145.81) RX0 1A555544 [8] 00 00 00 00 FE FF FE FF
(145.82) RX0 1A555552 [8] 00 00 00 F8 DD FF FE EF
(145.82) RX0 1A555625 [8] FF FF FF FF FF FF FF FF
(145.83) RX0 191 [8] 26 F2 7F FF FF 7F 00 00
(145.83) RX0 1A555626 [8] FF FF 00 00 00 00 00 00
(145.83) RX0 1A555637 [8] 00 E0 BF FF 00 00 F8 FF
(145.84) RX0 191 [8] 13 F3 7F FF FF 7F FF 03
(145.84) RX0 5A2 [8] 95 02 EA FF 03 00 C0 FF
(145.84) RX0 191 [8] E9 F4 7F FF FF 7F FF 03
(145.85) RX0 191 [8] 5D F5 7F FF FF 7F FF 03
(145.85) RX0 191 [8] 5A F6 7F FF FF 7F FF 03
(145.85) RX0 2AF [8] 00 00 00 00 00 00 00 00
(145.87) RX0 5CA [8] 6B E1 7F 87 FE 87 FF 03
(145.87) RX0 191 [8] 72 F7 7F FF FF 7F FF 03
(145.87) RX0 191 [8] 53 F8 7F FF FF 7F FF 03
(145.88) RX0 578 [8] 7B 81 FF FE 01 00 00 00
(145.88) RX0 191 [8] 78 F9 7F FF FF 7F FF 03
(145.88) RX0 191 [8] CC FA 7F FF FF 7F FF 03
(145.89) RX0 191 [8] DE FB 7F FF FF 7F FF 03
(145.89) RX0 1A1 [8] 00 E0 7F 00 F8 FF FF FF
(145.89) RX0 2AF [8] 00 00 00 00 00 00 00 00
(145.90) RX0 39D [8] 00 E0 BF FF FD FF FF FF
(145.90) RX0 12DD5556 [8] 00 00 00 00 00 00 FC FF
(145.90) RX0 509 [8] FE 7F FF BF BF FF 03 00
(145.91) RX0 1A555637 [8] 00 E0 BF FF 00 00 F8 FF
(145.91) RX0 12DD550B [8] 20 02 00 00 00 00 00 C0
(145.91) RX0 457 [8] 8B 02 00 D8 FF FD FF FF
(145.93) RX0 191 [8] 24 FC 7F FF FF 7F FF 03
(145.93) RX0 1A555552 [8] 00 00 00 00 00 00 00 00
(145.94) RX0 191 [8] FE FD 7F FF FF FF EA 01
(145.94) RX0 191 [8] E9 FE 7F FF FF FF EA 01
(145.94) RX0 191 [8] E0 FF 7F 5C FB FF EA 01
(145.95) RX0 191 [8] 3E F0 7F 5C 0B 80 EA 01
(145.95) RX0 2AF [8] 00 00 00 00 00 00 00 00
(145.95) RX0 191 [8] 10 F1 7F 5C 0B 80 EA 01
(145.96) RX0 191 [8] 03 F2 7F 5C 0B 80 EA 01
(145.96) RX0 191 [8] 4B F3 7F 5C 0B 80 EA 01
(145.96) RX0 191 [8] 32 F4 7F 5B 0B 80 EA 01
(145.97) RX0 1B00007B [8] 7B 40 01 04 00 00 00 00
(145.97) RX0 191 [8] 86 F5 7F 5B 0B 80 EA 01
(145.97) RX0 1A1 [8] 00 00 00 00 AC B8 A2 98
(145.98) RX0 2AF [8] 00 00 00 00 00 00 00 00
(145.98) RX0 39D [8] D6 22 34 00 00 20 A6 98
(145.99) RX0 12DD5556 [8] 00 00 00 00 00 00 FC FF
(146.00) RX0 509 [8] FE 7F FF BF 97 FF 03 00
(146.00) RX0 1A555637 [8] 00 E0 BF FF 00 00 F8 FF
(146.00) RX0 12DD550B [8] 5E 03 00 00 00 00 00 C0
(146.01) RX0 457 [8] 01 03 00 D8 FF FD 1F 00
(146.01) RX0 191 [8] 81 F6 7F 5B 0B 80 EA 01
(146.01) RX0 191 [8] 2A F7 7F 5C 0B 80 EA 01
(146.02) RX0 191 [8] 0B F8 7F 5C 0B 80 EA 01
(146.02) RX0 191 [8] A3 F9 7F 5B 0B 80 EA 01
(146.02) RX0 191 [8] 94 FA 7F 5C 0B 80 EA 01
(146.03) RX0 2AF [8] 00 00 00 00 00 00 00 00
(146.03) RX0 191 [8] 86 FB 7F 5C 0B 80 EA 01
(146.03) RX0 191 [8] 7C FC 7F 5C 0B 80 EA 01
(146.04) RX0 191 [8] 4C FD 7F 5C 0B 80 EA 01
(146.04) RX0 191 [8] 5B FE 7F 5C 0B 80 EA 01
(146.04) RX0 191 [8] B7 FF 7F 5C 0B 80 EA 01
(146.06) RX0 1A1 [8] 00 00 00 00 AC 68 ED B5
(146.06) RX0 2AF [8] 00 00 00 00 00 00 00 00
(146.06) RX0 39D [8] D6 22 34 00 00 60 AD B5
(146.07) RX0 12DD5556 [8] 00 00 00 00 00 00 FC FF
(146.07) RX0 509 [8] FE 7F FF BF 97 FF 03 00
(146.07) RX0 1A555637 [8] 00 E0 BF FF 00 00 F8 FF
(146.08) RX0 12DD550B [8] F8 04 00 00 00 00 00 C0
(146.08) RX0 457 [8] F4 04 00 D8 FF FD 1F 00
(146.09) RX0 191 [8] 3E F0 7F 5C 0B 80 EA 01
(146.09) RX0 191 [8] 10 F1 7F 5C 0B 80 EA 01
(146.09) RX0 191 [8] 03 F2 7F 5C 0B 80 EA 01
(146.10) RX0 191 [8] 4B F3 7F 5C 0B 80 EA 01
(146.10) RX0 191 [8] B1 F4 7F 5C 0B 80 EA 01
(146.10) RX0 2AF [8] 00 00 00 00 00 00 00 00
(146.11) RX0 191 [8] 05 F5 7F 5C 0B 80 EA 01
(146.11) RX0 191 [8] 02 F6 7F 5C 0B 80 EA 01
(146.12) RX0 191 [8] 2A F7 7F 5C 0B 80 EA 01
(146.13) RX0 191 [8] 0B F8 7F 5C 0B 80 EA 01
(146.14) RX0 1B00007B [8] 7B 40 01 04 00 00 00 00
(146.14) RX0 191 [8] 20 F9 7F 5C 0B 80 EA 01
(146.15) RX0 1A1 [8] 00 00 00 00 AC 68 ED B5
(146.15) RX0 2AF [8] 00 00 00 00 00 00 00 00
(146.16) RX0 39D [8] D6 22 34 00 00 60 AD B5
(146.16) RX0 12DD5556 [8] 00 00 00 00 00 00 FC FF
(146.16) RX0 509 [8] FE 7F FF BF 97 FF 03 00
(146.17) RX0 1A555637 [8] 00 E0 BF FF 00 00 F8 FF
(146.17) RX0 12DD550B [8] 65 05 00 00 00 00 00 C0
(146.17) RX0 457 [8] 68 05 00 D8 FF FD 1F 00
(146.18) RX0 191 [8] 94 FA 7F 5C 0B 80 EA 01
(146.18) RX0 191 [8] 86 FB 7F 5C 0B 80 EA 01
(146.18) RX0 191 [8] 7C FC 7F 5C 0B 80 EA 01
(146.19) RX0 191 [8] 4C FD 7F 5C 0B 80 EA 01
(146.19) RX0 191 [8] 5B FE 7F 5C 0B 80 EA 01
(146.19) RX0 2AF [8] 00 00 00 00 00 00 00 00
(146.21) RX0 191 [8] B7 FF 7F 5C 0B 80 EA 01
(146.21) RX0 191 [8] BD F0 7F 5B 0B 80 EA 01
(146.22) RX0 191 [8] 93 F1 7F 5B 0B 80 EA 01
(146.23) RX0 191 [8] 03 F2 7F 5C 0B 80 EA 01
(146.24) RX0 191 [8] C8 F3 7F 5B 0B 80 EA 01
(146.25) RX0 1A1 [8] 00 00 00 00 AC 68 ED B5
(146.25) RX0 2AF [8] 00 00 00 00 00 00 00 00
(146.25) RX0 39D [8] D6 22 34 00 00 60 AD B5
(146.26) RX0 12DD5556 [8] 00 00 00 00 00 00 FC FF
(146.26) RX0 509 [8] FE 7F FF BF 97 FF 03 00
(146.26) RX0 59E [8] 2B F0 FE FF 20 3E FE FF
(146.27) RX0 17F0007B [8] 20 7B 00 00 0F 0D 01 00
(146.27) RX0 1A555544 [8] 00 00 00 00 FE FF FE FF
(146.28) RX0 1A555637 [8] 00 E0 BF FF 00 00 F8 FF
(146.28) RX0 12DD550B [8] ED 06 00 00 00 00 00 00
(146.28) RX0 457 [8] 1C 06 00 D8 FF FD 1F 00
(146.29) RX0 191 [8] B1 F4 7F 5C 0B 80 EA 01
(146.29) RX0 191 [8] 05 F5 7F 5C 0B 80 EA 01
(146.29) RX0 5A2 [8] 5E 43 6A 31 01 00 C0 FF
(146.30) RX0 191 [8] 02 F6 7F 5C 0B 80 EA 01
(146.30) RX0 191 [8] 2A F7 7F 5C 0B 80 EA 01
(146.31) RX0 191 [8] 0B F8 7F 5C 0B 80 EA 01
(146.32) RX0 2AF [8] 00 00 00 00 00 00 00 00
(146.32) RX0 5CA [8] 14 E2 7F 97 FE 87 FF 03
(146.32) RX0 191 [8] 20 F9 7F 5C 0B 80 EA 01
(146.33) RX0 191 [8] 94 FA 7F 5C 0B 80 EA 01
(146.33) RX0 191 [8] 86 FB 7F 5C 0B 80 EA 01
(146.33) RX0 191 [8] FF FC 7F 5B 0B 80 EA 01
(146.34) RX0 1B00007B [8] 7B 40 01 04 00 00 00 00
(146.34) RX0 191 [8] 4C FD 7F 5C 0B 80 EA 01
(146.34) RX0 1A1 [8] 00 00 00 00 AC 68 AD B5
(146.34) RX0 2AF [8] 00 00 00 00 00 00 00 00
(146.35) RX0 39D [8] D6 22 34 00 00 60 AD B5
(146.36) RX0 12DD5556 [8] 00 00 00 00 00 00 FC FF
(146.36) RX0 509 [8] FE 7F FF BF 97 FF 03 00
(146.37) RX0 1A555637 [8] 00 E0 BF FF 00 00 F8 FF
(146.37) RX0 12DD550B [8] 67 07 00 00 00 00 00 00
(146.37) RX0 457 [8] AC 07 00 D8 FF FD 1F 00
(146.38) RX0 191 [8] 5B FE 7F 5C 0B 80 EA 01
(146.38) RX0 191 [8] B7 FF 7F 5C 0B 80 EA 01
(146.38) RX0 191 [8] 3E F0 7F 5C 0B 80 EA 01
(146.39) RX0 191 [8] 93 F1 7F 5B 0B 80 EA 01
(146.39) RX0 191 [8] 80 F2 7F 5B 0B 80 EA 01
(146.40) RX0 2AF [8] 00 00 00 00 00 00 00 00
(146.40) RX0 191 [8] C8 F3 7F 5B 0B 80 EA 01
(146.41) RX0 191 [8] B1 F4 7F 5C 0B 80 EA 01
(146.42) RX0 191 [8] 05 F5 7F 5C 0B 80 EA 01
(146.43) RX0 191 [8] 02 F6 7F 5C 0B 80 EA 01
(146.44) RX0 191 [8] A9 F7 7F 5B 0B 80 EA 01
(146.44) RX0 1A1 [8] 00 00 00 00 AC 68 ED B5
(146.44) RX0 2AF [8] 00 00 00 00 00 00 00 00
(146.45) RX0 39D [8] D6 22 34 00 00 60 AD B5
(146.46) RX0 12DD5556 [8] 00 00 00 00 00 00 FC FF
(146.46) RX0 509 [8] FE 7F FF BF 97 FF 03 00
(146.46) RX0 1A555637 [8] 00 E0 BF FF 00 00 F8 FF
(146.47) RX0 12DD550B [8] 39 08 00 00 00 00 00 00
(146.47) RX0 457 [8] AB 08 00 D8 FF FD 1F 00
(146.48) RX0 191 [8] 0B F8 7F 5C 0B 80 EA 01
(146.48) RX0 191 [8] A3 F9 7F 5B 0B 80 EA 01
(146.48) RX0 191 [8] 94 FA 7F 5C 0B 80 EA 01
(146.49) RX0 191 [8] 05 FB 7F 5B 0B 80 EA 01
(146.49) RX0 191 [8] FF FC 7F 5B 0B 80 EA 01
(146.49) RX0 2AF [8] 00 00 00 00 00 00 00 00
(146.50) RX0 191 [8] 4C FD 7F 5C 0B 80 EA 01
(146.51) RX0 191 [8] 5B FE 7F 5C 0B 80 EA 01
(146.52) RX0 191 [8] B7 FF 7F 5C 0B 80 EA 01
(146.53) RX0 191 [8] 3E F0 7F 5C 0B 80 EA 01
(146.54) RX0 1B00007B [8] 7B 40 01 04 00 00 00 00
(146.54) RX0 191 [8] 93 F1 7F 5B 0B 80 EA 01
(146.54) RX0 1A1 [8] 00 00 00 00 AC 68 ED B5
(146.54) RX0 2AF [8] 00 00 00 00 00 00 00 00
(146.54) RX0 39D [8] D5 22 34 00 00 60 AD B5
(146.56) RX0 12DD5556 [8] 00 00 00 00 00 00 FC FF
(146.56) RX0 509 [8] FE 7F FF BF 97 FF 03 00
(146.57) RX0 1A555637 [8] 00 E0 BF FF 00 00 F8 FF
(146.57) RX0 457 [8] E6 09 00 D8 FF FD 1F 00
(146.57) RX0 12DD550B [8] B7 09 00 00 00 00 00 00
(146.58) RX0 191 [8] 03 F2 7F 5C 0B 80 EA 01
(146.58) RX0 191 [8] 4B F3 7F 5C 0B 80 EA 01
(146.58) RX0 191 [8] B1 F4 7F 5C 0B 80 EA 01
(146.59) RX0 191 [8] 05 F5 7F 5C 0B 80 EA 01
(146.59) RX0 191 [8] 02 F6 7F 5C 0B 80 EA 01
(146.59) RX0 2AF [8] 00 00 00 00 00 00 00 00
(146.60) RX0 191 [8] A9 F7 7F 5B 0B 80 EA 01
(146.61) RX0 191 [8] 88 F8 7F 5B 0B 80 EA 01
(146.62) RX0 191 [8] A3 F9 7F 5B 0B 80 EA 01
(146.63) RX0 191 [8] 94 FA 7F 5C 0B 80 EA 01
(146.64) RX0 191 [8] 86 FB 7F 5C 0B 80 EA 01
(146.64) RX0 1A1 [8] 00 00 00 00 AC 68 ED B5
(146.65) RX0 2AF [8] 00 00 00 00 00 00 00 00
(146.65) RX0 39D [8] D6 22 34 00 00 60 AD B5
(146.66) RX0 12DD5556 [8] 00 00 00 00 00 00 FC FF
(146.66) RX0 509 [8] FE 7F FF BF 97 FF 83 C9
(146.66) RX0 1A555637 [8] 00 E0 BF FF 00 00 F8 FF
(146.67) RX0 457 [8] 51 0A 00 D8 FF FD 1F 00
(146.67) RX0 12DD550B [8] 5F 0A 00 00 00 00 00 00
(146.68) RX0 191 [8] 7C FC 7F 5C 0B 80 EA 01
(146.68) RX0 191 [8] 4C FD 7F 5C 0B 80 EA 01
(146.68) RX0 191 [8] 5B FE 7F 5C 0B 80 EA 01
(146.69) RX0 191 [8] B7 FF 7F 5C 0B 80 EA 01
(146.69) RX0 191 [8] 3E F0 7F 5C 0B 80 EA 01
(146.69) RX0 2AF [8] 00 00 00 00 00 00 00 00
(146.70) RX0 191 [8] 10 F1 7F 5C 0B 80 EA 01
(146.71) RX0 191 [8] 03 F2 7F 5C 0B 80 EA 01
(146.72) RX0 191 [8] 4B F3 7F 5C 0B 80 EA 01
(146.73) RX0 191 [8] 32 F4 7F 5B 0B 80 EA 01
(146.74) RX0 1B00007B [8] 7B 40 01 04 00 00 00 00
(146.74) RX0 191 [8] 05 F5 7F 5C 0B 80 EA 01
(146.75) RX0 1A1 [8] 00 00 00 00 AC 78 ED B5
(146.75) RX0 2AF [8] 00 00 00 00 00 00 00 00
(146.75) RX0 39D [8] D6 22 34 00 00 70 ED B5
(146.76) RX0 12DD5556 [8] 00 00 00 00 00 00 FC FF
(146.76) RX0 509 [8] FE 7F FF BF 97 FF 83 C9
(146.76) RX0 59E [8] 2B F0 FE FF 20 3E FE FF
(146.77) RX0 16A955EB [8] 00 00 00 FF FF F7 FF FF
(146.77) RX0 17F0007B [8] 20 7B 00 00 0F 0D 01 00
(146.78) RX0 1A555539 [8] C0 FF FF FF FF FF FF FF
(146.78) RX0 1A555543 [8] 00 00 00 00 00 00 00 00
(146.78) RX0 1A555544 [8] 00 00 00 00 96 00 0D 00
(146.79) RX0 1A555552 [8] 00 00 00 00 00 00 00 00
(146.79) RX0 1A555626 [8] FF FF 00 00 00 00 00 00
(146.79) RX0 1A555637 [8] 00 E0 BF FF 00 00 F8 FF
(146.81) RX0 457 [8] 03 0B 00 D8 FF FD 1F 00
(146.81) RX0 12DD550B [8] 3D 0B 00 00 00 00 00 00
(146.82) RX0 191 [8] 81 F6 7F 5B 0B 80 EA 01
(146.82) RX0 191 [8] A9 F7 7F 5B 0B 80 EA 01
(146.82) RX0 5A2 [8] 1B 44 6A 31 01 00 C0 FF
(146.83) RX0 191 [8] 88 F8 7F 5B 0B 80 EA 01
(146.83) RX0 191 [8] A3 F9 7F 5B 0B 80 EA 01
(146.83) RX0 191 [8] 17 FA 7F 5B 0B 80 EA 01
(146.84) RX0 2AF [8] 00 00 00 00 00 00 00 00
(146.84) RX0 5CA [8] 70 E3 7F 97 FE 87 FF 03
(146.84) RX0 191 [8] 86 FB 7F 5C 0B 80 EA 01
(146.85) RX0 191 [8] 7C FC 7F 5C 0B 80 EA 01
(146.85) RX0 578 [8] D7 82 FF FE 01 00 00 00
(146.85) RX0 191 [8] 4C FD 7F 5C 0B 80 EA 01
(146.86) RX0 191 [8] D8 FE 7F 5B 0B 80 EA 01
(146.86) RX0 191 [8] 34 FF 7F 5B 0B 80 EA 01
(146.86) RX0 1A1 [8] 00 00 00 00 AC 78 ED B5
(146.87) RX0 2AF [8] 00 00 00 00 00 00 00 00
(146.88) RX0 39D [8] D6 22 34 00 00 70 ED B5
(146.88) RX0 12DD5556 [8] 00 00 00 00 00 00 FC FF
(146.89) RX0 509 [8] FE 7F FF BF 97 FF 83 C9
(146.89) RX0 1A555637 [8] 00 E0 BF FF 00 00 F8 FF
(146.89) RX0 457 [8] D9 0C 00 D8 FF FD 1F 00
(146.90) RX0 12DD550B [8] 44 0C 00 00 00 00 00 00
(146.90) RX0 191 [8] BD F0 7F 5B 0B 80 EA 01
(146.90) RX0 191 [8] 10 F1 7F 5C 0B 80 EA 01
(146.91) RX0 191 [8] 03 F2 7F 5C 0B 80 EA 01
(146.91) RX0 191 [8] C8 F3 7F 5B 0B 80 EA 01
(146.91) RX0 191 [8] 32 F4 7F 5B 0B 80 EA 01
(146.92) RX0 2AF [8] 00 00 00 00 00 00 00 00
(146.92) RX0 191 [8] 86 F5 7F 5B 0B 80 EA 01
(146.92) RX0 191 [8] 81 F6 7F 5B 0B 80 EA 01
(146.93) RX0 191 [8] A9 F7 7F 5B 0B 80 EA 01
(146.93) RX0 191 [8] 88 F8 7F 5B 0B 80 EA 01
(146.94) RX0 1B00007B [8] 7B 40 01 04 00 00 00 00
(146.94) RX0 191 [8] A3 F9 7F 5B 0B 80 EA 01
(146.94) RX0 1A1 [8] 00 00 00 00 AC 78 ED B5
(146.96) RX0 2AF [8] 00 00 00 00 00 00 00 00
(146.96) RX0 39D [8] D6 22 34 00 00 70 ED B5
(146.96) RX0 12DD5556 [8] 00 00 00 00 00 00 FC FF
(146.97) RX0 509 [8] FE 7F FF BF 97 FF 83 C9
(146.97) RX0 1A555637 [8] 00 E0 BF FF 00 00 F8 FF
(146.97) RX0 457 [8] 5A 0D 00 D8 FF FD 1F 00
(146.98) RX0 12DD550B [8] 6F 0D 00 00 00 00 00 00
(146.98) RX0 191 [8] 17 FA 7F 5B 0B 80 EA 01
(146.99) RX0 191 [8] 86 FB 7F 5C 0B 80 EA 01
(146.99) RX0 191 [8] 7C FC 7F 5C 0B 80 EA 01
(146.99) RX0 191 [8] 4C FD 7F 5C 0B 80 EA 01
(147.00) RX0 191 [8] 5B FE 7F 5C 0B 80 EA 01
(147.00) RX0 2AF [8] 00 00 00 00 00 00 00 00
(147.00) RX0 191 [8] B7 FF 7F 5C 0B 80 EA 01
(147.01) RX0 191 [8] BD F0 7F 5B 0B 80 EA 01
(147.02) RX0 191 [8] 10 F1 7F 5C 0B 80 EA 01
(147.03) RX0 191 [8] 80 F2 7F 5B 0B 80 EA 01
(147.04) RX0 191 [8] C8 F3 7F 5B 0B 80 EA 01
(147.04) RX0 1A1 [8] 00 00 00 00 AC 78 ED B5
(147.04) RX0 2AF [8] 00 00 00 00 00 00 00 00
(147.05) RX0 39D [8] D6 22 34 00 00 70 ED B5
(147.06) RX0 12DD5556 [8] 00 00 00 00 00 00 FC FF
(147.06) RX0 509 [8] FE 7F FF BF 97 FF 83 C9
(147.06) RX0 1A555637 [8] 00 E0 BF FF 00 00 F8 FF
(147.07) RX0 457 [8] 12 0E 00 D8 FF FD 1F 00
(147.07) RX0 12DD550B [8] 4B 0E 00 00 00 00 00 00
(147.08) RX0 191 [8] B1 F4 7F 5C 0B 80 EA 01
(147.08) RX0 191 [8] 05 F5 7F 5C 0B 80 EA 01
(147.08) RX0 191 [8] 81 F6 7F 5B 0B 80 EA 01
(147.09) RX0 191 [8] 2A F7 7F 5C 0B 80 EA 01
(147.09) RX0 191 [8] 88 F8 7F 5B 0B 80 EA 01
(147.09) RX0 2AF [8] 00 00 00 00 00 00 00 00
(147.10) RX0 191 [8] A3 F9 7F 5B 0B 80 EA 01
(147.11) RX0 191 [8] 94 FA 7F 5C 0B 80 EA 01
(147.12) RX0 191 [8] 86 FB 7F 5C 0B 80 EA 01
(147.13) RX0 191 [8] 7C FC 7F 5C 0B 80 EA 01
(147.14) RX0 1B00007B [8] 7B 40 01 04 00 00 00 00
(147.14) RX0 191 [8] CF FD 7F 5B 0B 80 EA 01
(147.14) RX0 1A1 [8] 00 00 00 00 AC 68 ED B5
(147.15) RX0 2AF [8] 00 00 00 00 00 00 00 00
(147.15) RX0 39D [8] D6 22 34 00 00 70 ED B5
(147.16) RX0 12DD5556 [8] 00 00 00 00 00 00 FC FF
(147.16) RX0 509 [8] FE 7F FF BF 97 FF 83 C9
(147.17) RX0 1A555637 [8] 00 E0 BF FF 00 00 F8 FF
(147.17) RX0 457 [8] 30 0F 00 D8 FF FD 1F 00
(147.17) RX0 191 [8] D8 FE 7F 5B 0B 80 EA 01
(147.18) RX0 12DD550B [8] 7C 0F 00 00 00 00 00 00
(147.18) RX0 191 [8] B7 FF 7F 5C 0B 80 EA 01
(147.18) RX0 191 [8] BD F0 7F 5B 0B 80 EA 01
(147.19) RX0 191 [8] 93 F1 7F 5B 0B 80 EA 01
(147.19) RX0 191 [8] 03 F2 7F 5C 0B 80 EA 01
(147.19) RX0 2AF [8] 00 00 00 00 00 00 00 00
(147.20) RX0 191 [8] C8 F3 7F 5B 0B 80 EA 01
(147.21) RX0 191 [8] 32 F4 7F 5B 0B 80 EA 01
(147.22) RX0 191 [8] 05 F5 7F 5C 0B 80 EA 01
(147.23) RX0 191 [8] 02 F6 7F 5C 0B 80 EA 01
(147.24) RX0 191 [8] 2A F7 7F 5C 0B 80 EA 01
(147.24) RX0 1A1 [8] 00 00 00 00 AC 78 ED B5
(147.25) RX0 2AF [8] 00 00 00 00 00 00 00 00
(147.25) RX0 39D [8] D6 22 34 00 00 70 ED B5
(147.26) RX0 12DD5556 [8] 00 00 00 00 00 00 FC FF
(147.26) RX0 509 [8] FE 7F FF BF 97 FF 83 C9
(147.26) RX0 59E [8] 2B FF 7C FF 20 00 82 FF
(147.27) RX0 17F0007B [8] 20 7B 00 00 0F 0D 01 00
(147.27) RX0 1A555544 [8] 00 00 00 00 96 00 0D 00
(147.27) RX0 1A555637 [8] 00 E0 BF FF 00 00 F8 FF
(147.28) RX0 457 [8] 56 00 00 D8 FF FD 1F 00
(147.28) RX0 191 [8] 88 F8 7F 5B 0B 80 EA 01
(147.29) RX0 12DD550B [8] 79 00 00 00 00 00 00 00
(147.29) RX0 191 [8] 20 F9 7F 5C 0B 80 EA 01
(147.29) RX0 5A2 [8] 04 45 6A 31 01 00 C0 FF
(147.30) RX0 191 [8] 17 FA 7F 5B 0B 80 EA 01
(147.30) RX0 191 [8] 05 FB 7F 5B 0B 80 EA 01
(147.30) RX0 191 [8] FF FC 7F 5B 0B 80 EA 01
(147.31) RX0 2AF [8] 00 00 00 00 00 00 00 00
(147.32) RX0 5CA [8] 63 E4 7F 97 FE 87 FF 03
(147.32) RX0 191 [8] CF FD 7F 5B 0B 80 EA 01
(147.33) RX0 191 [8] D8 FE 7F 5B 0B 80 EA 01
(147.33) RX0 191 [8] 34 FF 7F 5B 0B 80 EA 01
(147.33) RX0 191 [8] BD F0 7F 5B 0B 80 EA 01
(147.34) RX0 1B00007B [8] 7B 40 01 04 00 00 00 00
(147.34) RX0 191 [8] 93 F1 7F 5B 0B 80 EA 01
(147.34) RX0 1A1 [8] 00 00 00 00 AC 68 ED B5
(147.35) RX0 2AF [8] 00 00 00 00 00 00 00 00
(147.36) RX0 39D [8] D6 22 34 00 00 70 ED B5
(147.36) RX0 12DD5556 [8] 00 00 00 00 00 00 FC FF
(147.36) RX0 509 [8] FE 7F FF BF 97 FF 83 C9
(147.37) RX0 1A555637 [8] 00 E0 BF FF 00 00 F8 FF
(147.37) RX0 457 [8] CC 01 00 D8 FF FD 1F 00
(147.37) RX0 191 [8] 03 F2 7F 5C 0B 80 EA 01
(147.38) RX0 12DD550B [8] 50 01 00 00 00 00 00 00
(147.38) RX0 191 [8] C8 F3 7F 5B 0B 80 EA 01
(147.38) RX0 191 [8] 32 F4 7F 5B 0B 80 EA 01
(147.39) RX0 191 [8] 05 F5 7F 5C 0B 80 EA 01
(147.39) RX0 191 [8] 02 F6 7F 5C 0B 80 EA 01
(147.39) RX0 2AF [8] 00 00 00 00 00 00 00 00
(147.40) RX0 191 [8] 2A F7 7F 5C 0B 80 EA 01
(147.41) RX0 191 [8] 0B F8 7F 5C 0B 80 EA 01
(147.42) RX0 191 [8] 20 F9 7F 5C 0B 80 EA 01
(147.43) RX0 191 [8] 94 FA 7F 5C 0B 80 EA 01
(147.44) RX0 191 [8] 05 FB 7F 5B 0B 80 EA 01
(147.44) RX0 1A1 [8] 00 00 00 00 AC 78 ED B5
(147.45) RX0 2AF [8] 00 00 00 00 00 00 00 00
(147.45) RX0 39D [8] D6 22 34 00 00 70 ED B5
(147.46) RX0 12DD5556 [8] 00 00 00 00 00 00 FC FF
(147.46) RX0 509 [8] FE 7F FF BF 97 FF 83 C9
(147.46) RX0 1A555637 [8] 00 E0 BF FF 00 00 F8 FF
(147.47) RX0 457 [8] E0 02 00 D8 FF FD 1F 00
(147.47) RX0 191 [8] 7C FC 7F 5C 0B 80 EA 01
(147.47) RX0 12DD550B [8] B3 02 00 00 00 00 00 00
(147.48) RX0 191 [8] 4C FD 7F 5C 0B 80 EA 01
(147.48) RX0 191 [8] 5B FE 7F 5C 0B 80 EA 01
(147.49) RX0 191 [8] B7 FF 7F 5C 0B 80 EA 01
(147.49) RX0 191 [8] 3E F0 7F 5C 0B 80 EA 01
(147.49) RX0 2AF [8] 00 00 00 00 00 00 00 00
(147.50) RX0 191 [8] 93 F1 7F 5B 0B 80 EA 01
(147.51) RX0 191 [8] 03 F2 7F 5C 0B 80 EA 01
(147.52) RX0 191 [8] C8 F3 7F 5B 0B 80 EA 01
(147.53) RX0 191 [8] B1 F4 7F 5C 0B 80 EA 01
(147.54) RX0 1B00007B [8] 7B 40 01 04 00 00 00 00
(147.54) RX0 191 [8] 05 F5 7F 5C 0B 80 EA 01
(147.54) RX0 1A1 [8] 00 00 00 00 AC 68 ED B5
(147.54) RX0 2AF [8] 00 00 00 00 00 00 00 00
(147.56) RX0 39D [8] D5 22 34 00 00 60 AD B5
(147.56) RX0 12DD5556 [8] 00 00 00 00 00 00 FC FF
(147.56) RX0 509 [8] FE 7F FF BF 97 FF 83 C9
(147.57) RX0 1A555637 [8] 00 E0 BF FF 00 00 F8 FF
(147.57) RX0 457 [8] 01 03 00 D8 FF FD 1F 00
(147.57) RX0 191 [8] 02 F6 7F 5C 0B 80 EA 01
(147.58) RX0 12DD550B [8] CD 03 00 00 00 00 00 00
(147.58) RX0 191 [8] 2A F7 7F 5C 0B 80 EA 01
(147.58) RX0 191 [8] 88 F8 7F 5B 0B 80 EA 01
(147.59) RX0 191 [8] 20 F9 7F 5C 0B 80 EA 01
(147.59) RX0 191 [8] 94 FA 7F 5C 0B 80 EA 01
(147.59) RX0 2AF [8] 00 00 00 00 00 00 00 00
(147.60) RX0 191 [8] 86 FB 7F 5C 0B 80 EA 01
(147.61) RX0 191 [8] 7C FC 7F 5C 0B 80 EA 01
(147.62) RX0 191 [8] 4C FD 7F 5C 0B 80 EA 01
(147.63) RX0 191 [8] 5B FE 7F 5C 0B 80 EA 01
(147.64) RX0 191 [8] 34 FF 7F 5B 0B 80 EA 01
(147.65) RX0 1A1 [8] 00 00 00 00 AC 68 ED B5
(147.65) RX0 2AF [8] 00 00 00 00 00 00 00 00
(147.65) RX0 39D [8] D6 22 34 00 00 70 ED B5
(147.66) RX0 12DD5556 [8] 00 00 00 00 00 00 FC FF
(147.66) RX0 509 [8] FE 7F FF BF 97 FF 83 C9
(147.66) RX0 1A555637 [8] 00 E0 BF FF 00 00 F8 FF
(147.67) RX0 457 [8] F4 04 00 D8 FF FD 1F 00
(147.67) RX0 191 [8] BD F0 7F 5B 0B 80 EA 01
(147.67) RX0 12DD550B [8] 6B 04 00 00 00 00 00 00
(147.68) RX0 191 [8] 10 F1 7F 5C 0B 80 EA 01
(147.68) RX0 191 [8] 03 F2 7F 5C 0B 80 EA 01
(147.69) RX0 191 [8] 4B F3 7F 5C 0B 80 EA 01
(147.69) RX0 191 [8] B1 F4 7F 5C 0B 80 EA 01
(147.69) RX0 2AF [8] 00 00 00 00 00 00 00 00
(147.70) RX0 191 [8] 05 F5 7F 5C 0B 80 EA 01
(147.71) RX0 191 [8] 02 F6 7F 5C 0B 80 EA 01
(147.72) RX0 191 [8] 2A F7 7F 5C 0B 80 EA 01
(147.73) RX0 191 [8] 0B F8 7F 5C 0B 80 EA 01
(147.74) RX0 1B00007B [8] 7B 40 01 04 00 00 00 00
(147.74) RX0 191 [8] 20 F9 7F 5C 0B 80 EA 01
(147.74) RX0 1A1 [8] 00 00 00 00 AC 78 ED B5
(147.75) RX0 2AF [8] 00 00 00 00 00 00 00 00
(147.75) RX0 39D [8] D6 22 34 00 00 70 ED B5
(147.76) RX0 12DD5556 [8] 00 00 00 00 00 00 FC FF
(147.76) RX0 509 [8] FE 7F FF BF 97 FF 83 C9
(147.77) RX0 59E [8] 2B FF 7C FF 20 00 82 FF
(147.77) RX0 16A954A6 [8] 00 00 00 FE FE FE EF FF
(147.77) RX0 16A955EB [8] 00 00 20 00 C5 C4 03 37
(147.78) RX0 17F0007B [8] 21 7B 00 00 0F 0D 01 00
(147.78) RX0 1A555535 [8] FF FF FF FF FF FF FF FF
(147.78) RX0 1A555536 [8] FF FF FF FF FF FF FF FF
(147.79) RX0 1A555539 [8] 40 10 09 13 0A 10 03 02
(147.79) RX0 1A555543 [8] 00 00 00 00 00 00 00 00
(147.79) RX0 1A555544 [8] 00 00 00 00 96 00 0D 00
(147.80) RX0 1A555552 [8] 00 00 00 00 00 00 00 00
(147.80) RX0 1A555625 [8] FF FF FF FF FF FF FF FF
(147.81) RX0 1A555626 [8] 20 20 00 00 00 00 00 00
(147.81) RX0 457 [8] 68 05 00 D8 FF FD 1F 00
(147.82) RX0 1A555637 [8] 00 E0 BF FF 00 00 F8 FF
(147.83) RX0 191 [8] 17 FA 7F 5B 0B 80 EA 01
(147.83) RX0 12DD550B [8] F6 05 00 00 00 00 00 00
(147.83) RX0 191 [8] 86 FB 7F 5C 0B 80 EA 01
(147.84) RX0 5A2 [8] A0 46 6A 31 01 00 C0 FF
(147.84) RX0 191 [8] 7C FC 7F 5C 0B 80 EA 01
(147.84) RX0 191 [8] 4C FD 7F 5C 0B 80 EA 01
(147.85) RX0 191 [8] 5B FE 7F 5C 0B 80 EA 01
(147.85) RX0 2AF [8] 00 00 00 00 00 00 00 00
(147.85) RX0 5CA [8] 07 E5 7F 97 FE 87 FF 03
(147.86) RX0 191 [8] B7 FF 7F 5C 0B 80 EA 01
(147.86) RX0 191 [8] 3E F0 7F 5C 0B 80 EA 01
(147.86) RX0 578 [8] B3 83 FF FE 01 00 00 00
(147.87) RX0 191 [8] 10 F1 7F 5C 0B 80 EA 01
(147.87) RX0 191 [8] 03 F2 7F 5C 0B 80 EA 01
(147.87) RX0 191 [8] C8 F3 7F 5B 0B 80 EA 01
(147.88) RX0 1A1 [8] 00 00 00 00 AC 78 ED B5
(147.89) RX0 2AF [8] 00 00 00 00 00 00 00 00
(147.89) RX0 39D [8] D5 22 34 00 00 70 ED B5
(147.90) RX0 12DD5556 [8] 00 00 00 00 00 00 FC FF
(147.90) RX0 509 [8] FE 7F FF BF 97 FF 83 C9
(147.91) RX0 1A555637 [8] 00 E0 BF FF 00 00 F8 FF
(147.91) RX0 457 [8] 1C 06 00 D8 FF FD 1F 00
(147.91) RX0 191 [8] B1 F4 7F 5C 0B 80 EA 01
(147.92) RX0 12DD550B [8] ED 06 00 00 00 00 00 00
(147.92) RX0 191 [8] 05 F5 7F 5C 0B 80 EA 01
(147.92) RX0 191 [8] 02 F6 7F 5C 0B 80 EA 01
(147.93) RX0 191 [8] 2A F7 7F 5C 0B 80 EA 01
(147.93) RX0 191 [8] 0B F8 7F 5C 0B 80 EA 01
(147.93) RX0 2AF [8] 00 00 00 00 00 00 00 00
(147.94) RX0 191 [8] 20 F9 7F 5C 0B 80 EA 01
(147.94) RX0 191 [8] 17 FA 7F 5B 0B 80 EA 01
(147.95) RX0 191 [8] 86 FB 7F 5C 0B 80 EA 01
(147.96) RX0 191 [8] FF FC 7F 5B 0B 80 EA 01
(147.96) RX0 1B00007B [8] 7B 40 01 04 00 00 00 00
(147.96) RX0 191 [8] 4C FD 7F 5C 0B 80 EA 01
(147.97) RX0 1A1 [8] 00 00 00 00 AC 68 ED B5
(147.97) RX0 2AF [8] 00 00 00 00 00 00 00 00
(147.97) RX0 39D [8] D6 22 34 00 00 60 AD B5
(147.98) RX0 12DD5556 [8] 00 00 00 00 00 00 FC FF
(147.98) RX0 509 [8] FE 7F FF BF 97 FF 83 C9
(147.98) RX0 1A555637 [8] 00 E0 BF FF 00 00 F8 FF
(147.99) RX0 457 [8] AC 07 00 D8 FF FD 1F 00
(147.99) RX0 191 [8] 5B FE 7F 5C 0B 80 EA 01
(147.99) RX0 12DD550B [8] 67 07 00 00 00 00 00 00
(148.00) RX0 191 [8] B7 FF 7F 5C 0B 80 EA 01
(148.00) RX0 191 [8] 3E F0 7F 5C 0B 80 EA 01
(148.00) RX0 191 [8] 10 F1 7F 5C 0B 80 EA 01
(148.01) RX0 191 [8] 03 F2 7F 5C 0B 80 EA 01
(148.02) RX0 2AF [8] 00 00 00 00 00 00 00 00
(148.02) RX0 191 [8] 4B F3 7F 5C 0B 80 EA 01
(148.03) RX0 191 [8] B1 F4 7F 5C 0B 80 EA 01
(148.03) RX0 191 [8] 05 F5 7F 5C 0B 80 EA 01
(148.04) RX0 191 [8] 02 F6 7F 5C 0B 80 EA 01
(148.04) RX0 191 [8] 2A F7 7F 5C 0B 80 EA 01
(148.04) RX0 1A1 [8] 00 00 00 00 AC 78 ED B5
(148.04) RX0 2AF [8] 00 00 00 00 00 00 00 00
(148.05) RX0 39D [8] D6 22 34 00 00 70 ED B5
(148.06) RX0 12DD5556 [8] 00 00 00 00 00 00 FC FF
(148.06) RX0 509 [8] FE 7F FF BF 97 FF 83 C9
(148.06) RX0 1A555637 [8] 00 E0 BF FF 00 00 F8 FF
(148.07) RX0 457 [8] AB 08 00 D8 FF FD 1F 00
(148.07) RX0 191 [8] 0B F8 7F 5C 0B 80 EA 01
(148.07) RX0 12DD550B [8] 39 08 00 00 00 00 00 00
(148.08) RX0 191 [8] 20 F9 7F 5C 0B 80 EA 01
(148.08) RX0 191 [8] 94 FA 7F 5C 0B 80 EA 01
(148.09) RX0 191 [8] 86 FB 7F 5C 0B 80 EA 01
(148.09) RX0 191 [8] 7C FC 7F 5C 0B 80 EA 01
(148.09) RX0 2AF [8] 00 00 00 00 00 00 00 00
(148.10) RX0 191 [8] 4C FD 7F 5C 0B 80 EA 01
(148.11) RX0 191 [8] D8 FE 7F 5B 0B 80 EA 01
(148.12) RX0 191 [8] 34 FF 7F 5B 0B 80 EA 01
(148.13) RX0 191 [8] 3E F0 7F 5C 0B 80 EA 01
(148.14) RX0 1B00007B [8] 7B 40 01 04 00 00 00 00
(148.14) RX0 191 [8] 10 F1 7F 5C 0B 80 EA 01
(148.14) RX0 1A1 [8] 00 00 00 00 AC 78 ED B5
(148.15) RX0 2AF [8] 00 00 00 00 00 00 00 00
(148.16) RX0 39D [8] D5 22 34 00 00 70 ED B5
(148.16) RX0 12DD5556 [8] 00 00 00 00 00 00 FC FF
(148.16) RX0 509 [8] FE 7F FF BF 97 FF 83 C9
(148.17) RX0 1A555637 [8] 00 E0 BF FF 00 00 F8 FF
(148.17) RX0 457 [8] E6 09 00 D8 FF FD 1F 00
(148.17) RX0 191 [8] 03 F2 7F 5C 0B 80 EA 01
(148.18) RX0 12DD550B [8] B7 09 00 00 00 00 00 00
(148.18) RX0 191 [8] 4B F3 7F 5C 0B 80 EA 01
(148.18) RX0 191 [8] B1 F4 7F 5C 0B 80 EA 01
(148.19) RX0 191 [8] 86 F5 7F 5B 0B 80 EA 01
(148.19) RX0 191 [8] 81 F6 7F 5B 0B 80 EA 01
(148.19) RX0 2AF [8] 00 00 00 00 00 00 00 00
(148.20) RX0 191 [8] A9 F7 7F 5B 0B 80 EA 01
(148.21) RX0 191 [8] 0B F8 7F 5C 0B 80 EA 01
(148.22) RX0 191 [8] 20 F9 7F 5C 0B 80 EA 01
(148.23) RX0 191 [8] 17 FA 7F 5B 0B 80 EA 01
(148.24) RX0 191 [8] 86 FB 7F 5C 0B 80 EA 01
(148.25) RX0 1A1 [8] 00 00 00 00 AC 78 ED B5
(148.25) RX0 2AF [8] 00 00 00 00 00 00 00 00
(148.25) RX0 39D [8] D6 22 34 00 00 70 ED B5
(148.26) RX0 12DD5556 [8] 00 00 00 00 00 00 FC FF
(148.26) RX0 509 [8] FE 7F FF BF 97 FF 83 C9
(148.26) RX0 59E [8] 2B FF 7C FF 20 00 82 FF
(148.27) RX0 17F0007B [8] 21 7B 00 00 0F 0D 01 80
(148.27) RX0 1A555544 [8] 00 00 00 00 96 00 0D 00
(148.28) RX0 1A555637 [8] 00 E0 BF FF 00 00 F8 FF
(148.28) RX0 457 [8] 51 0A 00 D8 FF FD 1F 00
(148.28) RX0 191 [8] FF FC 7F 5B 0B 80 EA 01
(148.29) RX0 12DD550B [8] 5F 0A 00 00 00 00 00 00
(148.29) RX0 191 [8] 4C FD 7F 5C 0B 80 EA 01
(148.29) RX0 5A2 [8] F4 47 6A 31 01 00 C0 FF
(148.30) RX0 191 [8] 5B FE 7F 5C 0B 80 EA 01
(148.30) RX0 191 [8] 34 FF 7F 5B 0B 80 EA 01
(148.31) RX0 191 [8] 3E F0 7F 5C 0B 80 EA 01
(148.31) RX0 2AF [8] 00 00 00 00 00 00 00 00
(148.32) RX0 5CA [8] AB E6 7F 97 FE 87 FF 03
(148.32) RX0 191 [8] 10 F1 7F 5C 0B 80 EA 01
(148.33) RX0 191 [8] 80 F2 7F 5B 0B 80 EA 01
(148.33) RX0 191 [8] C8 F3 7F 5B 0B 80 EA 01
(148.33) RX0 191 [8] B1 F4 7F 5C 0B 80 EA 01
(148.34) RX0 1B00007B [8] 7B 40 01 04 00 00 00 00
(148.34) RX0 191 [8] 05 F5 7F 5C 0B 80 EA 01
(148.34) RX0 1A1 [8] 00 00 00 00 AC 78 ED B5
(148.34) RX0 2AF [8] 00 00 00 00 00 00 00 00
(148.36) RX0 39D [8] D6 22 34 00 00 70 ED B5
(148.36) RX0 12DD5556 [8] 00 00 00 00 00 00 FC FF
(148.36) RX0 509 [8] FE 7F FF BF 97 FF 83 C9
(148.37) RX0 1A555637 [8] 00 E0 BF FF 00 00 F8 FF
(148.37) RX0 457 [8] 03 0B 00 D8 FF FD 1F 00
(148.37) RX0 191 [8] 02 F6 7F 5C 0B 80 EA 01
(148.38) RX0 12DD550B [8] 3D 0B 00 00 00 00 00 00
(148.38) RX0 191 [8] 2A F7 7F 5C 0B 80 EA 01
(148.38) RX0 191 [8] 88 F8 7F 5B 0B 80 EA 01
(148.39) RX0 191 [8] A3 F9 7F 5B 0B 80 EA 01
(148.39) RX0 191 [8] 17 FA 7F 5B 0B 80 EA 01
(148.39) RX0 2AF [8] 00 00 00 00 00 00 00 00
(148.40) RX0 191 [8] 05 FB 7F 5B 0B 80 EA 01
(148.41) RX0 191 [8] FF FC 7F 5B 0B 80 EA 01
(148.42) RX0 191 [8] CF FD 7F 5B 0B 80 EA 01
(148.43) RX0 191 [8] D8 FE 7F 5B 0B 80 EA 01
(148.44) RX0 191 [8] 34 FF 7F 5B 0B 80 EA 01
(148.44) RX0 1A1 [8] 00 00 00 00 AC 78 ED B5
(148.44) RX0 2AF [8] 00 00 00 00 00 00 00 00
(148.44) RX0 39D [8] D6 22 34 00 00 70 ED B5
(148.46) RX0 12DD5556 [8] 00 00 00 00 00 00 FC FF
(148.46) RX0 509 [8] FE 7F FF BF 97 FF 83 C9
(148.46) RX0 1A555637 [8] 00 E0 BF FF 00 00 F8 FF
(148.47) RX0 457 [8] D9 0C 00 D8 FF FD 1F 00
(148.47) RX0 191 [8] BD F0 7F 5B 0B 80 EA 01
(148.47) RX0 12DD550B [8] 44 0C 00 00 00 00 00 00
(148.48) RX0 191 [8] 93 F1 7F 5B 0B 80 EA 01
(148.48) RX0 191 [8] 80 F2 7F 5B 0B 80 EA 01
(148.49) RX0 191 [8] 4B F3 7F 5C 0B 80 EA 01
(148.49) RX0 191 [8] B1 F4 7F 5C 0B 80 EA 01
(148.50) RX0 2AF [8] 00 00 00 00 00 00 00 00
(148.50) RX0 191 [8] 86 F5 7F 5B 0B 80 EA 01
(148.51) RX0 191 [8] 02 F6 7F 5C 0B 80 EA 01
(148.52) RX0 191 [8] 2A F7 7F 5C 0B 80 EA 01
(148.53) RX0 191 [8] 0B F8 7F 5C 0B 80 EA 01
(148.54) RX0 1B00007B [8] 7B 40 01 04 00 00 00 00
(148.54) RX0 191 [8] 20 F9 7F 5C 0B 80 EA 01
(148.54) RX0 1A1 [8] 00 00 00 00 AC 78 ED B5
(148.54) RX0 2AF [8] 00 00 00 00 00 00 00 00
(148.56) RX0 39D [8] D6 22 34 00 00 70 ED B5
(148.56) RX0 12DD5556 [8] 00 00 00 00 00 00 FC FF
(148.56) RX0 509 [8] FE 7F FF BF 97 FF 83 C9
(148.57) RX0 1A555637 [8] 00 E0 BF FF 00 00 F8 FF
(148.57) RX0 457 [8] 5A 0D 00 D8 FF FD 1F 00
(148.57) RX0 191 [8] 17 FA 7F 5B 0B 80 EA 01
(148.58) RX0 191 [8] 86 FB 7F 5C 0B 80 EA 01
(148.58) RX0 12DD550B [8] 6F 0D 00 00 00 00 00 00
(148.58) RX0 191 [8] 7C FC 7F 5C 0B 80 EA 01
(148.59) RX0 191 [8] 4C FD 7F 5C 0B 80 EA 01
(148.59) RX0 191 [8] 5B FE 7F 5C 0B 80 EA 01
(148.59) RX0 2AF [8] 00 00 00 00 00 00 00 00
(148.60) RX0 191 [8] B7 FF 7F 5C 0B 80 EA 01
(148.61) RX0 191 [8] 3E F0 7F 5C 0B 80 EA 01
(148.62) RX0 191 [8] 10 F1 7F 5C 0B 80 EA 01
(148.63) RX0 191 [8] 03 F2 7F 5C 0B 80 EA 01
(148.64) RX0 191 [8] C8 F3 7F 5B 0B 80 EA 01
(148.65) RX0 1A1 [8] 00 00 00 00 AC 68 ED B5
(148.65) RX0 2AF [8] 00 00 00 00 00 00 00 00
(148.65) RX0 39D [8] D6 22 34 00 00 60 AD B5
(148.66) RX0 12DD5556 [8] 00 00 00 00 00 00 FC FF
(148.66) RX0 509 [8] FE 7F FF BF 97 FF 83 C9
(148.66) RX0 1A555637 [8] 00 E0 BF FF 00 00 F8 FF
(148.67) RX0 457 [8] 12 0E 00 D8 FF FD 1F 00
(148.67) RX0 191 [8] B1 F4 7F 5C 0B 80 EA 01
(148.67) RX0 191 [8] 05 F5 7F 5C 0B 80 EA 01
(148.68) RX0 12DD550B [8] 4B 0E 00 00 00 00 00 00
(148.68) RX0 191 [8] 02 F6 7F 5C 0B 80 EA 01
(148.69) RX0 191 [8] A9 F7 7F 5B 0B 80 EA 01
(148.69) RX0 191 [8] 0B F8 7F 5C 0B 80 EA 01
(148.69) RX0 2AF [8] 00 00 00 00 00 00 00 00
(148.70) RX0 191 [8] 20 F9 7F 5C 0B 80 EA 01
(148.71) RX0 191 [8] 94 FA 7F 5C 0B 80 EA 01
(148.72) RX0 191 [8] 86 FB 7F 5C 0B 80 EA 01
(148.73) RX0 191 [8] 7C FC 7F 5C 0B 80 EA 01
(148.74) RX0 1B00007B [8] 7B 40 01 04 00 00 00 00
(148.74) RX0 191 [8] 4C FD 7F 5C 0B 80 EA 01
(148.74) RX0 1A1 [8] 00 00 00 00 AC 68 ED B5
(148.75) RX0 2AF [8] 00 00 00 00 00 00 00 00
(148.76) RX0 39D [8] D6 22 34 00 00 70 ED B5
(148.76) RX0 12DD5556 [8] 00 00 00 00 00 00 FC FF
(148.76) RX0 509 [8] FE 7F FF BF 97 FF 83 C9
(148.77) RX0 59E [8] 2B FF 7C FF 20 00 82 FF
(148.77) RX0 16A955EB [8] 00 00 20 00 C5 C4 03 37
(148.77) RX0 17F0007B [8] 21 7B 00 00 0F 0D 01 80
(148.78) RX0 1A555539 [8] 40 08 09 13 0A 21 03 02
(148.78) RX0 1A555543 [8] 00 00 00 00 00 00 00 00
(148.78) RX0 1A555544 [8] 00 00 00 00 96 00 0D 00
(148.79) RX0 1A555552 [8] 00 00 00 00 00 00 00 00
(148.79) RX0 1A555626 [8] 20 20 00 00 00 00 00 00
(148.80) RX0 1A555637 [8] 00 E0 BF FF 00 00 F8 FF
(148.80) RX0 457 [8] 30 0F 00 D8 FF FD 1F 00
(148.80) RX0 191 [8] 5B FE 7F 5C 0B 80 EA 01
(148.81) RX0 191 [8] B7 FF 7F 5C 0B 80 EA 01
(148.81) RX0 5A2 [8] 78 48 6A 31 01 00 C0 FF
(148.82) RX0 12DD550B [8] 7C 0F 00 00 00 00 00 00
(148.83) RX0 191 [8] 3E F0 7F 5C 0B 80 EA 01
(148.83) RX0 191 [8] 10 F1 7F 5C 0B 80 EA 01
(148.83) RX0 191 [8] 80 F2 7F 5B 0B 80 EA 01
(148.84) RX0 2AF [8] 00 00 00 00 00 00 00 00
(148.84) RX0 5CA [8] CF E7 7F 97 FE 87 FF 03
(148.84) RX0 191 [8] C8 F3 7F 5B 0B 80 EA 01
(148.85) RX0 191 [8] B1 F4 7F 5C 0B 80 EA 01
(148.85) RX0 578 [8] A0 84 FF FE 01 00 00 00
(148.85) RX0 191 [8] 05 F5 7F 5C 0B 80 EA 01
(148.86) RX0 191 [8] 81 F6 7F 5B 0B 80 EA 01
(148.86) RX0 191 [8] A9 F7 7F 5B 0B 80 EA 01
(148.86) RX0 1A1 [8] 00 00 00 00 AC 68 ED B5
(148.87) RX0 2AF [8] 00 00 00 00 00 00 00 00
(148.87) RX0 39D [8] D6 22 34 00 00 60 AD B5
(148.87) RX0 12DD5556 [8] 00 00 00 00 00 00 FC FF
(148.89) RX0 509 [8] FE 7F FF BF 97 FF 83 C9
(148.89) RX0 1A555637 [8] 00 E0 BF FF 00 00 F8 FF
(148.89) RX0 457 [8] 56 00 00 D8 FF FD 1F 00
(148.90) RX0 191 [8] 0B F8 7F 5C 0B 80 EA 01
(148.90) RX0 191 [8] A3 F9 7F 5B 0B 80 EA 01
(148.90) RX0 12DD550B [8] 79 00 00 00 00 00 00 00
(148.91) RX0 191 [8] 94 FA 7F 5C 0B 80 EA 01
(148.91) RX0 191 [8] 86 FB 7F 5C 0B 80 EA 01
(148.92) RX0 191 [8] 7C FC 7F 5C 0B 80 EA 01
(148.92) RX0 2AF [8] 00 00 00 00 00 00 00 00
(148.92) RX0 191 [8] 4C FD 7F 5C 0B 80 EA 01
(148.93) RX0 191 [8] D8 FE 7F 5B 0B 80 EA 01
(148.93) RX0 191 [8] B7 FF 7F 5C 0B 80 EA 01
(148.93) RX0 191 [8] 3E F0 7F 5C 0B 80 EA 01
(148.94) RX0 1B00007B [8] 7B 40 01 04 00 00 00 00
(148.94) RX0 191 [8] 10 F1 7F 5C 0B 80 EA 01
(148.94) RX0 1A1 [8] 00 00 00 00 AC 78 ED B5
(148.96) RX0 2AF [8] 00 00 00 00 00 00 00 00
(148.96) RX0 39D [8] D6 22 34 00 00 70 ED B5
(148.96) RX0 12DD5556 [8] 00 00 00 00 00 00 FC FF
(148.97) RX0 509 [8] FE 7F FF BF 97 FF 83 C9
(148.97) RX0 1A555637 [8] 00 E0 BF FF 00 00 F8 FF
(148.97) RX0 457 [8] CC 01 00 D8 FF FD 1F 00
(148.98) RX0 191 [8] 03 F2 7F 5C 0B 80 EA 01
(148.98) RX0 191 [8] 4B F3 7F 5C 0B 80 EA 01
(148.98) RX0 12DD550B [8] 50 01 00 00 00 00 00 00
(148.99) RX0 191 [8] B1 F4 7F 5C 0B 80 EA 01
(148.99) RX0 191 [8] 05 F5 7F 5C 0B 80 EA 01
(148.99) RX0 191 [8] 02 F6 7F 5C 0B 80 EA 01
(149.00) RX0 2AF [8] 00 00 00 00 00 00 00 00
(149.00) RX0 191 [8] A9 F7 7F 5B 0B 80 EA 01
(149.01) RX0 191 [8] 0B F8 7F 5C 0B 80 EA 01
(149.02) RX0 191 [8] 20 F9 7F 5C 0B 80 EA 01
(149.03) RX0 191 [8] 94 FA 7F 5C 0B 80 EA 01
(149.04) RX0 191 [8] 86 FB 7F 5C 0B 80 EA 01
(149.04) RX0 1A1 [8] 00 00 00 00 AC 78 ED B5
(149.04) RX0 2AF [8] 00 00 00 00 00 00 00 00
(149.04) RX0 39D [8] D6 22 34 00 00 70 ED B5
(149.06) RX0 12DD5556 [8] 00 00 00 00 00 00 FC FF
(149.06) RX0 509 [8] FE 7F FF BF 97 FF 83 C9
(149.06) RX0 1A555637 [8] 00 E0 BF FF 00 00 F8 FF
(149.07) RX0 457 [8] E0 02 00 D8 FF FD 1F 00
(149.07) RX0 191 [8] 7C FC 7F 5C 0B 80 EA 01
(149.07) RX0 191 [8] 4C FD 7F 5C 0B 80 EA 01
(149.08) RX0 12DD550B [8] B3 02 00 00 00 00 00 00
(149.08) RX0 191 [8] 5B FE 7F 5C 0B 80 EA 01
(149.09) RX0 191 [8] 34 FF 7F 5B 0B 80 EA 01
(149.09) RX0 191 [8] 3E F0 7F 5C 0B 80 EA 01
(149.09) RX0 2AF [8] 00 00 00 00 00 00 00 00
(149.10) RX0 191 [8] 93 F1 7F 5B 0B 80 EA 01
(149.11) RX0 191 [8] 03 F2 7F 5C 0B 80 EA 01
(149.12) RX0 191 [8] 4B F3 7F 5C 0B 80 EA 01
(149.13) RX0 191 [8] B1 F4 7F 5C 0B 80 EA 01
(149.14) RX0 1B00007B [8] 7B 40 01 04 00 00 00 00
(149.14) RX0 191 [8] 05 F5 7F 5C 0B 80 EA 01
(149.15) RX0 1A1 [8] 00 00 00 00 AC 68 ED B5
(149.15) RX0 2AF [8] 00 00 00 00 00 00 00 00
(149.16) RX0 39D [8] D6 22 34 00 00 70 ED B5
(149.16) RX0 12DD5556 [8] 00 00 00 00 00 00 FC FF
(149.16) RX0 509 [8] FE 7F FF BF 97 FF 83 C9
(149.17) RX0 1A555637 [8] 00 E0 BF FF 00 00 F8 FF
(149.17) RX0 457 [8] 01 03 00 D8 FF FD 1F 00
(149.17) RX0 191 [8] 81 F6 7F 5B 0B 80 EA 01
(149.18) RX0 191 [8] A9 F7 7F 5B 0B 80 EA 01
(149.18) RX0 12DD550B [8] CD 03 00 00 00 00 00 00
(149.18) RX0 191 [8] 0B F8 7F 5C 0B 80 EA 01
(149.19) RX0 191 [8] A3 F9 7F 5B 0B 80 EA 01
(149.19) RX0 191 [8] 17 FA 7F 5B 0B 80 EA 01
(149.19) RX0 2AF [8] 00 00 00 00 00 00 00 00
(149.21) RX0 191 [8] 86 FB 7F 5C 0B 80 EA 01
(149.21) RX0 191 [8] 7C FC 7F 5C 0B 80 EA 01
(149.22) RX0 191 [8] 4C FD 7F 5C 0B 80 EA 01
(149.23) RX0 191 [8] 5B FE 7F 5C 0B 80 EA 01
(149.24) RX0 191 [8] 34 FF 7F 5B 0B 80 EA 01
(149.25) RX0 1A1 [8] 00 00 00 00 AC 68 ED B5
(149.25) RX0 2AF [8] 00 00 00 00 00 00 00 00
(149.25) RX0 39D [8] D6 22 34 00 00 60 AD B5
(149.26) RX0 12DD5556 [8] 00 00 00 00 00 00 FC FF
(149.26) RX0 509 [8] FE 7F FF BF 97 FF 83 C9
(149.26) RX0 59E [8] 2B FF 7C FF 20 00 82 FF
(149.27) RX0 17F0007B [8] 21 7B 00 00 0F 0D 01 80
(149.27) RX0 1A555544 [8] 00 00 00 00 96 00 0D 00
(149.28) RX0 1A555637 [8] 00 E0 BF FF 00 00 F8 FF
(149.28) RX0 457 [8] F4 04 00 D8 FF FD 1F 00
(149.28) RX0 191 [8] 3E F0 7F 5C 0B 80 EA 01
(149.29) RX0 191 [8] 10 F1 7F 5C 0B 80 EA 01
(149.29) RX0 5A2 [8] F1 49 6A 31 01 00 C0 FF
(149.29) RX0 12DD550B [8] 6B 04 00 00 00 00 00 00
(149.30) RX0 191 [8] 03 F2 7F 5C 0B 80 EA 01
(149.30) RX0 191 [8] C8 F3 7F 5B 0B 80 EA 01
(149.31) RX0 191 [8] B1 F4 7F 5C 0B 80 EA 01
(149.32) RX0 2AF [8] 00 00 00 00 00 00 00 00
(149.32) RX0 5CA [8] 8D E8 7F 97 FE 87 FF 03
(149.32) RX0 191 [8] 86 F5 7F 5B 0B 80 EA 01
(149.33) RX0 191 [8] 02 F6 7F 5C 0B 80 EA 01
(149.33) RX0 191 [8] 2A F7 7F 5C 0B 80 EA 01
(149.33) RX0 17FE017B [8] 03 40 01 03 AA AA AA AA
(149.34) RX0 191 [8] 0B F8 7F 5C 0B 80 EA 01
(149.34) RX0 1B00007B [8] 7B 40 01 04 00 00 00 00
(149.34) RX0 191 [8] 20 F9 7F 5C 0B 80 EA 01
(149.34) RX0 1A1 [8] 00 00 00 00 AC 78 ED B5
(149.35) RX0 2AF [8] 00 00 00 00 00 00 00 00
(149.35) RX0 39D [8] D6 22 34 00 00 70 ED B5
(149.36) RX0 12DD5556 [8] 00 00 00 00 00 00 FC FF
(149.37) RX0 509 [8] FE 7F FF BF 97 FF 83 C9
(149.37) RX0 1A555637 [8] 00 E0 BF FF 00 00 F8 FF
(149.38) RX0 457 [8] 68 05 00 D8 FF FD 1F 00
(149.38) RX0 191 [8] 17 FA 7F 5B 0B 80 EA 01
(149.38) RX0 191 [8] 86 FB 7F 5C 0B 80 EA 01
(149.39) RX0 12DD550B [8] F6 05 00 00 00 00 00 00
(149.39) RX0 191 [8] 7C FC 7F 5C 0B 80 EA 01
(149.39) RX0 191 [8] 4C FD 7F 5C 0B 80 EA 01
(149.40) RX0 191 [8] 5B FE 7F 5C 0B 80 EA 01
(149.40) RX0 2AF [8] 00 00 00 00 00 00 00 00
(149.40) RX0 191 [8] B7 FF 7F 5C 0B 80 EA 01
(149.41) RX0 191 [8] 3E F0 7F 5C 0B 80 EA 01
(149.42) RX0 191 [8] 10 F1 7F 5C 0B 80 EA 01
(149.43) RX0 191 [8] 03 F2 7F 5C 0B 80 EA 01
(149.44) RX0 191 [8] 4B F3 7F 5C 0B 80 EA 01
(149.44) RX0 1A1 [8] 00 00 00 00 AC 78 ED B5
(149.44) RX0 2AF [8] 00 00 00 00 00 00 00 00
(149.45) RX0 39D [8] D6 22 34 00 00 70 ED B5
(149.46) RX0 12DD5556 [8] 00 00 00 00 00 00 FC FF
(149.46) RX0 509 [8] FE 7F FF BF 97 FF 83 C9
(149.46) RX0 1A555637 [8] 00 E0 BF FF 00 00 F8 FF
(149.47) RX0 457 [8] 1C 06 00 D8 FF FD 1F 00
(149.47) RX0 191 [8] B1 F4 7F 5C 0B 80 EA 01
(149.47) RX0 191 [8] 05 F5 7F 5C 0B 80 EA 01
(149.48) RX0 12DD550B [8] ED 06 00 00 00 00 00 00
(149.48) RX0 191 [8] 02 F6 7F 5C 0B 80 EA 01
(149.49) RX0 191 [8] 2A F7 7F 5C 0B 80 EA 01
(149.49) RX0 191 [8] 0B F8 7F 5C 0B 80 EA 01
(149.49) RX0 2AF [8] 00 00 00 00 00 00 00 00
(149.50) RX0 191 [8] A3 F9 7F 5B 0B 80 EA 01
(149.51) RX0 191 [8] 94 FA 7F 5C 0B 80 EA 01
(149.52) RX0 191 [8] 05 FB 7F 5B 0B 80 EA 01
(149.53) RX0 191 [8] 7C FC 7F 5C 0B 80 EA 01
(149.54) RX0 1B00007B [8] 7B 40 01 04 00 00 00 00
(149.54) RX0 191 [8] 4C FD 7F 5C 0B 80 EA 01
(149.54) RX0 1A1 [8] 00 00 00 00 AC 78 ED B5
(149.54) RX0 2AF [8] 00 00 00 00 00 00 00 00
(149.54) RX0 39D [8] D6 22 34 00 00 70 ED B5
(149.56) RX0 12DD5556 [8] 00 00 00 00 00 00 FC FF
(149.56) RX0 509 [8] FE 7F FF BF 97 FF 83 C9
(149.57) RX0 1A555637 [8] 00 E0 BF FF 00 00 F8 FF
(149.57) RX0 457 [8] AC 07 00 D8 FF FD 1F 00
(149.57) RX0 191 [8] 5B FE 7F 5C 0B 80 EA 01
(149.58) RX0 191 [8] B7 FF 7F 5C 0B 80 EA 01
(149.58) RX0 12DD550B [8] 67 07 00 00 00 00 00 00
(149.58) RX0 191 [8] 3E F0 7F 5C 0B 80 EA 01
(149.59) RX0 191 [8] 10 F1 7F 5C 0B 80 EA 01
(149.59) RX0 191 [8] 03 F2 7F 5C 0B 80 EA 01
(149.59) RX0 2AF [8] 00 00 00 00 00 00 00 00
(149.60) RX0 191 [8] 4B F3 7F 5C 0B 80 EA 01
(149.61) RX0 191 [8] B1 F4 7F 5C 0B 80 EA 01
(149.62) RX0 191 [8] 05 F5 7F 5C 0B 80 EA 01
(149.63) RX0 191 [8] 02 F6 7F 5C 0B 80 EA 01
(149.64) RX0 191 [8] A9 F7 7F 5B 0B 80 EA 01
(149.64) RX0 1A1 [8] 00 00 00 00 AC 68 AD B5
(149.65) RX0 2AF [8] 00 00 00 00 00 00 00 00
(149.65) RX0 39D [8] D6 22 34 00 00 60 AD B5
(149.66) RX0 12DD5556 [8] 00 00 00 00 00 00 FC FF
(149.66) RX0 509 [8] FE 7F FF BF 97 FF 83 C9
(149.66) RX0 1A555637 [8] 00 E0 BF FF 00 00 F8 FF
(149.67) RX0 457 [8] AB 08 00 D8 FF FD 1F 00
(149.67) RX0 191 [8] 0B F8 7F 5C 0B 80 EA 01
(149.67) RX0 191 [8] 20 F9 7F 5C 0B 80 EA 01
(149.68) RX0 12DD550B [8] 39 08 00 00 00 00 00 00
(149.68) RX0 191 [8] 17 FA 7F 5B 0B 80 EA 01
(149.69) RX0 191 [8] 86 FB 7F 5C 0B 80 EA 01
(149.69) RX0 191 [8] 7C FC 7F 5C 0B 80 EA 01
(149.69) RX0 2AF [8] 00 00 00 00 00 00 00 00
(149.70) RX0 191 [8] 4C FD 7F 5C 0B 80 EA 01
(149.71) RX0 191 [8] D8 FE 7F 5B 0B 80 EA 01
(149.72) RX0 191 [8] B7 FF 7F 5C 0B 80 EA 01
(149.73) RX0 191 [8] 3E F0 7F 5C 0B 80 EA 01
(149.74) RX0 191 [8] 10 F1 7F 5C 0B 80 EA 01
(149.75) RX0 1A1 [8] 00 00 00 00 AC 78 ED B5
(149.75) RX0 2AF [8] 00 00 00 00 00 00 00 00
(149.75) RX0 39D [8] D6 22 34 00 00 70 ED B5
(149.76) RX0 12DD5556 [8] 00 00 00 00 00 00 FC FF
(149.76) RX0 509 [8] FE 7F FF BF 97 FF 83 C9
(149.76) RX0 59E [8] 2B FF 7C FF 20 00 82 FF
(149.77) RX0 16A954A6 [8] 00 00 2C 7E 7C 73 8A A6
(149.77) RX0 16A955EB [8] 00 00 20 00 C5 C4 03 37
(149.77) RX0 17F0007B [8] 21 7B 00 00 0F 0D 01 80
(149.78) RX0 1A555535 [8] 30 43 33 50 45 54 46 54
(149.78) RX0 1A555536 [8] 39 4A 31 31 30 30 44 34
(149.79) RX0 1A555539 [8] 40 10 09 13 0A 21 03 02
(149.79) RX0 1A555543 [8] 00 00 00 06 00 00 00 00
(149.79) RX0 1A555544 [8] 00 00 00 00 96 00 0D 00
(149.80) RX0 1A555552 [8] 00 00 00 00 00 00 00 00
(149.81) RX0 1A555625 [8] 56 30 30 30 30 30 30 35
(149.81) RX0 1A555626 [8] 20 20 00 00 00 00 00 00
(149.82) RX0 457 [8] E6 09 00 D8 FF FD 1F 00
(149.82) RX0 1A555637 [8] 00 E0 BF FF 00 00 F8 FF
(149.83) RX0 191 [8] 03 F2 7F 5C 0B 80 EA 01
(149.83) RX0 191 [8] 4B F3 7F 5C 0B 80 EA 01
(149.83) RX0 5A2 [8] EC 4A 6A 31 01 00 C0 FF
(149.84) RX0 12DD550B [8] B7 09 00 00 00 00 00 00
(149.84) RX0 191 [8] B1 F4 7F 5C 0B 80 EA 01
(149.84) RX0 191 [8] 05 F5 7F 5C 0B 80 EA 01
(149.85) RX0 191 [8] 81 F6 7F 5B 0B 80 EA 01
(149.85) RX0 2AF [8] 00 00 00 00 00 00 00 00
(149.85) RX0 5CA [8] E9 E9 7F 97 FE 87 FF 03
(149.86) RX0 191 [8] A9 F7 7F 5B 0B 80 EA 01
(149.86) RX0 191 [8] 0B F8 7F 5C 0B 80 EA 01
(149.86) RX0 578 [8] C4 85 FF FE 01 00 00 00
(149.87) RX0 191 [8] 20 F9 7F 5C 0B 80 EA 01
(149.87) RX0 191 [8] 94 FA 7F 5C 0B 80 EA 01
(149.88) RX0 191 [8] 86 FB 7F 5C 0B 80 EA 01
(149.89) RX0 1A1 [8] 00 00 00 00 AC 78 ED B5
(149.89) RX0 2AF [8] 00 00 00 00 00 00 00 00
(149.89) RX0 39D [8] D6 22 34 00 00 70 ED B5
(149.90) RX0 12DD5556 [8] 00 00 00 00 00 00 FC FF
(149.90) RX0 509 [8] FE 7F FF BF 97 FF 83 C9
(149.90) RX0 1A555637 [8] 00 E0 BF FF 00 00 F8 FF
(149.91) RX0 457 [8] 51 0A 00 D8 FF FD 1F 00
(149.91) RX0 191 [8] 7C FC 7F 5C 0B 80 EA 01
(149.91) RX0 191 [8] CF FD 7F 5B 0B 80 EA 01
(149.92) RX0 191 [8] D8 FE 7F 5B 0B 80 EA 01
(149.92) RX0 12DD550B [8] 5F 0A 00 00 00 00 00 00
(149.92) RX0 191 [8] B7 FF 7F 5C 0B 80 EA 01
(149.93) RX0 191 [8] BD F0 7F 5B 0B 80 EA 01
(149.93) RX0 2AF [8] 00 00 00 00 00 00 00 00
(149.93) RX0 191 [8] 93 F1 7F 5B 0B 80 EA 01
(149.95) RX0 191 [8] 80 F2 7F 5B 0B 80 EA 01
(149.95) RX0 191 [8] 4B F3 7F 5C 0B 80 EA 01
(149.96) RX0 191 [8] B1 F4 7F 5C 0B 80 EA 01
(149.96) RX0 191 [8] 05 F5 7F 5C 0B 80 EA 01
(149.96) RX0 1A1 [8] 00 00 00 00 AC 68 ED B5
(149.97) RX0 2AF [8] 00 00 00 00 00 00 00 00
(149.97) RX0 39D [8] D6 22 34 00 00 60 AD B5
(149.97) RX0 12DD5556 [8] 00 00 00 00 00 00 FC FF
(149.98) RX0 509 [8] FE 7F FF BF 97 FF 83 C9
(149.98) RX0 1A555637 [8] 00 E0 BF FF 00 00 F8 FF
(149.98) RX0 457 [8] 03 0B 00 D8 FF FD 1F 00
(149.99) RX0 191 [8] 81 F6 7F 5B 0B 80 EA 01
(149.99) RX0 191 [8] 2A F7 7F 5C 0B 80 EA 01
(149.99) RX0 191 [8] 88 F8 7F 5B 0B 80 EA 01
(150.00) RX0 12DD550B [8] 3D 0B 00 00 00 00 00 00
(150.00) RX0 191 [8] 20 F9 7F 5C 0B 80 EA 01
(150.00) RX0 191 [8] 94 FA 7F 5C 0B 80 EA 01
(150.02) RX0 2AF [8] 00 00 00 00 00 00 00 00
(150.02) RX0 191 [8] 86 FB 7F 5C 0B 80 EA 01
(150.02) RX0 191 [8] 7C FC 7F 5C 0B 80 EA 01
(150.03) RX0 191 [8] 4C FD 7F 5C 0B 80 EA 01
(150.03) RX0 191 [8] 5B FE 7F 5C 0B 80 EA 01
(150.04) RX0 191 [8] B7 FF 7F 5C 0B 80 EA 01
(150.04) RX0 1A1 [8] 00 00 00 00 AC 78 ED B5
(150.04) RX0 2AF [8] 00 00 00 00 00 00 00 00
(150.05) RX0 39D [8] D6 22 34 00 00 70 ED B5
(150.06) RX0 12DD5556 [8] 00 00 00 00 00 00 FC FF
(150.06) RX0 509 [8] FE 7F FF BF 97 FF 83 C9
(150.06) RX0 1A555637 [8] 00 E0 BF FF 00 00 F8 FF
(150.07) RX0 457 [8] D9 0C 00 D8 FF FD 1F 00
(150.07) RX0 191 [8] 3E F0 7F 5C 0B 80 EA 01
(150.07) RX0 191 [8] 10 F1 7F 5C 0B 80 EA 01
(150.08) RX0 191 [8] 03 F2 7F 5C 0B 80 EA 01
(150.08) RX0 12DD550B [8] 44 0C 00 00 00 00 00 00
(150.09) RX0 191 [8] 4B F3 7F 5C 0B 80 EA 01
(150.09) RX0 191 [8] B1 F4 7F 5C 0B 80 EA 01
(150.09) RX0 2AF [8] 00 00 00 00 00 00 00 00
(150.10) RX0 191 [8] 05 F5 7F 5C 0B 80 EA 01
(150.11) RX0 191 [8] 02 F6 7F 5C 0B 80 EA 01
(150.12) RX0 191 [8] 2A F7 7F 5C 0B 80 EA 01
(150.13) RX0 191 [8] 0B F8 7F 5C 0B 80 EA 01
(150.14) RX0 191 [8] 20 F9 7F 5C 0B 80 EA 01
(150.14) RX0 1A1 [8] 00 00 00 00 AC 68 ED B5
(150.15) RX0 2AF [8] 00 00 00 00 00 00 00 00
(150.15) RX0 39D [8] D6 22 34 00 00 70 ED B5
(150.16) RX0 12DD5556 [8] 00 00 00 00 00 00 FC FF
(150.16) RX0 509 [8] FE 7F FF BF 97 FF 83 C9
(150.16) RX0 1A555637 [8] 00 E0 BF FF 00 00 F8 FF
(150.17) RX0 457 [8] 5A 0D 00 D8 FF FD 1F 00
(150.17) RX0 191 [8] 94 FA 7F 5C 0B 80 EA 01
(150.17) RX0 191 [8] 86 FB 7F 5C 0B 80 EA 01
(150.18) RX0 191 [8] 7C FC 7F 5C 0B 80 EA 01
(150.18) RX0 12DD550B [8] 6F 0D 00 00 00 00 00 00
(150.19) RX0 191 [8] 4C FD 7F 5C 0B 80 EA 01
(150.19) RX0 191 [8] 5B FE 7F 5C 0B 80 EA 01
(150.19) RX0 2AF [8] 00 00 00 00 00 00 00 00
(150.20) RX0 191 [8] 34 FF 7F 5B 0B 80 EA 01
(150.21) RX0 191 [8] 3E F0 7F 5C 0B 80 EA 01
(150.22) RX0 191 [8] 10 F1 7F 5C 0B 80 EA 01
(150.23) RX0 191 [8] 03 F2 7F 5C 0B 80 EA 01
(150.24) RX0 191 [8] 4B F3 7F 5C 0B 80 EA 01
(150.24) RX0 1A1 [8] 00 00 00 00 AC 78 ED B5
(150.25) RX0 2AF [8] 00 00 00 00 00 00 00 00
(150.25) RX0 39D [8] D6 22 34 00 00 70 ED B5
(150.26) RX0 12DD5556 [8] 00 00 00 00 00 00 FC FF
(150.26) RX0 509 [8] FE 7F FF BF 97 FF 83 C9
(150.26) RX0 59E [8] 2B FF 7C FF 20 00 82 FF
(150.27) RX0 17F0007B [8] 21 7B 00 00 0F 0D 01 80
(150.27) RX0 1A555544 [8] 00 00 00 00 96 00 0D 00
(150.27) RX0 1A555637 [8] 00 E0 BF FF 00 00 F8 FF
(150.28) RX0 457 [8] 12 0E 00 D8 FF FD 1F 00
(150.28) RX0 191 [8] B1 F4 7F 5C 0B 80 EA 01
(150.29) RX0 191 [8] 05 F5 7F 5C 0B 80 EA 01
(150.29) RX0 5A2 [8] 9E 4B 6A 31 01 00 C0 FF
(150.29) RX0 191 [8] 02 F6 7F 5C 0B 80 EA 01
(150.30) RX0 12DD550B [8] 4B 0E 00 00 00 00 00 00
(150.30) RX0 191 [8] 2A F7 7F 5C 0B 80 EA 01
(150.30) RX0 191 [8] 0B F8 7F 5C 0B 80 EA 01
(150.31) RX0 2AF [8] 00 00 00 00 00 00 00 00
(150.32) RX0 5CA [8] 45 EA 7F 97 FE 87 FF 03
(150.32) RX0 191 [8] 20 F9 7F 5C 0B 80 EA 01
(150.33) RX0 191 [8] 17 FA 7F 5B 0B 80 EA 01
(150.33) RX0 191 [8] 86 FB 7F 5C 0B 80 EA 01
(150.33) RX0 191 [8] 7C FC 7F 5C 0B 80 EA 01
(150.34) RX0 191 [8] 4C FD 7F 5C 0B 80 EA 01
(150.34) RX0 1A1 [8] 00 00 00 00 AC 78 ED B5
(150.34) RX0 2AF [8] 00 00 00 00 00 00 00 00
(150.35) RX0 39D [8] D6 22 34 00 00 70 ED B5
(150.36) RX0 12DD5556 [8] 00 00 00 00 00 00 FC FF
(150.36) RX0 509 [8] FE 7F FF BF 97 FF 83 C9
(150.36) RX0 1A555637 [8] 00 E0 BF FF 00 00 F8 FF
(150.37) RX0 457 [8] 30 0F 00 D8 FF FD 1F 00
(150.37) RX0 191 [8] D8 FE 7F 5B 0B 80 EA 01
(150.37) RX0 191 [8] B7 FF 7F 5C 0B 80 EA 01
(150.38) RX0 191 [8] 3E F0 7F 5C 0B 80 EA 01
(150.38) RX0 12DD550B [8] 7C 0F 00 00 00 00 00 00
(150.39) RX0 191 [8] 93 F1 7F 5B 0B 80 EA 01
(150.39) RX0 191 [8] 03 F2 7F 5C 0B 80 EA 01
(150.39) RX0 2AF [8] 00 00 00 00 00 00 00 00
(150.40) RX0 191 [8] 4B F3 7F 5C 0B 80 EA 01
(150.41) RX0 191 [8] B1 F4 7F 5C 0B 80 EA 01
(150.42) RX0 191 [8] 05 F5 7F 5C 0B 80 EA 01
(150.43) RX0 191 [8] 02 F6 7F 5C 0B 80 EA 01
(150.44) RX0 191 [8] 2A F7 7F 5C 0B 80 EA 01
(150.44) RX0 1A1 [8] 00 00 00 00 AC 78 ED B5
(150.44) RX0 2AF [8] 00 00 00 00 00 00 00 00
(150.45) RX0 39D [8] D6 22 34 00 00 70 ED B5
(150.46) RX0 12DD5556 [8] 00 00 00 00 00 00 FC FF
(150.46) RX0 509 [8] FE 7F FF BF 97 FF 83 C9
(150.46) RX0 1A555637 [8] 00 E0 BF FF 00 00 F8 FF
(150.47) RX0 457 [8] 56 00 00 D8 FF FD 1F 00
(150.47) RX0 191 [8] 0B F8 7F 5C 0B 80 EA 01
(150.47) RX0 191 [8] 20 F9 7F 5C 0B 80 EA 01
(150.48) RX0 191 [8] 94 FA 7F 5C 0B 80 EA 01
(150.48) RX0 12DD550B [8] 79 00 00 00 00 00 00 00
(150.49) RX0 191 [8] 86 FB 7F 5C 0B 80 EA 01
(150.49) RX0 191 [8] 7C FC 7F 5C 0B 80 EA 01
(150.49) RX0 2AF [8] 00 00 00 00 00 00 00 00
(150.50) RX0 191 [8] CF FD 7F 5B 0B 80 EA 01
(150.51) RX0 191 [8] D8 FE 7F 5B 0B 80 EA 01
(150.52) RX0 191 [8] B7 FF 7F 5C 0B 80 EA 01
(150.53) RX0 191 [8] 3E F0 7F 5C 0B 80 EA 01
(150.54) RX0 191 [8] 10 F1 7F 5C 0B 80 EA 01
(150.54) RX0 1A1 [8] 00 00 00 00 AC 78 ED B5
(150.54) RX0 2AF [8] 00 00 00 00 00 00 00 00
(150.54) RX0 39D [8] D6 22 34 00 00 70 ED B5
(150.56) RX0 12DD5556 [8] 00 00 00 00 00 00 FC FF
(150.56) RX0 509 [8] FE 7F FF BF 97 FF 83 C9
(150.56) RX0 1A555637 [8] 00 E0 BF FF 00 00 F8 FF
(150.57) RX0 457 [8] CC 01 00 D8 FF FD 1F 00
