ParserFlags	Ch	Counter	T/R	Time	Flags	CAN ID	Len	Data	Parser Name	default
1	0	708	RX	1493397796		0x00000681	8	0xf0 20 0a 01 ff ff ff ff 	Default Parser	
1	0	709	RX	1493397862		0x000006ac	8	0xf0 1e 0a 01 ff ff ff ff 	Default Parser	
1	0	710	RX	1493398105		0x0000062c	8	0x10 18 70 20 0d 87 e0 ec 	Default Parser	
1	0	711	RX	1493398108		0x000006ac	8	0x30 00 0a ff ff ff ff ff 	Default Parser	
1	0	712	RX	1493398115		0x0000062c	8	0x21 04 a2 a4 9c ff 90 00 	Default Parser	
1	0	713	RX	1493398125		0x0000062c	8	0x22 c0 a8 07 e4 a2 33 ae 	Default Parser	
1	0	714	RX	1493398135		0x0000062c	8	0x23 80 00 58 08 ff ff ff 	Default Parser	
1	0	715	RX	1493398143		0x000006ac	8	0xe0 70 ff ff ff ff ff ff 	Default Parser	
1	0	716	RX	1493398145		0x0000062c	8	0x07 10 46 4d 00 00 00 00 	Default Parser	
1	0	717	RX	1493398158		0x000006ac	8	0xe0 10 ff ff ff ff ff ff 	Default Parser	
1	0	718	RX	1493398158		0x0000062c	8	0x10 0b 20 48 ed 00 00 21 	Default Parser	
1	0	719	RX	1493398173		0x000006ac	8	0x30 00 0a ff ff ff ff ff 	Default Parser	
1	0	720	RX	1493398175		0x0000062c	8	0x21 f0 c2 2d 03 07 ff ff 	Default Parser	
1	0	721	RX	1493398188		0x000006ac	8	0xe0 20 ff ff ff ff ff ff 	Default Parser	
1	0	722	RX	1493398275		0x00000601	8	0xf0 23 0a 01 ff ff ff ff 	Default Parser	
1	0	723	RX	1493398275		0x0000062c	8	0xf0 23 0a 01 ff ff ff ff 	Default Parser	
1	0	724	RX	1493398296		0x00000681	8	0xf0 20 0a 01 ff ff ff ff 	Default Parser	
1	0	725	RX	1493398363		0x000006ac	8	0xf0 1e 0a 01 ff ff ff ff 	Default Parser	
1	0	726	RX	1493398785		0x00000601	8	0xf0 23 0a 01 ff ff ff ff 	Default Parser	
1	0	727	RX	1493398785		0x0000062c	8	0xf0 23 0a 01 ff ff ff ff 	Default Parser	
1	0	728	RX	1493398796		0x00000681	8	0xf0 20 0a 01 ff ff ff ff 	Default Parser	
1	0	729	RX	1493398863		0x000006ac	8	0xf0 1e 0a 01 ff ff ff ff 	Default Parser	
1	0	730	RX	1493399105		0x0000062c	8	0x10 18 30 20 0d 87 e0 ec 	Default Parser	
1	0	731	RX	1493399108		0x000006ac	8	0x30 00 0a ff ff ff ff ff 	Default Parser	
1	0	732	RX	1493399115		0x0000062c	8	0x21 04 a2 a4 9c ff 90 00 	Default Parser	
1	0	733	RX	1493399125		0x0000062c	8	0x22 c0 b8 07 e4 a2 33 ae 	Default Parser	
1	0	734	RX	1493399135		0x0000062c	8	0x23 c0 00 58 08 ff ff ff 	Default Parser	
1	0	735	RX	1493399143		0x000006ac	8	0xe0 30 ff ff ff ff ff ff 	Default Parser	
1	0	736	RX	1493399145		0x0000062c	8	0x07 40 46 4d 00 00 00 00 	Default Parser	
1	0	737	RX	1493399158		0x000006ac	8	0xe0 40 ff ff ff ff ff ff 	Default Parser	
1	0	738	RX	1493399159		0x0000062c	8	0x10 0b 50 48 ed 00 00 21 	Default Parser	
1	0	739	RX	1493399173		0x000006ac	8	0x30 00 0a ff ff ff ff ff 	Default Parser	
1	0	740	RX	1493399175		0x0000062c	8	0x21 f0 c2 2d 03 07 ff ff 	Default Parser	
1	0	741	RX	1493399188		0x000006ac	8	0xe0 50 ff ff ff ff ff ff 	Default Parser	
1	0	742	RX	1493399295		0x00000601	8	0xf0 23 0a 01 ff ff ff ff 	Default Parser	
1	0	743	RX	1493399295		0x0000062c	8	0xf0 23 0a 01 ff ff ff ff 	Default Parser	
1	0	744	RX	1493399296		0x00000681	8	0xf0 20 0a 01 ff ff ff ff 	Default Parser	
1	0	745	RX	1493399363		0x000006ac	8	0xf0 1e 0a 01 ff ff ff ff 	Default Parser	
1	0	746	RX	1493399796		0x00000681	8	0xf0 20 0a 01 ff ff ff ff 	Default Parser	
1	0	747	RX	1493399805		0x00000601	8	0xf0 23 0a 01 ff ff ff ff 	Default Parser	
1	0	748	RX	1493399805		0x0000062c	8	0xf0 23 0a 01 ff ff ff ff 	Default Parser	
1	0	749	RX	1493399864		0x000006ac	8	0xf0 1e 0a 01 ff ff ff ff 	Default Parser	
1	0	750	RX	1493400105		0x0000062c	8	0x10 18 60 20 0d 87 e0 ec 	Default Parser	
1	0	751	RX	1493400109		0x000006ac	8	0x30 00 0a ff ff ff ff ff 	Default Parser	
1	0	752	RX	1493400115		0x0000062c	8	0x21 04 a2 a4 9c ff 90 00 	Default Parser	
1	0	753	RX	1493400125		0x0000062c	8	0x22 c0 b8 07 e4 a2 33 b0 	Default Parser	
1	0	754	RX	1493400135		0x0000062c	8	0x23 00 00 58 08 ff ff ff 	Default Parser	
1	0	755	RX	1493400144		0x000006ac	8	0xe0 60 ff ff ff ff ff ff 	Default Parser	
1	0	756	RX	1493400145		0x0000062c	8	0x07 70 46 4d 00 00 00 00 	Default Parser	
1	0	757	RX	1493400159		0x000006ac	8	0xe0 70 ff ff ff ff ff ff 	Default Parser	
1	0	758	RX	1493400159		0x0000062c	8	0x10 0b 10 48 ed 00 00 21 	Default Parser	
1	0	759	RX	1493400173		0x000006ac	8	0x30 00 0a ff ff ff ff ff 	Default Parser	
1	0	760	RX	1493400175		0x0000062c	8	0x21 f0 c2 2d 03 07 ff ff 	Default Parser	
1	0	761	RX	1493400189		0x000006ac	8	0xe0 10 ff ff ff ff ff ff 	Default Parser	
1	0	762	RX	1493400296		0x00000681	8	0xf0 20 0a 01 ff ff ff ff 	Default Parser	
1	0	763	RX	1493400315		0x00000601	8	0xf0 23 0a 01 ff ff ff ff 	Default Parser	
1	0	764	RX	1493400315		0x0000062c	8	0xf0 23 0a 01 ff ff ff ff 	Default Parser	
1	0	765	RX	1493400364		0x000006ac	8	0xf0 1e 0a 01 ff ff ff ff 	Default Parser	
1	0	766	RX	1493400796		0x00000681	8	0xf0 20 0a 01 ff ff ff ff 	Default Parser	
1	0	767	RX	1493400825		0x00000601	8	0xf0 23 0a 01 ff ff ff ff 	Default Parser	
1	0	768	RX	1493400825		0x0000062c	8	0xf0 23 0a 01 ff ff ff ff 	Default Parser	
1	0	769	RX	1493400864		0x000006ac	8	0xf0 1e 0a 01 ff ff ff ff 	Default Parser	
1	0	770	RX	1493401105		0x0000062c	8	0x10 18 20 20 0d 87 e0 ec 	Default Parser	
1	0	771	RX	1493401109		0x000006ac	8	0x30 00 0a ff ff ff ff ff 	Default Parser	
1	0	772	RX	1493401115		0x0000062c	8	0x21 04 a2 a4 9c ff 90 00 	Default Parser	
1	0	773	RX	1493401125		0x0000062c	8	0x22 c0 b8 07 e4 a2 33 b0 	Default Parser	
1	0	774	RX	1493401135		0x0000062c	8	0x23 40 00 58 08 ff ff ff 	Default Parser	
1	0	775	RX	1493401144		0x000006ac	8	0xe0 20 ff ff ff ff ff ff 	Default Parser	
1	0	776	RX	1493401145		0x0000062c	8	0x07 30 46 4d 00 00 00 00 	Default Parser	
1	0	777	RX	1493401159		0x000006ac	8	0xe0 30 ff ff ff ff ff ff 	Default Parser	
1	0	778	RX	1493401159		0x0000062c	8	0x10 0b 40 48 ed 00 00 21 	Default Parser	
1	0	779	RX	1493401174		0x000006ac	8	0x30 00 0a ff ff ff ff ff 	Default Parser	
1	0	780	RX	1493401175		0x0000062c	8	0x21 f0 c2 2d 03 07 ff ff 	Default Parser	
1	0	781	RX	1493401189		0x000006ac	8	0xe0 40 ff ff ff ff ff ff 	Default Parser	
1	0	782	RX	1493401296		0x00000681	8	0xf0 20 0a 01 ff ff ff ff 	Default Parser	
1	0	783	RX	1493401335		0x00000601	8	0xf0 23 0a 01 ff ff ff ff 	Default Parser	
1	0	784	RX	1493401335		0x0000062c	8	0xf0 23 0a 01 ff ff ff ff 	Default Parser	
1	0	785	RX	1493401364		0x000006ac	8	0xf0 1e 0a 01 ff ff ff ff 	Default Parser	
1	0	786	RX	1493401796		0x00000681	8	0xf0 20 0a 01 ff ff ff ff 	Default Parser	
1	0	787	RX	1493401845		0x00000601	8	0xf0 23 0a 01 ff ff ff ff 	Default Parser	
1	0	788	RX	1493401845		0x0000062c	8	0xf0 23 0a 01 ff ff ff ff 	Default Parser	
1	0	789	RX	1493401865		0x000006ac	8	0xf0 1e 0a 01 ff ff ff ff 	Default Parser	
1	0	790	RX	1493402105		0x0000062c	8	0x10 18 50 20 0d 87 e0 ec 	Default Parser	
1	0	791	RX	1493402109		0x000006ac	8	0x30 00 0a ff ff ff ff ff 	Default Parser	
1	0	792	RX	1493402115		0x0000062c	8	0x21 04 a2 a4 9c ff 90 00 	Default Parser	
1	0	793	RX	1493402125		0x0000062c	8	0x22 c0 b8 07 e4 a2 33 b0 	Default Parser	
1	0	794	RX	1493402135		0x0000062c	8	0x23 80 00 58 08 ff ff ff 	Default Parser	
1	0	795	RX	1493402139		0x000006ac	8	0xe0 50 ff ff ff ff ff ff 	Default Parser	
1	0	796	RX	1493402145		0x0000062c	8	0x07 60 46 4d 00 00 00 00 	Default Parser	
1	0	797	RX	1493402154		0x000006ac	8	0xe0 60 ff ff ff ff ff ff 	Default Parser	
1	0	798	RX	1493402155		0x0000062c	8	0x10 0b 70 48 ed 00 00 21 	Default Parser	
1	0	799	RX	1493402170		0x000006ac	8	0x30 00 0a ff ff ff ff ff 	Default Parser	
1	0	800	RX	1493402170		0x0000062c	8	0x21 f0 c2 2d 03 07 ff ff 	Default Parser	
1	0	801	RX	1493402185		0x000006ac	8	0xe0 70 ff ff ff ff ff ff 	Default Parser	
1	0	802	RX	1493402296		0x00000681	8	0xf0 20 0a 01 ff ff ff ff 	Default Parser	
1	0	803	RX	1493402355		0x00000601	8	0xf0 23 0a 01 ff ff ff ff 	Default Parser	
1	0	804	RX	1493402355		0x0000062c	8	0xf0 23 0a 01 ff ff ff ff 	Default Parser	
1	0	805	RX	1493402365		0x000006ac	8	0xf0 1e 0a 01 ff ff ff ff 	Default Parser	
1	0	806	RX	1493402796		0x00000681	8	0xf0 20 0a 01 ff ff ff ff 	Default Parser	
1	0	807	RX	1493402865		0x00000601	8	0xf0 23 0a 01 ff ff ff ff 	Default Parser	
1	0	808	RX	1493402865		0x0000062c	8	0xf0 23 0a 01 ff ff ff ff 	Default Parser	
1	0	809	RX	1493402865		0x000006ac	8	0xf0 1e 0a 01 ff ff ff ff 	Default Parser	
1	0	810	RX	1493403105		0x0000062c	8	0x10 18 10 20 0d 87 e0 ec 	Default Parser	
1	0	811	RX	1493403110		0x000006ac	8	0x30 00 0a ff ff ff ff ff 	Default Parser	
1	0	812	RX	1493403115		0x0000062c	8	0x21 04 a2 a4 9c ff 90 00 	Default Parser	
1	0	813	RX	1493403125		0x0000062c	8	0x22 c0 b8 07 e4 a2 33 b0 	Default Parser	
1	0	814	RX	1493403135		0x0000062c	8	0x23 c0 00 58 08 ff ff ff 	Default Parser	
1	0	815	RX	1493403140		0x000006ac	8	0xe0 10 ff ff ff ff ff ff 	Default Parser	
1	0	816	RX	1493403145		0x0000062c	8	0x07 20 46 4d 00 00 00 00 	Default Parser	
1	0	817	RX	1493403155		0x000006ac	8	0xe0 20 ff ff ff ff ff ff 	Default Parser	
1	0	818	RX	1493403156		0x0000062c	8	0x10 0b 30 48 ed 00 00 21 	Default Parser	
1	0	819	RX	1493403170		0x000006ac	8	0x30 00 0a ff ff ff ff ff 	Default Parser	
1	0	820	RX	1493403175		0x0000062c	8	0x21 f0 c2 2d 03 07 ff ff 	Default Parser	
1	0	821	RX	1493403186		0x000006ac	8	0xe0 30 ff ff ff ff ff ff 	Default Parser	
1	0	822	RX	1493403296		0x00000681	8	0xf0 20 0a 01 ff ff ff ff 	Default Parser	
1	0	823	RX	1493403365		0x000006ac	8	0xf0 1e 0a 01 ff ff ff ff 	Default Parser	
1	0	824	RX	1493403375		0x00000601	8	0xf0 23 0a 01 ff ff ff ff 	Default Parser	
1	0	825	RX	1493403375		0x0000062c	8	0xf0 23 0a 01 ff ff ff ff 	Default Parser	
1	0	826	RX	1493403796		0x00000681	8	0xf0 20 0a 01 ff ff ff ff 	Default Parser	
1	0	827	RX	1493403866		0x000006ac	8	0xf0 1e 0a 01 ff ff ff ff 	Default Parser	
1	0	828	RX	1493403885		0x00000601	8	0xf0 23 0a 01 ff ff ff ff 	Default Parser	
1	0	829	RX	1493403885		0x0000062c	8	0xf0 23 0a 01 ff ff ff ff 	Default Parser	
1	0	830	RX	1493404105		0x0000062c	8	0x10 18 40 20 0d 87 e0 ec 	Default Parser	
1	0	831	RX	1493404110		0x000006ac	8	0x30 00 0a ff ff ff ff ff 	Default Parser	
1	0	832	RX	1493404115		0x0000062c	8	0x21 04 a2 a4 9c ff 90 00 	Default Parser	
1	0	833	RX	1493404125		0x0000062c	8	0x22 c0 b8 07 e4 a2 33 b1 	Default Parser	
1	0	834	RX	1493404135		0x0000062c	8	0x23 00 00 58 08 ff ff ff 	Default Parser	
1	0	835	RX	1493404140		0x000006ac	8	0xe0 40 ff ff ff ff ff ff 	Default Parser	
1	0	836	RX	1493404145		0x0000062c	8	0x07 50 46 4d 00 00 00 00 	Default Parser	
1	0	837	RX	1493404155		0x000006ac	8	0xe0 50 ff ff ff ff ff ff 	Default Parser	
1	0	838	RX	1493404156		0x0000062c	8	0x10 0b 60 48 ed 00 00 21 	Default Parser	
1	0	839	RX	1493404171		0x000006ac	8	0x30 00 0a ff ff ff ff ff 	Default Parser	
1	0	840	RX	1493404175		0x0000062c	8	0x21 f0 c2 2d 03 07 ff ff 	Default Parser	
1	0	841	RX	1493404186		0x000006ac	8	0xe0 60 ff ff ff ff ff ff 	Default Parser	
1	0	842	RX	1493404296		0x00000681	8	0xf0 20 0a 01 ff ff ff ff 	Default Parser	
1	0	843	RX	1493404366		0x000006ac	8	0xf0 1e 0a 01 ff ff ff ff 	Default Parser	
1	0	844	RX	1493404395		0x00000601	8	0xf0 23 0a 01 ff ff ff ff 	Default Parser	
1	0	845	RX	1493404395		0x0000062c	8	0xf0 23 0a 01 ff ff ff ff 	Default Parser	
1	0	846	RX	1493404716		0x00000681	8	0x04 20 40 0d a3 ff ff ff 	Default Parser	
1	0	847	RX	1493404716		0x00000601	8	0xe0 20 ff ff ff ff ff ff 	Default Parser	
1	0	848	RX	1493404796		0x00000681	8	0xf0 20 0a 01 ff ff ff ff 	Default Parser	
1	0	849	RX	1493404816		0x00000681	8	0x04 30 40 0d a3 ff ff ff 	Default Parser	
1	0	850	RX	1493404816		0x00000601	8	0xe0 30 ff ff ff ff ff ff 	Default Parser	
1	0	851	RX	1493404866		0x00000681	8	0x04 40 40 0d 23 ff ff ff 	Default Parser	
1	0	852	RX	1493404866		0x000006ac	8	0xf0 1e 0a 01 ff ff ff ff 	Default Parser	
1	0	853	RX	1493404866		0x00000601	8	0xe0 40 ff ff ff ff ff ff 	Default Parser	
1	0	854	RX	1493404905		0x00000601	8	0xf0 23 0a 01 ff ff ff ff 	Default Parser	
1	0	855	RX	1493404905		0x0000062c	8	0xf0 23 0a 01 ff ff ff ff 	Default Parser	
1	0	856	RX	1493405105		0x0000062c	8	0x10 18 70 20 0d 87 e0 ec 	Default Parser	
1	0	857	RX	1493405106		0x000006ac	8	0x30 00 0a ff ff ff ff ff 	Default Parser	
1	0	858	RX	1493405125		0x0000062c	8	0x21 04 a2 a4 9c ff 90 00 	Default Parser	
1	0	859	RX	1493405135		0x0000062c	8	0x22 c0 b8 07 e4 a2 33 b1 	Default Parser	
1	0	860	RX	1493405145		0x0000062c	8	0x23 40 00 58 08 ff ff ff 	Default Parser	
1	0	861	RX	1493405151		0x000006ac	8	0xe0 70 ff ff ff ff ff ff 	Default Parser	
1	0	862	RX	1493405155		0x0000062c	8	0x07 10 46 4d 00 00 00 00 	Default Parser	
1	0	863	RX	1493405166		0x000006ac	8	0xe0 10 ff ff ff ff ff ff 	Default Parser	
1	0	864	RX	1493405166		0x0000062c	8	0x10 0b 20 48 ed 00 00 21 	Default Parser	
1	0	865	RX	1493405181		0x000006ac	8	0x30 00 0a ff ff ff ff ff 	Default Parser	
1	0	866	RX	1493405185		0x0000062c	8	0x21 f0 c2 2d 03 07 ff ff 	Default Parser	
1	0	867	RX	1493405196		0x000006ac	8	0xe0 20 ff ff ff ff ff ff 	Default Parser	
1	0	868	RX	1493405296		0x00000681	8	0xf0 20 0a 01 ff ff ff ff 	Default Parser	
1	0	869	RX	1493405366		0x000006ac	8	0xf0 1e 0a 01 ff ff ff ff 	Default Parser	
1	0	870	RX	1493405415		0x00000601	8	0xf0 23 0a 01 ff ff ff ff 	Default Parser	
1	0	871	RX	1493405415		0x0000062c	8	0xf0 23 0a 01 ff ff ff ff 	Default Parser	
1	0	872	RX	1493405796		0x00000681	8	0xf0 20 0a 01 ff ff ff ff 	Default Parser	
1	0	873	RX	1493405867		0x000006ac	8	0xf0 1e 0a 01 ff ff ff ff 	Default Parser	
1	0	874	RX	1493405925		0x00000601	8	0xf0 23 0a 01 ff ff ff ff 	Default Parser	
1	0	875	RX	1493405925		0x0000062c	8	0xf0 23 0a 01 ff ff ff ff 	Default Parser	
1	0	876	RX	1493406105		0x0000062c	8	0x10 18 30 20 0d 87 e0 ec 	Default Parser	
1	0	877	RX	1493406107		0x000006ac	8	0x30 00 0a ff ff ff ff ff 	Default Parser	
1	0	878	RX	1493406115		0x0000062c	8	0x21 04 a2 a4 9c ff 90 00 	Default Parser	
1	0	879	RX	1493406125		0x0000062c	8	0x22 c0 b8 07 e4 a2 33 b1 	Default Parser	
1	0	880	RX	1493406135		0x0000062c	8	0x23 80 00 58 08 ff ff ff 	Default Parser	
1	0	881	RX	1493406141		0x000006ac	8	0xe0 30 ff ff ff ff ff ff 	Default Parser	
1	0	882	RX	1493406145		0x0000062c	8	0x07 40 46 4d 00 00 00 00 	Default Parser	
1	0	883	RX	1493406157		0x000006ac	8	0xe0 40 ff ff ff ff ff ff 	Default Parser	
1	0	884	RX	1493406157		0x0000062c	8	0x10 0b 50 48 ed 00 00 21 	Default Parser	
1	0	885	RX	1493406171		0x000006ac	8	0x30 00 0a ff ff ff ff ff 	Default Parser	
1	0	886	RX	1493406175		0x0000062c	8	0x21 f0 c2 2d 03 07 ff ff 	Default Parser	
1	0	887	RX	1493406187		0x000006ac	8	0xe0 50 ff ff ff ff ff ff 	Default Parser	
1	0	888	RX	1493406296		0x00000681	8	0xf0 20 0a 01 ff ff ff ff 	Default Parser	
1	0	889	RX	1493406367		0x000006ac	8	0xf0 1e 0a 01 ff ff ff ff 	Default Parser	
1	0	890	RX	1493406435		0x00000601	8	0xf0 23 0a 01 ff ff ff ff 	Default Parser	
1	0	891	RX	1493406435		0x0000062c	8	0xf0 23 0a 01 ff ff ff ff 	Default Parser	
1	0	892	RX	1493406796		0x00000681	8	0xf0 20 0a 01 ff ff ff ff 	Default Parser	
1	0	893	RX	1493406867		0x000006ac	8	0xf0 1e 0a 01 ff ff ff ff 	Default Parser	
1	0	894	RX	1493406945		0x00000601	8	0xf0 23 0a 01 ff ff ff ff 	Default Parser	
1	0	895	RX	1493406945		0x0000062c	8	0xf0 23 0a 01 ff ff ff ff 	Default Parser	
1	0	896	RX	1493407106		0x0000062c	8	0x10 18 60 20 0d 87 e0 ec 	Default Parser	
1	0	897	RX	1493407107		0x000006ac	8	0x30 00 0a ff ff ff ff ff 	Default Parser	
1	0	898	RX	1493407125		0x0000062c	8	0x21 04 a2 a4 9c ff 90 00 	Default Parser	
1	0	899	RX	1493407135		0x0000062c	8	0x22 c0 b8 07 e4 a2 33 b1 	Default Parser	
1	0	900	RX	1493407145		0x0000062c	8	0x23 c0 00 58 08 ff ff ff 	Default Parser	
1	0	901	RX	1493407152		0x000006ac	8	0xe0 60 ff ff ff ff ff ff 	Default Parser	
1	0	902	RX	1493407155		0x0000062c	8	0x07 70 46 4d 00 00 00 00 	Default Parser	
1	0	903	RX	1493407167		0x000006ac	8	0xe0 70 ff ff ff ff ff ff 	Default Parser	
1	0	904	RX	1493407167		0x0000062c	8	0x10 0b 10 48 ed 00 00 21 	Default Parser	
1	0	905	RX	1493407181		0x000006ac	8	0x30 00 0a ff ff ff ff ff 	Default Parser	
1	0	906	RX	1493407185		0x0000062c	8	0x21 f0 c2 2d 03 07 ff ff 	Default Parser	
1	0	907	RX	1493407197		0x000006ac	8	0xe0 10 ff ff ff ff ff ff 	Default Parser	
1	0	908	RX	1493407296		0x00000681	8	0xf0 20 0a 01 ff ff ff ff 	Default Parser	
1	0	909	RX	1493407367		0x000006ac	8	0xf0 1e 0a 01 ff ff ff ff 	Default Parser	
1	0	910	RX	1493407455		0x00000601	8	0xf0 23 0a 01 ff ff ff ff 	Default Parser	
1	0	911	RX	1493407455		0x0000062c	8	0xf0 23 0a 01 ff ff ff ff 	Default Parser	
1	0	912	RX	1493407796		0x00000681	8	0xf0 20 0a 01 ff ff ff ff 	Default Parser	
1	0	913	RX	1493407867		0x000006ac	8	0xf0 1e 0a 01 ff ff ff ff 	Default Parser	
1	0	914	RX	1493407965		0x00000601	8	0xf0 23 0a 01 ff ff ff ff 	Default Parser	
1	0	915	RX	1493407965		0x0000062c	8	0xf0 23 0a 01 ff ff ff ff 	Default Parser	
